19-Oct-2023 12:55:16.006 INFO [main] org.apache.catalina.startup.VersionLoggerListener.log Server version name:   Apache Tomcat/9.0.80
19-Oct-2023 12:55:16.017 INFO [main] org.apache.catalina.startup.VersionLoggerListener.log Server built:          Aug 23 2023 21:59:38 UTC
19-Oct-2023 12:55:16.018 INFO [main] org.apache.catalina.startup.VersionLoggerListener.log Server version number: 9.0.80.0
19-Oct-2023 12:55:16.018 INFO [main] org.apache.catalina.startup.VersionLoggerListener.log OS Name:               Windows 10
19-Oct-2023 12:55:16.018 INFO [main] org.apache.catalina.startup.VersionLoggerListener.log OS Version:            10.0
19-Oct-2023 12:55:16.018 INFO [main] org.apache.catalina.startup.VersionLoggerListener.log Architecture:          amd64
19-Oct-2023 12:55:16.018 INFO [main] org.apache.catalina.startup.VersionLoggerListener.log Java Home:             C:\Program Files\Java\jdk-20
19-Oct-2023 12:55:16.019 INFO [main] org.apache.catalina.startup.VersionLoggerListener.log JVM Version:           20.0.1+9-29
19-Oct-2023 12:55:16.019 INFO [main] org.apache.catalina.startup.VersionLoggerListener.log JVM Vendor:            Oracle Corporation
19-Oct-2023 12:55:16.019 INFO [main] org.apache.catalina.startup.VersionLoggerListener.log CATALINA_BASE:         C:\Users\user\Documents\apache-tomcat-9.0.80
19-Oct-2023 12:55:16.019 INFO [main] org.apache.catalina.startup.VersionLoggerListener.log CATALINA_HOME:         C:\Users\user\Documents\apache-tomcat-9.0.80
19-Oct-2023 12:55:16.042 INFO [main] org.apache.catalina.startup.VersionLoggerListener.log Command line argument: --add-opens=java.base/java.lang=ALL-UNNAMED
19-Oct-2023 12:55:16.042 INFO [main] org.apache.catalina.startup.VersionLoggerListener.log Command line argument: --add-opens=java.base/java.io=ALL-UNNAMED
19-Oct-2023 12:55:16.042 INFO [main] org.apache.catalina.startup.VersionLoggerListener.log Command line argument: --add-opens=java.base/java.util=ALL-UNNAMED
19-Oct-2023 12:55:16.042 INFO [main] org.apache.catalina.startup.VersionLoggerListener.log Command line argument: --add-opens=java.base/java.util.concurrent=ALL-UNNAMED
19-Oct-2023 12:55:16.042 INFO [main] org.apache.catalina.startup.VersionLoggerListener.log Command line argument: --add-opens=java.rmi/sun.rmi.transport=ALL-UNNAMED
19-Oct-2023 12:55:16.042 INFO [main] org.apache.catalina.startup.VersionLoggerListener.log Command line argument: -Djava.util.logging.config.file=C:\Users\user\Documents\apache-tomcat-9.0.80\conf\logging.properties
19-Oct-2023 12:55:16.042 INFO [main] org.apache.catalina.startup.VersionLoggerListener.log Command line argument: -Djava.util.logging.manager=org.apache.juli.ClassLoaderLogManager
19-Oct-2023 12:55:16.042 INFO [main] org.apache.catalina.startup.VersionLoggerListener.log Command line argument: -Djdk.tls.ephemeralDHKeySize=2048
19-Oct-2023 12:55:16.042 INFO [main] org.apache.catalina.startup.VersionLoggerListener.log Command line argument: -Djava.protocol.handler.pkgs=org.apache.catalina.webresources
19-Oct-2023 12:55:16.042 INFO [main] org.apache.catalina.startup.VersionLoggerListener.log Command line argument: -Dignore.endorsed.dirs=
19-Oct-2023 12:55:16.042 INFO [main] org.apache.catalina.startup.VersionLoggerListener.log Command line argument: -Dcatalina.base=C:\Users\user\Documents\apache-tomcat-9.0.80
19-Oct-2023 12:55:16.042 INFO [main] org.apache.catalina.startup.VersionLoggerListener.log Command line argument: -Dcatalina.home=C:\Users\user\Documents\apache-tomcat-9.0.80
19-Oct-2023 12:55:16.042 INFO [main] org.apache.catalina.startup.VersionLoggerListener.log Command line argument: -Djava.io.tmpdir=C:\Users\user\Documents\apache-tomcat-9.0.80\temp
19-Oct-2023 12:55:16.050 INFO [main] org.apache.catalina.core.AprLifecycleListener.lifecycleEvent Loaded Apache Tomcat Native library [1.2.38] using APR version [1.7.4].
19-Oct-2023 12:55:16.050 INFO [main] org.apache.catalina.core.AprLifecycleListener.lifecycleEvent APR capabilities: IPv6 [true], sendfile [true], accept filters [false], random [true], UDS [true].
19-Oct-2023 12:55:16.050 INFO [main] org.apache.catalina.core.AprLifecycleListener.lifecycleEvent APR/OpenSSL configuration: useAprConnector [false], useOpenSSL [true]
19-Oct-2023 12:55:16.100 INFO [main] org.apache.catalina.core.AprLifecycleListener.initializeSSL OpenSSL successfully initialized [OpenSSL 1.1.1v  1 Aug 2023]
19-Oct-2023 12:55:16.791 INFO [main] org.apache.coyote.AbstractProtocol.init Initializing ProtocolHandler ["http-nio-8080"]
19-Oct-2023 12:55:16.840 INFO [main] org.apache.catalina.startup.Catalina.load Server initialization in [1283] milliseconds
19-Oct-2023 12:55:16.929 INFO [main] org.apache.catalina.core.StandardService.startInternal Starting service [Catalina]
19-Oct-2023 12:55:16.930 INFO [main] org.apache.catalina.core.StandardEngine.startInternal Starting Servlet engine: [Apache Tomcat/9.0.80]
19-Oct-2023 12:55:17.007 INFO [main] org.apache.catalina.startup.HostConfig.deployDescriptor Deploying deployment descriptor [C:\Users\user\Documents\apache-tomcat-9.0.80\conf\Catalina\localhost\smdecommerce.xml]
19-Oct-2023 12:55:17.042 WARNING [main] org.apache.catalina.startup.HostConfig.deployDescriptor The path attribute with value [/smdecommerce] in deployment descriptor [C:\Users\user\Documents\apache-tomcat-9.0.80\conf\Catalina\localhost\smdecommerce.xml] has been ignored
19-Oct-2023 12:55:18.524 INFO [main] org.apache.jasper.servlet.TldScanner.scanJars At least one JAR was scanned for TLDs yet contained no TLDs. Enable debug logging for this logger for a complete list of JARs that were scanned but no TLDs were found in them. Skipping unneeded JARs during scanning can improve startup time and JSP compilation time.
19-Oct-2023 12:55:18.679 WARNING [main] org.apache.catalina.util.SessionIdGeneratorBase.createSecureRandom Creation of SecureRandom instance for session ID generation using [SHA1PRNG] took [103] milliseconds.
19-Oct-2023 12:55:18.730 INFO [main] org.apache.catalina.startup.HostConfig.deployDescriptor Deployment of deployment descriptor [C:\Users\user\Documents\apache-tomcat-9.0.80\conf\Catalina\localhost\smdecommerce.xml] has finished in [1.723] ms
19-Oct-2023 12:55:18.731 INFO [main] org.apache.catalina.startup.HostConfig.deployDirectory Diretório de instalação da aplicação web [C:\Users\user\Documents\apache-tomcat-9.0.80\webapps\docs]
19-Oct-2023 12:55:18.855 INFO [main] org.apache.catalina.startup.HostConfig.deployDirectory Deployment of web application directory [C:\Users\user\Documents\apache-tomcat-9.0.80\webapps\docs] has finished in [123] ms
19-Oct-2023 12:55:18.855 INFO [main] org.apache.catalina.startup.HostConfig.deployDirectory Diretório de instalação da aplicação web [C:\Users\user\Documents\apache-tomcat-9.0.80\webapps\examples]
19-Oct-2023 12:55:20.120 INFO [main] org.apache.catalina.startup.HostConfig.deployDirectory Deployment of web application directory [C:\Users\user\Documents\apache-tomcat-9.0.80\webapps\examples] has finished in [1.264] ms
19-Oct-2023 12:55:20.121 INFO [main] org.apache.catalina.startup.HostConfig.deployDirectory Diretório de instalação da aplicação web [C:\Users\user\Documents\apache-tomcat-9.0.80\webapps\host-manager]
19-Oct-2023 12:55:20.303 INFO [main] org.apache.catalina.startup.HostConfig.deployDirectory Deployment of web application directory [C:\Users\user\Documents\apache-tomcat-9.0.80\webapps\host-manager] has finished in [182] ms
19-Oct-2023 12:55:20.303 INFO [main] org.apache.catalina.startup.HostConfig.deployDirectory Diretório de instalação da aplicação web [C:\Users\user\Documents\apache-tomcat-9.0.80\webapps\manager]
19-Oct-2023 12:55:20.482 INFO [main] org.apache.catalina.startup.HostConfig.deployDirectory Deployment of web application directory [C:\Users\user\Documents\apache-tomcat-9.0.80\webapps\manager] has finished in [179] ms
19-Oct-2023 12:55:20.482 INFO [main] org.apache.catalina.startup.HostConfig.deployDirectory Diretório de instalação da aplicação web [C:\Users\user\Documents\apache-tomcat-9.0.80\webapps\ROOT]
19-Oct-2023 12:55:20.559 INFO [main] org.apache.catalina.startup.HostConfig.deployDirectory Deployment of web application directory [C:\Users\user\Documents\apache-tomcat-9.0.80\webapps\ROOT] has finished in [77] ms
19-Oct-2023 12:55:20.590 INFO [main] org.apache.coyote.AbstractProtocol.start Starting ProtocolHandler ["http-nio-8080"]
19-Oct-2023 12:55:20.939 INFO [main] org.apache.catalina.startup.Catalina.start Server startup in [4094] milliseconds
19-Oct-2023 12:55:24.987 INFO [http-nio-8080-exec-10] org.apache.catalina.startup.HostConfig.undeploy Undeploying context [/smdecommerce]
19-Oct-2023 12:55:25.130 INFO [http-nio-8080-exec-9] org.apache.catalina.startup.HostConfig.deployDescriptor Deploying deployment descriptor [C:\Users\user\Documents\apache-tomcat-9.0.80\conf\Catalina\localhost\smdecommerce.xml]
19-Oct-2023 12:55:25.130 WARNING [http-nio-8080-exec-9] org.apache.catalina.startup.HostConfig.deployDescriptor The path attribute with value [/smdecommerce] in deployment descriptor [C:\Users\user\Documents\apache-tomcat-9.0.80\conf\Catalina\localhost\smdecommerce.xml] has been ignored
19-Oct-2023 12:55:25.822 INFO [http-nio-8080-exec-9] org.apache.jasper.servlet.TldScanner.scanJars At least one JAR was scanned for TLDs yet contained no TLDs. Enable debug logging for this logger for a complete list of JARs that were scanned but no TLDs were found in them. Skipping unneeded JARs during scanning can improve startup time and JSP compilation time.
19-Oct-2023 12:55:25.832 INFO [http-nio-8080-exec-9] org.apache.catalina.startup.HostConfig.deployDescriptor Deployment of deployment descriptor [C:\Users\user\Documents\apache-tomcat-9.0.80\conf\Catalina\localhost\smdecommerce.xml] has finished in [702] ms
19-Oct-2023 12:55:25.838 INFO [http-nio-8080-exec-1] org.apache.catalina.util.LifecycleBase.start The start() method was called on component [StandardEngine[Catalina].StandardHost[localhost].StandardContext[/smdecommerce]] after start() had already been called. The second call will be ignored.
19-Oct-2023 12:58:16.952 INFO [http-nio-8080-exec-20] org.apache.catalina.startup.HostConfig.undeploy Undeploying context [/smdecommerce]
19-Oct-2023 12:58:16.982 INFO [http-nio-8080-exec-11] org.apache.catalina.startup.HostConfig.deployDescriptor Deploying deployment descriptor [C:\Users\user\Documents\apache-tomcat-9.0.80\conf\Catalina\localhost\smdecommerce.xml]
19-Oct-2023 12:58:16.983 WARNING [http-nio-8080-exec-11] org.apache.catalina.startup.HostConfig.deployDescriptor The path attribute with value [/smdecommerce] in deployment descriptor [C:\Users\user\Documents\apache-tomcat-9.0.80\conf\Catalina\localhost\smdecommerce.xml] has been ignored
19-Oct-2023 12:58:17.698 INFO [http-nio-8080-exec-11] org.apache.jasper.servlet.TldScanner.scanJars At least one JAR was scanned for TLDs yet contained no TLDs. Enable debug logging for this logger for a complete list of JARs that were scanned but no TLDs were found in them. Skipping unneeded JARs during scanning can improve startup time and JSP compilation time.
19-Oct-2023 12:58:17.727 INFO [http-nio-8080-exec-11] org.apache.catalina.startup.HostConfig.deployDescriptor Deployment of deployment descriptor [C:\Users\user\Documents\apache-tomcat-9.0.80\conf\Catalina\localhost\smdecommerce.xml] has finished in [744] ms
19-Oct-2023 12:58:17.733 INFO [http-nio-8080-exec-15] org.apache.catalina.util.LifecycleBase.start The start() method was called on component [StandardEngine[Catalina].StandardHost[localhost].StandardContext[/smdecommerce]] after start() had already been called. The second call will be ignored.
19-Oct-2023 12:59:53.463 INFO [http-nio-8080-exec-25] org.apache.catalina.startup.HostConfig.undeploy Undeploying context [/smdecommerce]
19-Oct-2023 12:59:53.508 INFO [http-nio-8080-exec-28] org.apache.catalina.startup.HostConfig.deployDescriptor Deploying deployment descriptor [C:\Users\user\Documents\apache-tomcat-9.0.80\conf\Catalina\localhost\smdecommerce.xml]
19-Oct-2023 12:59:53.512 WARNING [http-nio-8080-exec-28] org.apache.catalina.startup.HostConfig.deployDescriptor The path attribute with value [/smdecommerce] in deployment descriptor [C:\Users\user\Documents\apache-tomcat-9.0.80\conf\Catalina\localhost\smdecommerce.xml] has been ignored
19-Oct-2023 12:59:54.027 INFO [http-nio-8080-exec-28] org.apache.jasper.servlet.TldScanner.scanJars At least one JAR was scanned for TLDs yet contained no TLDs. Enable debug logging for this logger for a complete list of JARs that were scanned but no TLDs were found in them. Skipping unneeded JARs during scanning can improve startup time and JSP compilation time.
19-Oct-2023 12:59:54.034 INFO [http-nio-8080-exec-28] org.apache.catalina.startup.HostConfig.deployDescriptor Deployment of deployment descriptor [C:\Users\user\Documents\apache-tomcat-9.0.80\conf\Catalina\localhost\smdecommerce.xml] has finished in [525] ms
19-Oct-2023 12:59:54.039 INFO [http-nio-8080-exec-27] org.apache.catalina.util.LifecycleBase.start The start() method was called on component [StandardEngine[Catalina].StandardHost[localhost].StandardContext[/smdecommerce]] after start() had already been called. The second call will be ignored.
19-Oct-2023 13:02:19.415 INFO [http-nio-8080-exec-39] org.apache.catalina.startup.HostConfig.undeploy Undeploying context [/smdecommerce]
19-Oct-2023 13:02:19.476 INFO [http-nio-8080-exec-35] org.apache.catalina.startup.HostConfig.deployDescriptor Deploying deployment descriptor [C:\Users\user\Documents\apache-tomcat-9.0.80\conf\Catalina\localhost\smdecommerce.xml]
19-Oct-2023 13:02:19.478 WARNING [http-nio-8080-exec-35] org.apache.catalina.startup.HostConfig.deployDescriptor The path attribute with value [/smdecommerce] in deployment descriptor [C:\Users\user\Documents\apache-tomcat-9.0.80\conf\Catalina\localhost\smdecommerce.xml] has been ignored
19-Oct-2023 13:02:20.005 INFO [http-nio-8080-exec-35] org.apache.jasper.servlet.TldScanner.scanJars At least one JAR was scanned for TLDs yet contained no TLDs. Enable debug logging for this logger for a complete list of JARs that were scanned but no TLDs were found in them. Skipping unneeded JARs during scanning can improve startup time and JSP compilation time.
19-Oct-2023 13:02:20.014 INFO [http-nio-8080-exec-35] org.apache.catalina.startup.HostConfig.deployDescriptor Deployment of deployment descriptor [C:\Users\user\Documents\apache-tomcat-9.0.80\conf\Catalina\localhost\smdecommerce.xml] has finished in [537] ms
19-Oct-2023 13:02:20.019 INFO [http-nio-8080-exec-38] org.apache.catalina.util.LifecycleBase.start The start() method was called on component [StandardEngine[Catalina].StandardHost[localhost].StandardContext[/smdecommerce]] after start() had already been called. The second call will be ignored.
19-Oct-2023 13:02:53.796 INFO [http-nio-8080-exec-46] org.apache.catalina.startup.HostConfig.undeploy Undeploying context [/smdecommerce]
19-Oct-2023 13:02:53.823 INFO [http-nio-8080-exec-38] org.apache.catalina.startup.HostConfig.deployDescriptor Deploying deployment descriptor [C:\Users\user\Documents\apache-tomcat-9.0.80\conf\Catalina\localhost\smdecommerce.xml]
19-Oct-2023 13:02:53.825 WARNING [http-nio-8080-exec-38] org.apache.catalina.startup.HostConfig.deployDescriptor The path attribute with value [/smdecommerce] in deployment descriptor [C:\Users\user\Documents\apache-tomcat-9.0.80\conf\Catalina\localhost\smdecommerce.xml] has been ignored
19-Oct-2023 13:02:54.370 INFO [http-nio-8080-exec-38] org.apache.jasper.servlet.TldScanner.scanJars At least one JAR was scanned for TLDs yet contained no TLDs. Enable debug logging for this logger for a complete list of JARs that were scanned but no TLDs were found in them. Skipping unneeded JARs during scanning can improve startup time and JSP compilation time.
19-Oct-2023 13:02:54.377 INFO [http-nio-8080-exec-38] org.apache.catalina.startup.HostConfig.deployDescriptor Deployment of deployment descriptor [C:\Users\user\Documents\apache-tomcat-9.0.80\conf\Catalina\localhost\smdecommerce.xml] has finished in [554] ms
19-Oct-2023 13:02:54.382 INFO [http-nio-8080-exec-44] org.apache.catalina.util.LifecycleBase.start The start() method was called on component [StandardEngine[Catalina].StandardHost[localhost].StandardContext[/smdecommerce]] after start() had already been called. The second call will be ignored.
19-Oct-2023 13:04:03.375 INFO [http-nio-8080-exec-50] org.apache.catalina.startup.HostConfig.undeploy Undeploying context [/smdecommerce]
19-Oct-2023 13:04:03.441 INFO [http-nio-8080-exec-47] org.apache.catalina.startup.HostConfig.deployDescriptor Deploying deployment descriptor [C:\Users\user\Documents\apache-tomcat-9.0.80\conf\Catalina\localhost\smdecommerce.xml]
19-Oct-2023 13:04:03.443 WARNING [http-nio-8080-exec-47] org.apache.catalina.startup.HostConfig.deployDescriptor The path attribute with value [/smdecommerce] in deployment descriptor [C:\Users\user\Documents\apache-tomcat-9.0.80\conf\Catalina\localhost\smdecommerce.xml] has been ignored
19-Oct-2023 13:04:03.879 INFO [http-nio-8080-exec-47] org.apache.jasper.servlet.TldScanner.scanJars At least one JAR was scanned for TLDs yet contained no TLDs. Enable debug logging for this logger for a complete list of JARs that were scanned but no TLDs were found in them. Skipping unneeded JARs during scanning can improve startup time and JSP compilation time.
19-Oct-2023 13:04:03.886 INFO [http-nio-8080-exec-47] org.apache.catalina.startup.HostConfig.deployDescriptor Deployment of deployment descriptor [C:\Users\user\Documents\apache-tomcat-9.0.80\conf\Catalina\localhost\smdecommerce.xml] has finished in [444] ms
19-Oct-2023 13:04:03.890 INFO [http-nio-8080-exec-55] org.apache.catalina.util.LifecycleBase.start The start() method was called on component [StandardEngine[Catalina].StandardHost[localhost].StandardContext[/smdecommerce]] after start() had already been called. The second call will be ignored.
19-Oct-2023 13:04:52.441 INFO [http-nio-8080-exec-60] org.apache.catalina.startup.HostConfig.undeploy Undeploying context [/smdecommerce]
19-Oct-2023 13:04:52.985 INFO [Catalina-utility-2] org.apache.catalina.startup.HostConfig.undeploy Undeploying context [/smdecommerce]
19-Oct-2023 13:05:02.639 INFO [http-nio-8080-exec-59] org.apache.catalina.startup.HostConfig.deployDescriptor Deploying deployment descriptor [C:\Users\user\Documents\apache-tomcat-9.0.80\conf\Catalina\localhost\smdecommerce.xml]
19-Oct-2023 13:05:02.641 WARNING [http-nio-8080-exec-59] org.apache.catalina.startup.HostConfig.deployDescriptor The path attribute with value [/smdecommerce] in deployment descriptor [C:\Users\user\Documents\apache-tomcat-9.0.80\conf\Catalina\localhost\smdecommerce.xml] has been ignored
19-Oct-2023 13:05:03.121 INFO [http-nio-8080-exec-59] org.apache.jasper.servlet.TldScanner.scanJars At least one JAR was scanned for TLDs yet contained no TLDs. Enable debug logging for this logger for a complete list of JARs that were scanned but no TLDs were found in them. Skipping unneeded JARs during scanning can improve startup time and JSP compilation time.
19-Oct-2023 13:05:03.127 INFO [http-nio-8080-exec-59] org.apache.catalina.startup.HostConfig.deployDescriptor Deployment of deployment descriptor [C:\Users\user\Documents\apache-tomcat-9.0.80\conf\Catalina\localhost\smdecommerce.xml] has finished in [488] ms
19-Oct-2023 13:05:03.128 INFO [http-nio-8080-exec-63] org.apache.catalina.util.LifecycleBase.start The start() method was called on component [StandardEngine[Catalina].StandardHost[localhost].StandardContext[/smdecommerce]] after start() had already been called. The second call will be ignored.
19-Oct-2023 13:06:07.448 INFO [main] org.apache.catalina.core.StandardServer.await A valid shutdown command was received via the shutdown port. Stopping the Server instance.
19-Oct-2023 13:06:07.449 INFO [main] org.apache.coyote.AbstractProtocol.pause Pausing ProtocolHandler ["http-nio-8080"]
19-Oct-2023 13:06:07.468 INFO [main] org.apache.catalina.core.StandardService.stopInternal Stopping service [Catalina]
19-Oct-2023 13:06:07.551 INFO [main] org.apache.coyote.AbstractProtocol.stop Stopping ProtocolHandler ["http-nio-8080"]
19-Oct-2023 13:06:07.608 INFO [main] org.apache.coyote.AbstractProtocol.destroy Destroying ProtocolHandler ["http-nio-8080"]
19-Oct-2023 13:07:07.066 INFO [main] org.apache.catalina.startup.VersionLoggerListener.log Server version name:   Apache Tomcat/9.0.80
19-Oct-2023 13:07:07.087 INFO [main] org.apache.catalina.startup.VersionLoggerListener.log Server built:          Aug 23 2023 21:59:38 UTC
19-Oct-2023 13:07:07.088 INFO [main] org.apache.catalina.startup.VersionLoggerListener.log Server version number: 9.0.80.0
19-Oct-2023 13:07:07.088 INFO [main] org.apache.catalina.startup.VersionLoggerListener.log OS Name:               Windows 10
19-Oct-2023 13:07:07.088 INFO [main] org.apache.catalina.startup.VersionLoggerListener.log OS Version:            10.0
19-Oct-2023 13:07:07.088 INFO [main] org.apache.catalina.startup.VersionLoggerListener.log Architecture:          amd64
19-Oct-2023 13:07:07.096 INFO [main] org.apache.catalina.startup.VersionLoggerListener.log Java Home:             C:\Program Files\Java\jdk-20
19-Oct-2023 13:07:07.097 INFO [main] org.apache.catalina.startup.VersionLoggerListener.log JVM Version:           20.0.1+9-29
19-Oct-2023 13:07:07.097 INFO [main] org.apache.catalina.startup.VersionLoggerListener.log JVM Vendor:            Oracle Corporation
19-Oct-2023 13:07:07.097 INFO [main] org.apache.catalina.startup.VersionLoggerListener.log CATALINA_BASE:         C:\Users\user\Documents\apache-tomcat-9.0.80
19-Oct-2023 13:07:07.098 INFO [main] org.apache.catalina.startup.VersionLoggerListener.log CATALINA_HOME:         C:\Users\user\Documents\apache-tomcat-9.0.80
19-Oct-2023 13:07:07.139 INFO [main] org.apache.catalina.startup.VersionLoggerListener.log Command line argument: --add-opens=java.base/java.lang=ALL-UNNAMED
19-Oct-2023 13:07:07.140 INFO [main] org.apache.catalina.startup.VersionLoggerListener.log Command line argument: --add-opens=java.base/java.io=ALL-UNNAMED
19-Oct-2023 13:07:07.140 INFO [main] org.apache.catalina.startup.VersionLoggerListener.log Command line argument: --add-opens=java.base/java.util=ALL-UNNAMED
19-Oct-2023 13:07:07.140 INFO [main] org.apache.catalina.startup.VersionLoggerListener.log Command line argument: --add-opens=java.base/java.util.concurrent=ALL-UNNAMED
19-Oct-2023 13:07:07.141 INFO [main] org.apache.catalina.startup.VersionLoggerListener.log Command line argument: --add-opens=java.rmi/sun.rmi.transport=ALL-UNNAMED
19-Oct-2023 13:07:07.141 INFO [main] org.apache.catalina.startup.VersionLoggerListener.log Command line argument: -Djava.util.logging.config.file=C:\Users\user\Documents\apache-tomcat-9.0.80\conf\logging.properties
19-Oct-2023 13:07:07.141 INFO [main] org.apache.catalina.startup.VersionLoggerListener.log Command line argument: -Djava.util.logging.manager=org.apache.juli.ClassLoaderLogManager
19-Oct-2023 13:07:07.142 INFO [main] org.apache.catalina.startup.VersionLoggerListener.log Command line argument: -Djdk.tls.ephemeralDHKeySize=2048
19-Oct-2023 13:07:07.144 INFO [main] org.apache.catalina.startup.VersionLoggerListener.log Command line argument: -Djava.protocol.handler.pkgs=org.apache.catalina.webresources
19-Oct-2023 13:07:07.144 INFO [main] org.apache.catalina.startup.VersionLoggerListener.log Command line argument: -Dignore.endorsed.dirs=
19-Oct-2023 13:07:07.145 INFO [main] org.apache.catalina.startup.VersionLoggerListener.log Command line argument: -Dcatalina.base=C:\Users\user\Documents\apache-tomcat-9.0.80
19-Oct-2023 13:07:07.145 INFO [main] org.apache.catalina.startup.VersionLoggerListener.log Command line argument: -Dcatalina.home=C:\Users\user\Documents\apache-tomcat-9.0.80
19-Oct-2023 13:07:07.145 INFO [main] org.apache.catalina.startup.VersionLoggerListener.log Command line argument: -Djava.io.tmpdir=C:\Users\user\Documents\apache-tomcat-9.0.80\temp
19-Oct-2023 13:07:07.157 INFO [main] org.apache.catalina.core.AprLifecycleListener.lifecycleEvent Loaded Apache Tomcat Native library [1.2.38] using APR version [1.7.4].
19-Oct-2023 13:07:07.157 INFO [main] org.apache.catalina.core.AprLifecycleListener.lifecycleEvent APR capabilities: IPv6 [true], sendfile [true], accept filters [false], random [true], UDS [true].
19-Oct-2023 13:07:07.157 INFO [main] org.apache.catalina.core.AprLifecycleListener.lifecycleEvent APR/OpenSSL configuration: useAprConnector [false], useOpenSSL [true]
19-Oct-2023 13:07:07.183 INFO [main] org.apache.catalina.core.AprLifecycleListener.initializeSSL OpenSSL successfully initialized [OpenSSL 1.1.1v  1 Aug 2023]
19-Oct-2023 13:07:08.604 INFO [main] org.apache.coyote.AbstractProtocol.init Initializing ProtocolHandler ["http-nio-8080"]
19-Oct-2023 13:07:08.691 INFO [main] org.apache.catalina.startup.Catalina.load Server initialization in [2367] milliseconds
19-Oct-2023 13:07:08.813 INFO [main] org.apache.catalina.core.StandardService.startInternal Starting service [Catalina]
19-Oct-2023 13:07:08.814 INFO [main] org.apache.catalina.core.StandardEngine.startInternal Starting Servlet engine: [Apache Tomcat/9.0.80]
19-Oct-2023 13:07:08.837 INFO [main] org.apache.catalina.startup.HostConfig.deployDescriptor Deploying deployment descriptor [C:\Users\user\Documents\apache-tomcat-9.0.80\conf\Catalina\localhost\smdecommerce.xml]
19-Oct-2023 13:07:08.889 WARNING [main] org.apache.catalina.startup.HostConfig.deployDescriptor The path attribute with value [/smdecommerce] in deployment descriptor [C:\Users\user\Documents\apache-tomcat-9.0.80\conf\Catalina\localhost\smdecommerce.xml] has been ignored
19-Oct-2023 13:07:11.331 INFO [main] org.apache.jasper.servlet.TldScanner.scanJars At least one JAR was scanned for TLDs yet contained no TLDs. Enable debug logging for this logger for a complete list of JARs that were scanned but no TLDs were found in them. Skipping unneeded JARs during scanning can improve startup time and JSP compilation time.
19-Oct-2023 13:07:11.549 INFO [main] org.apache.catalina.startup.HostConfig.deployDescriptor Deployment of deployment descriptor [C:\Users\user\Documents\apache-tomcat-9.0.80\conf\Catalina\localhost\smdecommerce.xml] has finished in [2.707] ms
19-Oct-2023 13:07:11.549 INFO [main] org.apache.catalina.startup.HostConfig.deployDirectory Diretório de instalação da aplicação web [C:\Users\user\Documents\apache-tomcat-9.0.80\webapps\docs]
19-Oct-2023 13:07:11.669 INFO [main] org.apache.catalina.startup.HostConfig.deployDirectory Deployment of web application directory [C:\Users\user\Documents\apache-tomcat-9.0.80\webapps\docs] has finished in [120] ms
19-Oct-2023 13:07:11.672 INFO [main] org.apache.catalina.startup.HostConfig.deployDirectory Diretório de instalação da aplicação web [C:\Users\user\Documents\apache-tomcat-9.0.80\webapps\examples]
19-Oct-2023 13:07:12.838 INFO [main] org.apache.catalina.startup.HostConfig.deployDirectory Deployment of web application directory [C:\Users\user\Documents\apache-tomcat-9.0.80\webapps\examples] has finished in [1.166] ms
19-Oct-2023 13:07:12.838 INFO [main] org.apache.catalina.startup.HostConfig.deployDirectory Diretório de instalação da aplicação web [C:\Users\user\Documents\apache-tomcat-9.0.80\webapps\host-manager]
19-Oct-2023 13:07:12.980 INFO [main] org.apache.catalina.startup.HostConfig.deployDirectory Deployment of web application directory [C:\Users\user\Documents\apache-tomcat-9.0.80\webapps\host-manager] has finished in [142] ms
19-Oct-2023 13:07:12.982 INFO [main] org.apache.catalina.startup.HostConfig.deployDirectory Diretório de instalação da aplicação web [C:\Users\user\Documents\apache-tomcat-9.0.80\webapps\manager]
19-Oct-2023 13:07:13.107 INFO [main] org.apache.catalina.startup.HostConfig.deployDirectory Deployment of web application directory [C:\Users\user\Documents\apache-tomcat-9.0.80\webapps\manager] has finished in [125] ms
19-Oct-2023 13:07:13.108 INFO [main] org.apache.catalina.startup.HostConfig.deployDirectory Diretório de instalação da aplicação web [C:\Users\user\Documents\apache-tomcat-9.0.80\webapps\ROOT]
19-Oct-2023 13:07:13.191 INFO [main] org.apache.catalina.startup.HostConfig.deployDirectory Deployment of web application directory [C:\Users\user\Documents\apache-tomcat-9.0.80\webapps\ROOT] has finished in [82] ms
19-Oct-2023 13:07:13.197 INFO [main] org.apache.coyote.AbstractProtocol.start Starting ProtocolHandler ["http-nio-8080"]
19-Oct-2023 13:07:13.286 INFO [main] org.apache.catalina.startup.Catalina.start Server startup in [4589] milliseconds
19-Oct-2023 13:07:15.788 INFO [http-nio-8080-exec-10] org.apache.catalina.startup.HostConfig.undeploy Undeploying context [/smdecommerce]
19-Oct-2023 13:07:15.886 INFO [http-nio-8080-exec-7] org.apache.catalina.startup.HostConfig.deployDescriptor Deploying deployment descriptor [C:\Users\user\Documents\apache-tomcat-9.0.80\conf\Catalina\localhost\smdecommerce.xml]
19-Oct-2023 13:07:15.888 WARNING [http-nio-8080-exec-7] org.apache.catalina.startup.HostConfig.deployDescriptor The path attribute with value [/smdecommerce] in deployment descriptor [C:\Users\user\Documents\apache-tomcat-9.0.80\conf\Catalina\localhost\smdecommerce.xml] has been ignored
19-Oct-2023 13:07:16.429 INFO [http-nio-8080-exec-7] org.apache.jasper.servlet.TldScanner.scanJars At least one JAR was scanned for TLDs yet contained no TLDs. Enable debug logging for this logger for a complete list of JARs that were scanned but no TLDs were found in them. Skipping unneeded JARs during scanning can improve startup time and JSP compilation time.
19-Oct-2023 13:07:16.437 INFO [http-nio-8080-exec-7] org.apache.catalina.startup.HostConfig.deployDescriptor Deployment of deployment descriptor [C:\Users\user\Documents\apache-tomcat-9.0.80\conf\Catalina\localhost\smdecommerce.xml] has finished in [551] ms
19-Oct-2023 13:07:16.443 INFO [http-nio-8080-exec-1] org.apache.catalina.util.LifecycleBase.start The start() method was called on component [StandardEngine[Catalina].StandardHost[localhost].StandardContext[/smdecommerce]] after start() had already been called. The second call will be ignored.
19-Oct-2023 13:10:07.164 INFO [http-nio-8080-exec-15] org.apache.catalina.startup.HostConfig.undeploy Undeploying context [/smdecommerce]
19-Oct-2023 13:10:07.206 INFO [http-nio-8080-exec-13] org.apache.catalina.startup.HostConfig.deployDescriptor Deploying deployment descriptor [C:\Users\user\Documents\apache-tomcat-9.0.80\conf\Catalina\localhost\smdecommerce.xml]
19-Oct-2023 13:10:07.208 WARNING [http-nio-8080-exec-13] org.apache.catalina.startup.HostConfig.deployDescriptor The path attribute with value [/smdecommerce] in deployment descriptor [C:\Users\user\Documents\apache-tomcat-9.0.80\conf\Catalina\localhost\smdecommerce.xml] has been ignored
19-Oct-2023 13:10:07.899 INFO [http-nio-8080-exec-13] org.apache.jasper.servlet.TldScanner.scanJars At least one JAR was scanned for TLDs yet contained no TLDs. Enable debug logging for this logger for a complete list of JARs that were scanned but no TLDs were found in them. Skipping unneeded JARs during scanning can improve startup time and JSP compilation time.
19-Oct-2023 13:10:07.906 INFO [http-nio-8080-exec-13] org.apache.catalina.startup.HostConfig.deployDescriptor Deployment of deployment descriptor [C:\Users\user\Documents\apache-tomcat-9.0.80\conf\Catalina\localhost\smdecommerce.xml] has finished in [701] ms
19-Oct-2023 13:10:07.913 INFO [http-nio-8080-exec-20] org.apache.catalina.util.LifecycleBase.start The start() method was called on component [StandardEngine[Catalina].StandardHost[localhost].StandardContext[/smdecommerce]] after start() had already been called. The second call will be ignored.
19-Oct-2023 13:11:04.171 INFO [http-nio-8080-exec-20] org.apache.catalina.startup.HostConfig.undeploy Undeploying context [/smdecommerce]
19-Oct-2023 13:11:04.710 INFO [Catalina-utility-1] org.apache.catalina.startup.HostConfig.undeploy Undeploying context [/smdecommerce]
19-Oct-2023 13:11:23.507 INFO [http-nio-8080-exec-25] org.apache.catalina.startup.HostConfig.deployDescriptor Deploying deployment descriptor [C:\Users\user\Documents\apache-tomcat-9.0.80\conf\Catalina\localhost\smdecommerce.xml]
19-Oct-2023 13:11:23.516 WARNING [http-nio-8080-exec-25] org.apache.catalina.startup.HostConfig.deployDescriptor The path attribute with value [/smdecommerce] in deployment descriptor [C:\Users\user\Documents\apache-tomcat-9.0.80\conf\Catalina\localhost\smdecommerce.xml] has been ignored
19-Oct-2023 13:11:24.221 INFO [http-nio-8080-exec-25] org.apache.jasper.servlet.TldScanner.scanJars At least one JAR was scanned for TLDs yet contained no TLDs. Enable debug logging for this logger for a complete list of JARs that were scanned but no TLDs were found in them. Skipping unneeded JARs during scanning can improve startup time and JSP compilation time.
19-Oct-2023 13:11:24.236 INFO [http-nio-8080-exec-25] org.apache.catalina.startup.HostConfig.deployDescriptor Deployment of deployment descriptor [C:\Users\user\Documents\apache-tomcat-9.0.80\conf\Catalina\localhost\smdecommerce.xml] has finished in [729] ms
19-Oct-2023 13:11:24.242 INFO [http-nio-8080-exec-11] org.apache.catalina.util.LifecycleBase.start The start() method was called on component [StandardEngine[Catalina].StandardHost[localhost].StandardContext[/smdecommerce]] after start() had already been called. The second call will be ignored.
19-Oct-2023 13:12:10.001 INFO [http-nio-8080-exec-33] org.apache.catalina.startup.HostConfig.undeploy Undeploying context [/smdecommerce]
19-Oct-2023 13:12:10.066 INFO [http-nio-8080-exec-28] org.apache.catalina.startup.HostConfig.deployDescriptor Deploying deployment descriptor [C:\Users\user\Documents\apache-tomcat-9.0.80\conf\Catalina\localhost\smdecommerce.xml]
19-Oct-2023 13:12:10.068 WARNING [http-nio-8080-exec-28] org.apache.catalina.startup.HostConfig.deployDescriptor The path attribute with value [/smdecommerce] in deployment descriptor [C:\Users\user\Documents\apache-tomcat-9.0.80\conf\Catalina\localhost\smdecommerce.xml] has been ignored
19-Oct-2023 13:12:10.561 INFO [http-nio-8080-exec-28] org.apache.jasper.servlet.TldScanner.scanJars At least one JAR was scanned for TLDs yet contained no TLDs. Enable debug logging for this logger for a complete list of JARs that were scanned but no TLDs were found in them. Skipping unneeded JARs during scanning can improve startup time and JSP compilation time.
19-Oct-2023 13:12:10.567 INFO [http-nio-8080-exec-28] org.apache.catalina.startup.HostConfig.deployDescriptor Deployment of deployment descriptor [C:\Users\user\Documents\apache-tomcat-9.0.80\conf\Catalina\localhost\smdecommerce.xml] has finished in [501] ms
19-Oct-2023 13:12:10.611 INFO [http-nio-8080-exec-26] org.apache.catalina.util.LifecycleBase.start The start() method was called on component [StandardEngine[Catalina].StandardHost[localhost].StandardContext[/smdecommerce]] after start() had already been called. The second call will be ignored.
19-Oct-2023 13:13:22.752 INFO [http-nio-8080-exec-37] org.apache.catalina.startup.HostConfig.undeploy Undeploying context [/smdecommerce]
19-Oct-2023 13:13:22.817 INFO [http-nio-8080-exec-35] org.apache.catalina.startup.HostConfig.deployDescriptor Deploying deployment descriptor [C:\Users\user\Documents\apache-tomcat-9.0.80\conf\Catalina\localhost\smdecommerce.xml]
19-Oct-2023 13:13:22.821 WARNING [http-nio-8080-exec-35] org.apache.catalina.startup.HostConfig.deployDescriptor The path attribute with value [/smdecommerce] in deployment descriptor [C:\Users\user\Documents\apache-tomcat-9.0.80\conf\Catalina\localhost\smdecommerce.xml] has been ignored
19-Oct-2023 13:13:23.471 INFO [http-nio-8080-exec-35] org.apache.jasper.servlet.TldScanner.scanJars At least one JAR was scanned for TLDs yet contained no TLDs. Enable debug logging for this logger for a complete list of JARs that were scanned but no TLDs were found in them. Skipping unneeded JARs during scanning can improve startup time and JSP compilation time.
19-Oct-2023 13:13:23.492 INFO [http-nio-8080-exec-35] org.apache.catalina.startup.HostConfig.deployDescriptor Deployment of deployment descriptor [C:\Users\user\Documents\apache-tomcat-9.0.80\conf\Catalina\localhost\smdecommerce.xml] has finished in [674] ms
19-Oct-2023 13:13:23.494 INFO [http-nio-8080-exec-35] org.apache.catalina.util.LifecycleBase.start The start() method was called on component [StandardEngine[Catalina].StandardHost[localhost].StandardContext[/smdecommerce]] after start() had already been called. The second call will be ignored.
19-Oct-2023 13:17:12.172 INFO [http-nio-8080-exec-46] org.apache.catalina.core.StandardContext.reload Reloading Context with name [/smdecommerce] has started
19-Oct-2023 13:17:14.173 INFO [http-nio-8080-exec-46] org.apache.jasper.servlet.TldScanner.scanJars At least one JAR was scanned for TLDs yet contained no TLDs. Enable debug logging for this logger for a complete list of JARs that were scanned but no TLDs were found in them. Skipping unneeded JARs during scanning can improve startup time and JSP compilation time.
19-Oct-2023 13:17:14.183 INFO [http-nio-8080-exec-46] org.apache.catalina.core.StandardContext.reload Reloading Context with name [/smdecommerce] is completed
19-Oct-2023 13:17:14.490 INFO [http-nio-8080-exec-51] org.apache.catalina.core.StandardContext.reload Reloading Context with name [/smdecommerce] has started
19-Oct-2023 13:17:15.071 INFO [http-nio-8080-exec-51] org.apache.jasper.servlet.TldScanner.scanJars At least one JAR was scanned for TLDs yet contained no TLDs. Enable debug logging for this logger for a complete list of JARs that were scanned but no TLDs were found in them. Skipping unneeded JARs during scanning can improve startup time and JSP compilation time.
19-Oct-2023 13:17:15.079 INFO [http-nio-8080-exec-51] org.apache.catalina.core.StandardContext.reload Reloading Context with name [/smdecommerce] is completed
19-Oct-2023 13:18:18.065 INFO [http-nio-8080-exec-54] org.apache.catalina.startup.HostConfig.undeploy Undeploying context [/smdecommerce]
19-Oct-2023 13:18:18.118 INFO [http-nio-8080-exec-52] org.apache.catalina.startup.HostConfig.deployDescriptor Deploying deployment descriptor [C:\Users\user\Documents\apache-tomcat-9.0.80\conf\Catalina\localhost\smdecommerce.xml]
19-Oct-2023 13:18:18.118 WARNING [http-nio-8080-exec-52] org.apache.catalina.startup.HostConfig.deployDescriptor The path attribute with value [/smdecommerce] in deployment descriptor [C:\Users\user\Documents\apache-tomcat-9.0.80\conf\Catalina\localhost\smdecommerce.xml] has been ignored
19-Oct-2023 13:18:18.595 INFO [http-nio-8080-exec-52] org.apache.jasper.servlet.TldScanner.scanJars At least one JAR was scanned for TLDs yet contained no TLDs. Enable debug logging for this logger for a complete list of JARs that were scanned but no TLDs were found in them. Skipping unneeded JARs during scanning can improve startup time and JSP compilation time.
19-Oct-2023 13:18:18.603 INFO [http-nio-8080-exec-52] org.apache.catalina.startup.HostConfig.deployDescriptor Deployment of deployment descriptor [C:\Users\user\Documents\apache-tomcat-9.0.80\conf\Catalina\localhost\smdecommerce.xml] has finished in [484] ms
19-Oct-2023 13:18:18.607 INFO [http-nio-8080-exec-55] org.apache.catalina.util.LifecycleBase.start The start() method was called on component [StandardEngine[Catalina].StandardHost[localhost].StandardContext[/smdecommerce]] after start() had already been called. The second call will be ignored.
19-Oct-2023 13:25:01.234 WARNING [http-nio-8080-exec-62] org.apache.catalina.loader.WebappClassLoaderBase.clearReferencesJdbc The web application [smdecommerce] registered the JDBC driver [org.postgresql.Driver] but failed to unregister it when the web application was stopped. To prevent a memory leak, the JDBC Driver has been forcibly unregistered.
19-Oct-2023 13:25:01.743 INFO [http-nio-8080-exec-62] org.apache.catalina.startup.HostConfig.undeploy Undeploying context [/smdecommerce]
19-Oct-2023 13:25:01.812 INFO [http-nio-8080-exec-65] org.apache.catalina.startup.HostConfig.deployDescriptor Deploying deployment descriptor [C:\Users\user\Documents\apache-tomcat-9.0.80\conf\Catalina\localhost\smdecommerce.xml]
19-Oct-2023 13:25:01.813 WARNING [http-nio-8080-exec-65] org.apache.catalina.startup.HostConfig.deployDescriptor The path attribute with value [/smdecommerce] in deployment descriptor [C:\Users\user\Documents\apache-tomcat-9.0.80\conf\Catalina\localhost\smdecommerce.xml] has been ignored
19-Oct-2023 13:25:02.444 INFO [http-nio-8080-exec-65] org.apache.jasper.servlet.TldScanner.scanJars At least one JAR was scanned for TLDs yet contained no TLDs. Enable debug logging for this logger for a complete list of JARs that were scanned but no TLDs were found in them. Skipping unneeded JARs during scanning can improve startup time and JSP compilation time.
19-Oct-2023 13:25:02.450 INFO [http-nio-8080-exec-65] org.apache.catalina.startup.HostConfig.deployDescriptor Deployment of deployment descriptor [C:\Users\user\Documents\apache-tomcat-9.0.80\conf\Catalina\localhost\smdecommerce.xml] has finished in [638] ms
19-Oct-2023 13:25:02.453 INFO [http-nio-8080-exec-58] org.apache.catalina.util.LifecycleBase.start The start() method was called on component [StandardEngine[Catalina].StandardHost[localhost].StandardContext[/smdecommerce]] after start() had already been called. The second call will be ignored.
19-Oct-2023 13:25:39.862 INFO [http-nio-8080-exec-65] org.apache.catalina.core.StandardContext.reload Reloading Context with name [/smdecommerce] has started
19-Oct-2023 13:25:42.942 INFO [http-nio-8080-exec-65] org.apache.jasper.servlet.TldScanner.scanJars At least one JAR was scanned for TLDs yet contained no TLDs. Enable debug logging for this logger for a complete list of JARs that were scanned but no TLDs were found in them. Skipping unneeded JARs during scanning can improve startup time and JSP compilation time.
19-Oct-2023 13:25:42.948 INFO [http-nio-8080-exec-65] org.apache.catalina.core.StandardContext.reload Reloading Context with name [/smdecommerce] is completed
19-Oct-2023 13:25:43.479 INFO [http-nio-8080-exec-74] org.apache.catalina.startup.HostConfig.undeploy Undeploying context [/smdecommerce]
19-Oct-2023 13:25:43.512 INFO [http-nio-8080-exec-65] org.apache.catalina.startup.HostConfig.deployDescriptor Deploying deployment descriptor [C:\Users\user\Documents\apache-tomcat-9.0.80\conf\Catalina\localhost\smdecommerce.xml]
19-Oct-2023 13:25:43.513 WARNING [http-nio-8080-exec-65] org.apache.catalina.startup.HostConfig.deployDescriptor The path attribute with value [/smdecommerce] in deployment descriptor [C:\Users\user\Documents\apache-tomcat-9.0.80\conf\Catalina\localhost\smdecommerce.xml] has been ignored
19-Oct-2023 13:25:44.510 INFO [http-nio-8080-exec-65] org.apache.jasper.servlet.TldScanner.scanJars At least one JAR was scanned for TLDs yet contained no TLDs. Enable debug logging for this logger for a complete list of JARs that were scanned but no TLDs were found in them. Skipping unneeded JARs during scanning can improve startup time and JSP compilation time.
19-Oct-2023 13:25:44.521 INFO [http-nio-8080-exec-65] org.apache.catalina.startup.HostConfig.deployDescriptor Deployment of deployment descriptor [C:\Users\user\Documents\apache-tomcat-9.0.80\conf\Catalina\localhost\smdecommerce.xml] has finished in [1.009] ms
19-Oct-2023 13:25:44.593 INFO [http-nio-8080-exec-71] org.apache.catalina.util.LifecycleBase.start The start() method was called on component [StandardEngine[Catalina].StandardHost[localhost].StandardContext[/smdecommerce]] after start() had already been called. The second call will be ignored.
19-Oct-2023 13:26:09.583 INFO [http-nio-8080-exec-72] org.apache.catalina.startup.HostConfig.undeploy Undeploying context [/smdecommerce]
19-Oct-2023 13:26:09.636 INFO [http-nio-8080-exec-78] org.apache.catalina.startup.HostConfig.deployDescriptor Deploying deployment descriptor [C:\Users\user\Documents\apache-tomcat-9.0.80\conf\Catalina\localhost\smdecommerce.xml]
19-Oct-2023 13:26:09.637 WARNING [http-nio-8080-exec-78] org.apache.catalina.startup.HostConfig.deployDescriptor The path attribute with value [/smdecommerce] in deployment descriptor [C:\Users\user\Documents\apache-tomcat-9.0.80\conf\Catalina\localhost\smdecommerce.xml] has been ignored
19-Oct-2023 13:26:19.828 INFO [http-nio-8080-exec-78] org.apache.jasper.servlet.TldScanner.scanJars At least one JAR was scanned for TLDs yet contained no TLDs. Enable debug logging for this logger for a complete list of JARs that were scanned but no TLDs were found in them. Skipping unneeded JARs during scanning can improve startup time and JSP compilation time.
19-Oct-2023 13:26:19.943 INFO [http-nio-8080-exec-78] org.apache.catalina.startup.HostConfig.deployDescriptor Deployment of deployment descriptor [C:\Users\user\Documents\apache-tomcat-9.0.80\conf\Catalina\localhost\smdecommerce.xml] has finished in [10.306] ms
19-Oct-2023 13:26:19.950 INFO [http-nio-8080-exec-76] org.apache.catalina.util.LifecycleBase.start The start() method was called on component [StandardEngine[Catalina].StandardHost[localhost].StandardContext[/smdecommerce]] after start() had already been called. The second call will be ignored.
19-Oct-2023 13:28:19.349 WARNING [http-nio-8080-exec-88] org.apache.catalina.loader.WebappClassLoaderBase.clearReferencesJdbc The web application [smdecommerce] registered the JDBC driver [org.postgresql.Driver] but failed to unregister it when the web application was stopped. To prevent a memory leak, the JDBC Driver has been forcibly unregistered.
19-Oct-2023 13:28:19.854 INFO [http-nio-8080-exec-88] org.apache.catalina.startup.HostConfig.undeploy Undeploying context [/smdecommerce]
19-Oct-2023 13:28:32.990 INFO [http-nio-8080-exec-86] org.apache.catalina.startup.HostConfig.deployDescriptor Deploying deployment descriptor [C:\Users\user\Documents\apache-tomcat-9.0.80\conf\Catalina\localhost\smdecommerce.xml]
19-Oct-2023 13:28:32.991 WARNING [http-nio-8080-exec-86] org.apache.catalina.startup.HostConfig.deployDescriptor The path attribute with value [/smdecommerce] in deployment descriptor [C:\Users\user\Documents\apache-tomcat-9.0.80\conf\Catalina\localhost\smdecommerce.xml] has been ignored
19-Oct-2023 13:28:36.008 INFO [http-nio-8080-exec-86] org.apache.jasper.servlet.TldScanner.scanJars At least one JAR was scanned for TLDs yet contained no TLDs. Enable debug logging for this logger for a complete list of JARs that were scanned but no TLDs were found in them. Skipping unneeded JARs during scanning can improve startup time and JSP compilation time.
19-Oct-2023 13:28:36.013 INFO [http-nio-8080-exec-86] org.apache.catalina.startup.HostConfig.deployDescriptor Deployment of deployment descriptor [C:\Users\user\Documents\apache-tomcat-9.0.80\conf\Catalina\localhost\smdecommerce.xml] has finished in [3.023] ms
19-Oct-2023 13:28:36.018 INFO [http-nio-8080-exec-83] org.apache.catalina.util.LifecycleBase.start The start() method was called on component [StandardEngine[Catalina].StandardHost[localhost].StandardContext[/smdecommerce]] after start() had already been called. The second call will be ignored.
19-Oct-2023 13:31:24.065 INFO [http-nio-8080-exec-95] org.apache.catalina.core.StandardContext.reload Reloading Context with name [/smdecommerce] has started
19-Oct-2023 13:31:24.095 WARNING [http-nio-8080-exec-95] org.apache.catalina.loader.WebappClassLoaderBase.clearReferencesJdbc The web application [smdecommerce] registered the JDBC driver [org.postgresql.Driver] but failed to unregister it when the web application was stopped. To prevent a memory leak, the JDBC Driver has been forcibly unregistered.
19-Oct-2023 13:31:28.891 INFO [http-nio-8080-exec-95] org.apache.jasper.servlet.TldScanner.scanJars At least one JAR was scanned for TLDs yet contained no TLDs. Enable debug logging for this logger for a complete list of JARs that were scanned but no TLDs were found in them. Skipping unneeded JARs during scanning can improve startup time and JSP compilation time.
19-Oct-2023 13:31:28.897 INFO [http-nio-8080-exec-95] org.apache.catalina.core.StandardContext.reload Reloading Context with name [/smdecommerce] is completed
19-Oct-2023 13:31:35.802 INFO [http-nio-8080-exec-100] org.apache.catalina.startup.HostConfig.undeploy Undeploying context [/smdecommerce]
19-Oct-2023 13:31:35.888 INFO [http-nio-8080-exec-93] org.apache.catalina.startup.HostConfig.deployDescriptor Deploying deployment descriptor [C:\Users\user\Documents\apache-tomcat-9.0.80\conf\Catalina\localhost\smdecommerce.xml]
19-Oct-2023 13:31:35.889 WARNING [http-nio-8080-exec-93] org.apache.catalina.startup.HostConfig.deployDescriptor The path attribute with value [/smdecommerce] in deployment descriptor [C:\Users\user\Documents\apache-tomcat-9.0.80\conf\Catalina\localhost\smdecommerce.xml] has been ignored
19-Oct-2023 13:31:37.198 INFO [http-nio-8080-exec-93] org.apache.jasper.servlet.TldScanner.scanJars At least one JAR was scanned for TLDs yet contained no TLDs. Enable debug logging for this logger for a complete list of JARs that were scanned but no TLDs were found in them. Skipping unneeded JARs during scanning can improve startup time and JSP compilation time.
19-Oct-2023 13:31:37.206 INFO [http-nio-8080-exec-93] org.apache.catalina.startup.HostConfig.deployDescriptor Deployment of deployment descriptor [C:\Users\user\Documents\apache-tomcat-9.0.80\conf\Catalina\localhost\smdecommerce.xml] has finished in [1.319] ms
19-Oct-2023 13:31:37.206 INFO [http-nio-8080-exec-90] org.apache.catalina.util.LifecycleBase.start The start() method was called on component [StandardEngine[Catalina].StandardHost[localhost].StandardContext[/smdecommerce]] after start() had already been called. The second call will be ignored.
19-Oct-2023 13:32:59.476 INFO [http-nio-8080-exec-110] org.apache.catalina.core.StandardContext.reload Reloading Context with name [/smdecommerce] has started
19-Oct-2023 13:32:59.479 WARNING [http-nio-8080-exec-110] org.apache.catalina.loader.WebappClassLoaderBase.clearReferencesJdbc The web application [smdecommerce] registered the JDBC driver [org.postgresql.Driver] but failed to unregister it when the web application was stopped. To prevent a memory leak, the JDBC Driver has been forcibly unregistered.
19-Oct-2023 13:33:01.583 INFO [http-nio-8080-exec-110] org.apache.jasper.servlet.TldScanner.scanJars At least one JAR was scanned for TLDs yet contained no TLDs. Enable debug logging for this logger for a complete list of JARs that were scanned but no TLDs were found in them. Skipping unneeded JARs during scanning can improve startup time and JSP compilation time.
19-Oct-2023 13:33:01.583 INFO [http-nio-8080-exec-110] org.apache.catalina.core.StandardContext.reload Reloading Context with name [/smdecommerce] is completed
19-Oct-2023 13:33:03.024 INFO [http-nio-8080-exec-98] org.apache.catalina.startup.HostConfig.undeploy Undeploying context [/smdecommerce]
19-Oct-2023 13:33:03.079 INFO [http-nio-8080-exec-107] org.apache.catalina.startup.HostConfig.deployDescriptor Deploying deployment descriptor [C:\Users\user\Documents\apache-tomcat-9.0.80\conf\Catalina\localhost\smdecommerce.xml]
19-Oct-2023 13:33:03.081 WARNING [http-nio-8080-exec-107] org.apache.catalina.startup.HostConfig.deployDescriptor The path attribute with value [/smdecommerce] in deployment descriptor [C:\Users\user\Documents\apache-tomcat-9.0.80\conf\Catalina\localhost\smdecommerce.xml] has been ignored
19-Oct-2023 13:33:03.615 INFO [http-nio-8080-exec-107] org.apache.jasper.servlet.TldScanner.scanJars At least one JAR was scanned for TLDs yet contained no TLDs. Enable debug logging for this logger for a complete list of JARs that were scanned but no TLDs were found in them. Skipping unneeded JARs during scanning can improve startup time and JSP compilation time.
19-Oct-2023 13:33:03.621 INFO [http-nio-8080-exec-107] org.apache.catalina.startup.HostConfig.deployDescriptor Deployment of deployment descriptor [C:\Users\user\Documents\apache-tomcat-9.0.80\conf\Catalina\localhost\smdecommerce.xml] has finished in [543] ms
19-Oct-2023 13:33:03.625 INFO [http-nio-8080-exec-104] org.apache.catalina.util.LifecycleBase.start The start() method was called on component [StandardEngine[Catalina].StandardHost[localhost].StandardContext[/smdecommerce]] after start() had already been called. The second call will be ignored.
19-Oct-2023 13:35:15.067 INFO [http-nio-8080-exec-118] org.apache.catalina.core.StandardContext.reload Reloading Context with name [/smdecommerce] has started
19-Oct-2023 13:35:15.297 WARNING [http-nio-8080-exec-118] org.apache.catalina.loader.WebappClassLoaderBase.clearReferencesJdbc The web application [smdecommerce] registered the JDBC driver [org.postgresql.Driver] but failed to unregister it when the web application was stopped. To prevent a memory leak, the JDBC Driver has been forcibly unregistered.
19-Oct-2023 13:35:20.279 INFO [http-nio-8080-exec-118] org.apache.jasper.servlet.TldScanner.scanJars At least one JAR was scanned for TLDs yet contained no TLDs. Enable debug logging for this logger for a complete list of JARs that were scanned but no TLDs were found in them. Skipping unneeded JARs during scanning can improve startup time and JSP compilation time.
19-Oct-2023 13:35:20.301 INFO [http-nio-8080-exec-118] org.apache.catalina.core.StandardContext.reload Reloading Context with name [/smdecommerce] is completed
19-Oct-2023 13:35:22.039 INFO [http-nio-8080-exec-123] org.apache.catalina.startup.HostConfig.undeploy Undeploying context [/smdecommerce]
19-Oct-2023 13:35:22.676 INFO [Catalina-utility-1] org.apache.catalina.startup.HostConfig.undeploy Undeploying context [/smdecommerce]
19-Oct-2023 13:35:28.516 INFO [http-nio-8080-exec-121] org.apache.catalina.startup.HostConfig.deployDescriptor Deploying deployment descriptor [C:\Users\user\Documents\apache-tomcat-9.0.80\conf\Catalina\localhost\smdecommerce.xml]
19-Oct-2023 13:35:28.516 WARNING [http-nio-8080-exec-121] org.apache.catalina.startup.HostConfig.deployDescriptor The path attribute with value [/smdecommerce] in deployment descriptor [C:\Users\user\Documents\apache-tomcat-9.0.80\conf\Catalina\localhost\smdecommerce.xml] has been ignored
19-Oct-2023 13:35:29.396 INFO [http-nio-8080-exec-121] org.apache.jasper.servlet.TldScanner.scanJars At least one JAR was scanned for TLDs yet contained no TLDs. Enable debug logging for this logger for a complete list of JARs that were scanned but no TLDs were found in them. Skipping unneeded JARs during scanning can improve startup time and JSP compilation time.
19-Oct-2023 13:35:29.402 INFO [http-nio-8080-exec-121] org.apache.catalina.startup.HostConfig.deployDescriptor Deployment of deployment descriptor [C:\Users\user\Documents\apache-tomcat-9.0.80\conf\Catalina\localhost\smdecommerce.xml] has finished in [886] ms
19-Oct-2023 13:35:29.458 INFO [http-nio-8080-exec-115] org.apache.catalina.util.LifecycleBase.start The start() method was called on component [StandardEngine[Catalina].StandardHost[localhost].StandardContext[/smdecommerce]] after start() had already been called. The second call will be ignored.
19-Oct-2023 13:37:13.728 INFO [http-nio-8080-exec-126] org.apache.catalina.core.StandardContext.reload Reloading Context with name [/smdecommerce] has started
19-Oct-2023 13:37:13.859 WARNING [http-nio-8080-exec-126] org.apache.catalina.loader.WebappClassLoaderBase.clearReferencesJdbc The web application [smdecommerce] registered the JDBC driver [org.postgresql.Driver] but failed to unregister it when the web application was stopped. To prevent a memory leak, the JDBC Driver has been forcibly unregistered.
19-Oct-2023 13:37:15.710 INFO [http-nio-8080-exec-126] org.apache.jasper.servlet.TldScanner.scanJars At least one JAR was scanned for TLDs yet contained no TLDs. Enable debug logging for this logger for a complete list of JARs that were scanned but no TLDs were found in them. Skipping unneeded JARs during scanning can improve startup time and JSP compilation time.
19-Oct-2023 13:37:15.717 INFO [http-nio-8080-exec-126] org.apache.catalina.core.StandardContext.reload Reloading Context with name [/smdecommerce] is completed
19-Oct-2023 13:37:17.131 INFO [http-nio-8080-exec-132] org.apache.catalina.core.StandardContext.reload Reloading Context with name [/smdecommerce] has started
19-Oct-2023 13:37:18.925 INFO [http-nio-8080-exec-132] org.apache.jasper.servlet.TldScanner.scanJars At least one JAR was scanned for TLDs yet contained no TLDs. Enable debug logging for this logger for a complete list of JARs that were scanned but no TLDs were found in them. Skipping unneeded JARs during scanning can improve startup time and JSP compilation time.
19-Oct-2023 13:37:18.933 INFO [http-nio-8080-exec-132] org.apache.catalina.core.StandardContext.reload Reloading Context with name [/smdecommerce] is completed
19-Oct-2023 13:37:22.135 INFO [http-nio-8080-exec-127] org.apache.catalina.startup.HostConfig.undeploy Undeploying context [/smdecommerce]
19-Oct-2023 13:37:22.180 INFO [http-nio-8080-exec-131] org.apache.catalina.startup.HostConfig.deployDescriptor Deploying deployment descriptor [C:\Users\user\Documents\apache-tomcat-9.0.80\conf\Catalina\localhost\smdecommerce.xml]
19-Oct-2023 13:37:22.180 WARNING [http-nio-8080-exec-131] org.apache.catalina.startup.HostConfig.deployDescriptor The path attribute with value [/smdecommerce] in deployment descriptor [C:\Users\user\Documents\apache-tomcat-9.0.80\conf\Catalina\localhost\smdecommerce.xml] has been ignored
19-Oct-2023 13:37:22.794 INFO [http-nio-8080-exec-131] org.apache.jasper.servlet.TldScanner.scanJars At least one JAR was scanned for TLDs yet contained no TLDs. Enable debug logging for this logger for a complete list of JARs that were scanned but no TLDs were found in them. Skipping unneeded JARs during scanning can improve startup time and JSP compilation time.
19-Oct-2023 13:37:22.808 INFO [http-nio-8080-exec-131] org.apache.catalina.startup.HostConfig.deployDescriptor Deployment of deployment descriptor [C:\Users\user\Documents\apache-tomcat-9.0.80\conf\Catalina\localhost\smdecommerce.xml] has finished in [627] ms
19-Oct-2023 13:37:22.810 INFO [http-nio-8080-exec-137] org.apache.catalina.util.LifecycleBase.start The start() method was called on component [StandardEngine[Catalina].StandardHost[localhost].StandardContext[/smdecommerce]] after start() had already been called. The second call will be ignored.
19-Oct-2023 13:38:07.505 INFO [http-nio-8080-exec-137] org.apache.catalina.startup.HostConfig.undeploy Undeploying context [/smdecommerce]
19-Oct-2023 13:38:07.546 INFO [http-nio-8080-exec-139] org.apache.catalina.startup.HostConfig.deployDescriptor Deploying deployment descriptor [C:\Users\user\Documents\apache-tomcat-9.0.80\conf\Catalina\localhost\smdecommerce.xml]
19-Oct-2023 13:38:07.616 WARNING [http-nio-8080-exec-139] org.apache.catalina.startup.HostConfig.deployDescriptor The path attribute with value [/smdecommerce] in deployment descriptor [C:\Users\user\Documents\apache-tomcat-9.0.80\conf\Catalina\localhost\smdecommerce.xml] has been ignored
19-Oct-2023 13:38:09.558 INFO [http-nio-8080-exec-139] org.apache.jasper.servlet.TldScanner.scanJars At least one JAR was scanned for TLDs yet contained no TLDs. Enable debug logging for this logger for a complete list of JARs that were scanned but no TLDs were found in them. Skipping unneeded JARs during scanning can improve startup time and JSP compilation time.
19-Oct-2023 13:38:09.564 INFO [http-nio-8080-exec-139] org.apache.catalina.startup.HostConfig.deployDescriptor Deployment of deployment descriptor [C:\Users\user\Documents\apache-tomcat-9.0.80\conf\Catalina\localhost\smdecommerce.xml] has finished in [2.018] ms
19-Oct-2023 13:38:09.566 INFO [http-nio-8080-exec-141] org.apache.catalina.util.LifecycleBase.start The start() method was called on component [StandardEngine[Catalina].StandardHost[localhost].StandardContext[/smdecommerce]] after start() had already been called. The second call will be ignored.
19-Oct-2023 13:41:52.067 WARNING [http-nio-8080-exec-144] org.apache.catalina.loader.WebappClassLoaderBase.clearReferencesJdbc The web application [smdecommerce] registered the JDBC driver [org.postgresql.Driver] but failed to unregister it when the web application was stopped. To prevent a memory leak, the JDBC Driver has been forcibly unregistered.
19-Oct-2023 13:41:52.575 INFO [http-nio-8080-exec-144] org.apache.catalina.startup.HostConfig.undeploy Undeploying context [/smdecommerce]
19-Oct-2023 13:41:52.633 INFO [http-nio-8080-exec-147] org.apache.catalina.startup.HostConfig.deployDescriptor Deploying deployment descriptor [C:\Users\user\Documents\apache-tomcat-9.0.80\conf\Catalina\localhost\smdecommerce.xml]
19-Oct-2023 13:41:52.654 WARNING [http-nio-8080-exec-147] org.apache.catalina.startup.HostConfig.deployDescriptor The path attribute with value [/smdecommerce] in deployment descriptor [C:\Users\user\Documents\apache-tomcat-9.0.80\conf\Catalina\localhost\smdecommerce.xml] has been ignored
19-Oct-2023 13:41:54.004 INFO [http-nio-8080-exec-147] org.apache.jasper.servlet.TldScanner.scanJars At least one JAR was scanned for TLDs yet contained no TLDs. Enable debug logging for this logger for a complete list of JARs that were scanned but no TLDs were found in them. Skipping unneeded JARs during scanning can improve startup time and JSP compilation time.
19-Oct-2023 13:41:54.010 INFO [http-nio-8080-exec-147] org.apache.catalina.startup.HostConfig.deployDescriptor Deployment of deployment descriptor [C:\Users\user\Documents\apache-tomcat-9.0.80\conf\Catalina\localhost\smdecommerce.xml] has finished in [1.376] ms
19-Oct-2023 13:41:54.014 INFO [http-nio-8080-exec-152] org.apache.catalina.util.LifecycleBase.start The start() method was called on component [StandardEngine[Catalina].StandardHost[localhost].StandardContext[/smdecommerce]] after start() had already been called. The second call will be ignored.
19-Oct-2023 13:42:35.939 INFO [http-nio-8080-exec-149] org.apache.catalina.startup.HostConfig.undeploy Undeploying context [/smdecommerce]
19-Oct-2023 13:42:35.982 INFO [http-nio-8080-exec-161] org.apache.catalina.startup.HostConfig.deployDescriptor Deploying deployment descriptor [C:\Users\user\Documents\apache-tomcat-9.0.80\conf\Catalina\localhost\smdecommerce.xml]
19-Oct-2023 13:42:35.983 WARNING [http-nio-8080-exec-161] org.apache.catalina.startup.HostConfig.deployDescriptor The path attribute with value [/smdecommerce] in deployment descriptor [C:\Users\user\Documents\apache-tomcat-9.0.80\conf\Catalina\localhost\smdecommerce.xml] has been ignored
19-Oct-2023 13:42:36.522 INFO [http-nio-8080-exec-161] org.apache.jasper.servlet.TldScanner.scanJars At least one JAR was scanned for TLDs yet contained no TLDs. Enable debug logging for this logger for a complete list of JARs that were scanned but no TLDs were found in them. Skipping unneeded JARs during scanning can improve startup time and JSP compilation time.
19-Oct-2023 13:42:36.529 INFO [http-nio-8080-exec-161] org.apache.catalina.startup.HostConfig.deployDescriptor Deployment of deployment descriptor [C:\Users\user\Documents\apache-tomcat-9.0.80\conf\Catalina\localhost\smdecommerce.xml] has finished in [547] ms
19-Oct-2023 13:42:36.539 INFO [http-nio-8080-exec-157] org.apache.catalina.util.LifecycleBase.start The start() method was called on component [StandardEngine[Catalina].StandardHost[localhost].StandardContext[/smdecommerce]] after start() had already been called. The second call will be ignored.
19-Oct-2023 13:43:12.378 INFO [http-nio-8080-exec-148] org.apache.catalina.core.StandardContext.reload Reloading Context with name [/smdecommerce] has started
19-Oct-2023 13:43:13.047 INFO [http-nio-8080-exec-148] org.apache.jasper.servlet.TldScanner.scanJars At least one JAR was scanned for TLDs yet contained no TLDs. Enable debug logging for this logger for a complete list of JARs that were scanned but no TLDs were found in them. Skipping unneeded JARs during scanning can improve startup time and JSP compilation time.
19-Oct-2023 13:43:13.053 INFO [http-nio-8080-exec-148] org.apache.catalina.core.StandardContext.reload Reloading Context with name [/smdecommerce] is completed
19-Oct-2023 13:43:15.957 INFO [http-nio-8080-exec-164] org.apache.catalina.startup.HostConfig.undeploy Undeploying context [/smdecommerce]
19-Oct-2023 13:43:15.985 INFO [http-nio-8080-exec-165] org.apache.catalina.startup.HostConfig.deployDescriptor Deploying deployment descriptor [C:\Users\user\Documents\apache-tomcat-9.0.80\conf\Catalina\localhost\smdecommerce.xml]
19-Oct-2023 13:43:15.986 WARNING [http-nio-8080-exec-165] org.apache.catalina.startup.HostConfig.deployDescriptor The path attribute with value [/smdecommerce] in deployment descriptor [C:\Users\user\Documents\apache-tomcat-9.0.80\conf\Catalina\localhost\smdecommerce.xml] has been ignored
19-Oct-2023 13:43:16.394 INFO [http-nio-8080-exec-165] org.apache.jasper.servlet.TldScanner.scanJars At least one JAR was scanned for TLDs yet contained no TLDs. Enable debug logging for this logger for a complete list of JARs that were scanned but no TLDs were found in them. Skipping unneeded JARs during scanning can improve startup time and JSP compilation time.
19-Oct-2023 13:43:16.408 INFO [http-nio-8080-exec-165] org.apache.catalina.startup.HostConfig.deployDescriptor Deployment of deployment descriptor [C:\Users\user\Documents\apache-tomcat-9.0.80\conf\Catalina\localhost\smdecommerce.xml] has finished in [422] ms
19-Oct-2023 13:43:16.410 INFO [http-nio-8080-exec-160] org.apache.catalina.util.LifecycleBase.start The start() method was called on component [StandardEngine[Catalina].StandardHost[localhost].StandardContext[/smdecommerce]] after start() had already been called. The second call will be ignored.
19-Oct-2023 13:44:28.782 INFO [http-nio-8080-exec-174] org.apache.catalina.startup.HostConfig.undeploy Undeploying context [/smdecommerce]
19-Oct-2023 13:44:28.835 INFO [http-nio-8080-exec-172] org.apache.catalina.startup.HostConfig.deployDescriptor Deploying deployment descriptor [C:\Users\user\Documents\apache-tomcat-9.0.80\conf\Catalina\localhost\smdecommerce.xml]
19-Oct-2023 13:44:28.836 WARNING [http-nio-8080-exec-172] org.apache.catalina.startup.HostConfig.deployDescriptor The path attribute with value [/smdecommerce] in deployment descriptor [C:\Users\user\Documents\apache-tomcat-9.0.80\conf\Catalina\localhost\smdecommerce.xml] has been ignored
19-Oct-2023 13:44:29.320 INFO [http-nio-8080-exec-172] org.apache.jasper.servlet.TldScanner.scanJars At least one JAR was scanned for TLDs yet contained no TLDs. Enable debug logging for this logger for a complete list of JARs that were scanned but no TLDs were found in them. Skipping unneeded JARs during scanning can improve startup time and JSP compilation time.
19-Oct-2023 13:44:29.325 INFO [http-nio-8080-exec-172] org.apache.catalina.startup.HostConfig.deployDescriptor Deployment of deployment descriptor [C:\Users\user\Documents\apache-tomcat-9.0.80\conf\Catalina\localhost\smdecommerce.xml] has finished in [490] ms
19-Oct-2023 13:44:29.329 INFO [http-nio-8080-exec-178] org.apache.catalina.util.LifecycleBase.start The start() method was called on component [StandardEngine[Catalina].StandardHost[localhost].StandardContext[/smdecommerce]] after start() had already been called. The second call will be ignored.
19-Oct-2023 13:45:28.233 INFO [http-nio-8080-exec-171] org.apache.catalina.core.StandardContext.reload Reloading Context with name [/smdecommerce] has started
19-Oct-2023 13:45:28.898 INFO [http-nio-8080-exec-171] org.apache.jasper.servlet.TldScanner.scanJars At least one JAR was scanned for TLDs yet contained no TLDs. Enable debug logging for this logger for a complete list of JARs that were scanned but no TLDs were found in them. Skipping unneeded JARs during scanning can improve startup time and JSP compilation time.
19-Oct-2023 13:45:28.905 INFO [http-nio-8080-exec-171] org.apache.catalina.core.StandardContext.reload Reloading Context with name [/smdecommerce] is completed
19-Oct-2023 13:45:39.625 INFO [http-nio-8080-exec-183] org.apache.catalina.startup.HostConfig.undeploy Undeploying context [/smdecommerce]
19-Oct-2023 13:45:39.653 INFO [http-nio-8080-exec-186] org.apache.catalina.startup.HostConfig.deployDescriptor Deploying deployment descriptor [C:\Users\user\Documents\apache-tomcat-9.0.80\conf\Catalina\localhost\smdecommerce.xml]
19-Oct-2023 13:45:39.654 WARNING [http-nio-8080-exec-186] org.apache.catalina.startup.HostConfig.deployDescriptor The path attribute with value [/smdecommerce] in deployment descriptor [C:\Users\user\Documents\apache-tomcat-9.0.80\conf\Catalina\localhost\smdecommerce.xml] has been ignored
19-Oct-2023 13:45:40.091 INFO [http-nio-8080-exec-186] org.apache.jasper.servlet.TldScanner.scanJars At least one JAR was scanned for TLDs yet contained no TLDs. Enable debug logging for this logger for a complete list of JARs that were scanned but no TLDs were found in them. Skipping unneeded JARs during scanning can improve startup time and JSP compilation time.
19-Oct-2023 13:45:40.097 INFO [http-nio-8080-exec-186] org.apache.catalina.startup.HostConfig.deployDescriptor Deployment of deployment descriptor [C:\Users\user\Documents\apache-tomcat-9.0.80\conf\Catalina\localhost\smdecommerce.xml] has finished in [443] ms
19-Oct-2023 13:45:40.100 INFO [http-nio-8080-exec-185] org.apache.catalina.util.LifecycleBase.start The start() method was called on component [StandardEngine[Catalina].StandardHost[localhost].StandardContext[/smdecommerce]] after start() had already been called. The second call will be ignored.
19-Oct-2023 13:46:24.203 INFO [http-nio-8080-exec-181] org.apache.catalina.startup.HostConfig.undeploy Undeploying context [/smdecommerce]
19-Oct-2023 13:46:24.244 INFO [http-nio-8080-exec-189] org.apache.catalina.startup.HostConfig.deployDescriptor Deploying deployment descriptor [C:\Users\user\Documents\apache-tomcat-9.0.80\conf\Catalina\localhost\smdecommerce.xml]
19-Oct-2023 13:46:24.244 WARNING [http-nio-8080-exec-189] org.apache.catalina.startup.HostConfig.deployDescriptor The path attribute with value [/smdecommerce] in deployment descriptor [C:\Users\user\Documents\apache-tomcat-9.0.80\conf\Catalina\localhost\smdecommerce.xml] has been ignored
19-Oct-2023 13:46:24.639 INFO [http-nio-8080-exec-189] org.apache.jasper.servlet.TldScanner.scanJars At least one JAR was scanned for TLDs yet contained no TLDs. Enable debug logging for this logger for a complete list of JARs that were scanned but no TLDs were found in them. Skipping unneeded JARs during scanning can improve startup time and JSP compilation time.
19-Oct-2023 13:46:24.644 INFO [http-nio-8080-exec-189] org.apache.catalina.startup.HostConfig.deployDescriptor Deployment of deployment descriptor [C:\Users\user\Documents\apache-tomcat-9.0.80\conf\Catalina\localhost\smdecommerce.xml] has finished in [400] ms
19-Oct-2023 13:46:24.646 INFO [http-nio-8080-exec-192] org.apache.catalina.util.LifecycleBase.start The start() method was called on component [StandardEngine[Catalina].StandardHost[localhost].StandardContext[/smdecommerce]] after start() had already been called. The second call will be ignored.
19-Oct-2023 13:46:42.995 INFO [http-nio-8080-exec-195] org.apache.catalina.startup.HostConfig.undeploy Undeploying context [/smdecommerce]
19-Oct-2023 13:46:43.062 INFO [http-nio-8080-exec-192] org.apache.catalina.startup.HostConfig.deployDescriptor Deploying deployment descriptor [C:\Users\user\Documents\apache-tomcat-9.0.80\conf\Catalina\localhost\smdecommerce.xml]
19-Oct-2023 13:46:43.064 WARNING [http-nio-8080-exec-192] org.apache.catalina.startup.HostConfig.deployDescriptor The path attribute with value [/smdecommerce] in deployment descriptor [C:\Users\user\Documents\apache-tomcat-9.0.80\conf\Catalina\localhost\smdecommerce.xml] has been ignored
19-Oct-2023 13:46:43.474 INFO [http-nio-8080-exec-192] org.apache.jasper.servlet.TldScanner.scanJars At least one JAR was scanned for TLDs yet contained no TLDs. Enable debug logging for this logger for a complete list of JARs that were scanned but no TLDs were found in them. Skipping unneeded JARs during scanning can improve startup time and JSP compilation time.
19-Oct-2023 13:46:43.480 INFO [http-nio-8080-exec-192] org.apache.catalina.startup.HostConfig.deployDescriptor Deployment of deployment descriptor [C:\Users\user\Documents\apache-tomcat-9.0.80\conf\Catalina\localhost\smdecommerce.xml] has finished in [417] ms
19-Oct-2023 13:46:43.484 INFO [http-nio-8080-exec-196] org.apache.catalina.util.LifecycleBase.start The start() method was called on component [StandardEngine[Catalina].StandardHost[localhost].StandardContext[/smdecommerce]] after start() had already been called. The second call will be ignored.
19-Oct-2023 13:46:56.766 INFO [http-nio-8080-exec-197] org.apache.catalina.startup.HostConfig.undeploy Undeploying context [/smdecommerce]
19-Oct-2023 13:46:56.792 INFO [http-nio-8080-exec-180] org.apache.catalina.startup.HostConfig.deployDescriptor Deploying deployment descriptor [C:\Users\user\Documents\apache-tomcat-9.0.80\conf\Catalina\localhost\smdecommerce.xml]
19-Oct-2023 13:46:56.794 WARNING [http-nio-8080-exec-180] org.apache.catalina.startup.HostConfig.deployDescriptor The path attribute with value [/smdecommerce] in deployment descriptor [C:\Users\user\Documents\apache-tomcat-9.0.80\conf\Catalina\localhost\smdecommerce.xml] has been ignored
19-Oct-2023 13:46:57.331 INFO [http-nio-8080-exec-180] org.apache.jasper.servlet.TldScanner.scanJars At least one JAR was scanned for TLDs yet contained no TLDs. Enable debug logging for this logger for a complete list of JARs that were scanned but no TLDs were found in them. Skipping unneeded JARs during scanning can improve startup time and JSP compilation time.
19-Oct-2023 13:46:57.338 INFO [http-nio-8080-exec-180] org.apache.catalina.startup.HostConfig.deployDescriptor Deployment of deployment descriptor [C:\Users\user\Documents\apache-tomcat-9.0.80\conf\Catalina\localhost\smdecommerce.xml] has finished in [545] ms
19-Oct-2023 13:46:57.342 INFO [http-nio-8080-exec-181] org.apache.catalina.util.LifecycleBase.start The start() method was called on component [StandardEngine[Catalina].StandardHost[localhost].StandardContext[/smdecommerce]] after start() had already been called. The second call will be ignored.
19-Oct-2023 13:56:56.704 INFO [main] org.apache.catalina.core.StandardServer.await A valid shutdown command was received via the shutdown port. Stopping the Server instance.
19-Oct-2023 13:56:56.805 INFO [main] org.apache.coyote.AbstractProtocol.pause Pausing ProtocolHandler ["http-nio-8080"]
19-Oct-2023 13:56:57.581 INFO [main] org.apache.catalina.core.StandardService.stopInternal Stopping service [Catalina]
19-Oct-2023 13:56:58.358 INFO [main] org.apache.coyote.AbstractProtocol.stop Stopping ProtocolHandler ["http-nio-8080"]
19-Oct-2023 13:56:59.548 INFO [main] org.apache.coyote.AbstractProtocol.destroy Destroying ProtocolHandler ["http-nio-8080"]
19-Oct-2023 13:58:46.614 INFO [main] org.apache.catalina.startup.VersionLoggerListener.log Server version name:   Apache Tomcat/9.0.80
19-Oct-2023 13:58:46.624 INFO [main] org.apache.catalina.startup.VersionLoggerListener.log Server built:          Aug 23 2023 21:59:38 UTC
19-Oct-2023 13:58:46.625 INFO [main] org.apache.catalina.startup.VersionLoggerListener.log Server version number: 9.0.80.0
19-Oct-2023 13:58:46.625 INFO [main] org.apache.catalina.startup.VersionLoggerListener.log OS Name:               Windows 10
19-Oct-2023 13:58:46.625 INFO [main] org.apache.catalina.startup.VersionLoggerListener.log OS Version:            10.0
19-Oct-2023 13:58:46.626 INFO [main] org.apache.catalina.startup.VersionLoggerListener.log Architecture:          amd64
19-Oct-2023 13:58:46.626 INFO [main] org.apache.catalina.startup.VersionLoggerListener.log Java Home:             C:\Program Files\Java\jdk-20
19-Oct-2023 13:58:46.626 INFO [main] org.apache.catalina.startup.VersionLoggerListener.log JVM Version:           20.0.1+9-29
19-Oct-2023 13:58:46.626 INFO [main] org.apache.catalina.startup.VersionLoggerListener.log JVM Vendor:            Oracle Corporation
19-Oct-2023 13:58:46.627 INFO [main] org.apache.catalina.startup.VersionLoggerListener.log CATALINA_BASE:         C:\Users\user\Documents\apache-tomcat-9.0.80
19-Oct-2023 13:58:46.627 INFO [main] org.apache.catalina.startup.VersionLoggerListener.log CATALINA_HOME:         C:\Users\user\Documents\apache-tomcat-9.0.80
19-Oct-2023 13:58:46.660 INFO [main] org.apache.catalina.startup.VersionLoggerListener.log Command line argument: --add-opens=java.base/java.lang=ALL-UNNAMED
19-Oct-2023 13:58:46.660 INFO [main] org.apache.catalina.startup.VersionLoggerListener.log Command line argument: --add-opens=java.base/java.io=ALL-UNNAMED
19-Oct-2023 13:58:46.660 INFO [main] org.apache.catalina.startup.VersionLoggerListener.log Command line argument: --add-opens=java.base/java.util=ALL-UNNAMED
19-Oct-2023 13:58:46.664 INFO [main] org.apache.catalina.startup.VersionLoggerListener.log Command line argument: --add-opens=java.base/java.util.concurrent=ALL-UNNAMED
19-Oct-2023 13:58:46.664 INFO [main] org.apache.catalina.startup.VersionLoggerListener.log Command line argument: --add-opens=java.rmi/sun.rmi.transport=ALL-UNNAMED
19-Oct-2023 13:58:46.664 INFO [main] org.apache.catalina.startup.VersionLoggerListener.log Command line argument: -Djava.util.logging.config.file=C:\Users\user\Documents\apache-tomcat-9.0.80\conf\logging.properties
19-Oct-2023 13:58:46.664 INFO [main] org.apache.catalina.startup.VersionLoggerListener.log Command line argument: -Djava.util.logging.manager=org.apache.juli.ClassLoaderLogManager
19-Oct-2023 13:58:46.664 INFO [main] org.apache.catalina.startup.VersionLoggerListener.log Command line argument: -Djdk.tls.ephemeralDHKeySize=2048
19-Oct-2023 13:58:46.664 INFO [main] org.apache.catalina.startup.VersionLoggerListener.log Command line argument: -Djava.protocol.handler.pkgs=org.apache.catalina.webresources
19-Oct-2023 13:58:46.664 INFO [main] org.apache.catalina.startup.VersionLoggerListener.log Command line argument: -Dignore.endorsed.dirs=
19-Oct-2023 13:58:46.664 INFO [main] org.apache.catalina.startup.VersionLoggerListener.log Command line argument: -Dcatalina.base=C:\Users\user\Documents\apache-tomcat-9.0.80
19-Oct-2023 13:58:46.664 INFO [main] org.apache.catalina.startup.VersionLoggerListener.log Command line argument: -Dcatalina.home=C:\Users\user\Documents\apache-tomcat-9.0.80
19-Oct-2023 13:58:46.664 INFO [main] org.apache.catalina.startup.VersionLoggerListener.log Command line argument: -Djava.io.tmpdir=C:\Users\user\Documents\apache-tomcat-9.0.80\temp
19-Oct-2023 13:58:46.674 INFO [main] org.apache.catalina.core.AprLifecycleListener.lifecycleEvent Loaded Apache Tomcat Native library [1.2.38] using APR version [1.7.4].
19-Oct-2023 13:58:46.674 INFO [main] org.apache.catalina.core.AprLifecycleListener.lifecycleEvent APR capabilities: IPv6 [true], sendfile [true], accept filters [false], random [true], UDS [true].
19-Oct-2023 13:58:46.674 INFO [main] org.apache.catalina.core.AprLifecycleListener.lifecycleEvent APR/OpenSSL configuration: useAprConnector [false], useOpenSSL [true]
19-Oct-2023 13:58:46.694 INFO [main] org.apache.catalina.core.AprLifecycleListener.initializeSSL OpenSSL successfully initialized [OpenSSL 1.1.1v  1 Aug 2023]
19-Oct-2023 13:58:48.053 INFO [main] org.apache.coyote.AbstractProtocol.init Initializing ProtocolHandler ["http-nio-8080"]
19-Oct-2023 13:58:48.133 INFO [main] org.apache.catalina.startup.Catalina.load Server initialization in [2374] milliseconds
19-Oct-2023 13:58:48.311 INFO [main] org.apache.catalina.core.StandardService.startInternal Starting service [Catalina]
19-Oct-2023 13:58:48.311 INFO [main] org.apache.catalina.core.StandardEngine.startInternal Starting Servlet engine: [Apache Tomcat/9.0.80]
19-Oct-2023 13:58:48.380 INFO [main] org.apache.catalina.startup.HostConfig.deployDescriptor Deploying deployment descriptor [C:\Users\user\Documents\apache-tomcat-9.0.80\conf\Catalina\localhost\smdecommerce.xml]
19-Oct-2023 13:58:48.442 WARNING [main] org.apache.catalina.startup.HostConfig.deployDescriptor The path attribute with value [/smdecommerce] in deployment descriptor [C:\Users\user\Documents\apache-tomcat-9.0.80\conf\Catalina\localhost\smdecommerce.xml] has been ignored
19-Oct-2023 13:58:50.035 INFO [main] org.apache.jasper.servlet.TldScanner.scanJars At least one JAR was scanned for TLDs yet contained no TLDs. Enable debug logging for this logger for a complete list of JARs that were scanned but no TLDs were found in them. Skipping unneeded JARs during scanning can improve startup time and JSP compilation time.
19-Oct-2023 13:58:50.292 INFO [main] org.apache.catalina.startup.HostConfig.deployDescriptor Deployment of deployment descriptor [C:\Users\user\Documents\apache-tomcat-9.0.80\conf\Catalina\localhost\smdecommerce.xml] has finished in [1.905] ms
19-Oct-2023 13:58:50.294 INFO [main] org.apache.catalina.startup.HostConfig.deployDirectory Diretório de instalação da aplicação web [C:\Users\user\Documents\apache-tomcat-9.0.80\webapps\docs]
19-Oct-2023 13:58:50.542 INFO [main] org.apache.catalina.startup.HostConfig.deployDirectory Deployment of web application directory [C:\Users\user\Documents\apache-tomcat-9.0.80\webapps\docs] has finished in [249] ms
19-Oct-2023 13:58:50.552 INFO [main] org.apache.catalina.startup.HostConfig.deployDirectory Diretório de instalação da aplicação web [C:\Users\user\Documents\apache-tomcat-9.0.80\webapps\examples]
19-Oct-2023 13:58:53.217 INFO [main] org.apache.catalina.startup.HostConfig.deployDirectory Deployment of web application directory [C:\Users\user\Documents\apache-tomcat-9.0.80\webapps\examples] has finished in [2.664] ms
19-Oct-2023 13:58:53.218 INFO [main] org.apache.catalina.startup.HostConfig.deployDirectory Diretório de instalação da aplicação web [C:\Users\user\Documents\apache-tomcat-9.0.80\webapps\host-manager]
19-Oct-2023 13:58:53.397 INFO [main] org.apache.catalina.startup.HostConfig.deployDirectory Deployment of web application directory [C:\Users\user\Documents\apache-tomcat-9.0.80\webapps\host-manager] has finished in [180] ms
19-Oct-2023 13:58:53.398 INFO [main] org.apache.catalina.startup.HostConfig.deployDirectory Diretório de instalação da aplicação web [C:\Users\user\Documents\apache-tomcat-9.0.80\webapps\manager]
19-Oct-2023 13:58:53.587 INFO [main] org.apache.catalina.startup.HostConfig.deployDirectory Deployment of web application directory [C:\Users\user\Documents\apache-tomcat-9.0.80\webapps\manager] has finished in [190] ms
19-Oct-2023 13:58:53.588 INFO [main] org.apache.catalina.startup.HostConfig.deployDirectory Diretório de instalação da aplicação web [C:\Users\user\Documents\apache-tomcat-9.0.80\webapps\ROOT]
19-Oct-2023 13:58:53.749 INFO [main] org.apache.catalina.startup.HostConfig.deployDirectory Deployment of web application directory [C:\Users\user\Documents\apache-tomcat-9.0.80\webapps\ROOT] has finished in [160] ms
19-Oct-2023 13:58:53.755 INFO [main] org.apache.coyote.AbstractProtocol.start Starting ProtocolHandler ["http-nio-8080"]
19-Oct-2023 13:58:53.948 INFO [main] org.apache.catalina.startup.Catalina.start Server startup in [5810] milliseconds
19-Oct-2023 13:58:59.287 INFO [http-nio-8080-exec-2] org.apache.catalina.startup.HostConfig.undeploy Undeploying context [/smdecommerce]
19-Oct-2023 13:58:59.371 INFO [http-nio-8080-exec-10] org.apache.catalina.startup.HostConfig.deployDescriptor Deploying deployment descriptor [C:\Users\user\Documents\apache-tomcat-9.0.80\conf\Catalina\localhost\smdecommerce.xml]
19-Oct-2023 13:58:59.371 WARNING [http-nio-8080-exec-10] org.apache.catalina.startup.HostConfig.deployDescriptor The path attribute with value [/smdecommerce] in deployment descriptor [C:\Users\user\Documents\apache-tomcat-9.0.80\conf\Catalina\localhost\smdecommerce.xml] has been ignored
19-Oct-2023 13:59:00.299 INFO [http-nio-8080-exec-10] org.apache.jasper.servlet.TldScanner.scanJars At least one JAR was scanned for TLDs yet contained no TLDs. Enable debug logging for this logger for a complete list of JARs that were scanned but no TLDs were found in them. Skipping unneeded JARs during scanning can improve startup time and JSP compilation time.
19-Oct-2023 13:59:00.308 INFO [http-nio-8080-exec-10] org.apache.catalina.startup.HostConfig.deployDescriptor Deployment of deployment descriptor [C:\Users\user\Documents\apache-tomcat-9.0.80\conf\Catalina\localhost\smdecommerce.xml] has finished in [937] ms
19-Oct-2023 13:59:00.316 INFO [http-nio-8080-exec-1] org.apache.catalina.util.LifecycleBase.start The start() method was called on component [StandardEngine[Catalina].StandardHost[localhost].StandardContext[/smdecommerce]] after start() had already been called. The second call will be ignored.
19-Oct-2023 14:14:58.449 INFO [main] org.apache.catalina.core.StandardServer.await A valid shutdown command was received via the shutdown port. Stopping the Server instance.
19-Oct-2023 14:14:58.450 INFO [main] org.apache.coyote.AbstractProtocol.pause Pausing ProtocolHandler ["http-nio-8080"]
19-Oct-2023 14:14:58.463 INFO [main] org.apache.catalina.core.StandardService.stopInternal Stopping service [Catalina]
19-Oct-2023 14:14:58.536 WARNING [main] org.apache.catalina.loader.WebappClassLoaderBase.clearReferencesJdbc The web application [smdecommerce] registered the JDBC driver [org.postgresql.Driver] but failed to unregister it when the web application was stopped. To prevent a memory leak, the JDBC Driver has been forcibly unregistered.
19-Oct-2023 14:14:58.556 INFO [main] org.apache.coyote.AbstractProtocol.stop Stopping ProtocolHandler ["http-nio-8080"]
19-Oct-2023 14:14:58.566 INFO [main] org.apache.coyote.AbstractProtocol.destroy Destroying ProtocolHandler ["http-nio-8080"]
