18-Nov-2023 16:15:20.881 INFO [main] org.apache.catalina.startup.VersionLoggerListener.log Server version name:   Apache Tomcat/9.0.80
18-Nov-2023 16:15:20.896 INFO [main] org.apache.catalina.startup.VersionLoggerListener.log Server built:          Aug 23 2023 21:59:38 UTC
18-Nov-2023 16:15:20.898 INFO [main] org.apache.catalina.startup.VersionLoggerListener.log Server version number: 9.0.80.0
18-Nov-2023 16:15:20.898 INFO [main] org.apache.catalina.startup.VersionLoggerListener.log OS Name:               Windows 10
18-Nov-2023 16:15:20.898 INFO [main] org.apache.catalina.startup.VersionLoggerListener.log OS Version:            10.0
18-Nov-2023 16:15:20.898 INFO [main] org.apache.catalina.startup.VersionLoggerListener.log Architecture:          amd64
18-Nov-2023 16:15:20.899 INFO [main] org.apache.catalina.startup.VersionLoggerListener.log Java Home:             C:\Program Files\Java\jdk-20
18-Nov-2023 16:15:20.899 INFO [main] org.apache.catalina.startup.VersionLoggerListener.log JVM Version:           20.0.1+9-29
18-Nov-2023 16:15:20.899 INFO [main] org.apache.catalina.startup.VersionLoggerListener.log JVM Vendor:            Oracle Corporation
18-Nov-2023 16:15:20.899 INFO [main] org.apache.catalina.startup.VersionLoggerListener.log CATALINA_BASE:         C:\Users\user\Documents\apache-tomcat-9.0.80
18-Nov-2023 16:15:20.899 INFO [main] org.apache.catalina.startup.VersionLoggerListener.log CATALINA_HOME:         C:\Users\user\Documents\apache-tomcat-9.0.80
18-Nov-2023 16:15:20.919 INFO [main] org.apache.catalina.startup.VersionLoggerListener.log Command line argument: --add-opens=java.base/java.lang=ALL-UNNAMED
18-Nov-2023 16:15:20.919 INFO [main] org.apache.catalina.startup.VersionLoggerListener.log Command line argument: --add-opens=java.base/java.io=ALL-UNNAMED
18-Nov-2023 16:15:20.920 INFO [main] org.apache.catalina.startup.VersionLoggerListener.log Command line argument: --add-opens=java.base/java.util=ALL-UNNAMED
18-Nov-2023 16:15:20.920 INFO [main] org.apache.catalina.startup.VersionLoggerListener.log Command line argument: --add-opens=java.base/java.util.concurrent=ALL-UNNAMED
18-Nov-2023 16:15:20.920 INFO [main] org.apache.catalina.startup.VersionLoggerListener.log Command line argument: --add-opens=java.rmi/sun.rmi.transport=ALL-UNNAMED
18-Nov-2023 16:15:20.920 INFO [main] org.apache.catalina.startup.VersionLoggerListener.log Command line argument: -Djava.util.logging.config.file=C:\Users\user\Documents\apache-tomcat-9.0.80\conf\logging.properties
18-Nov-2023 16:15:20.921 INFO [main] org.apache.catalina.startup.VersionLoggerListener.log Command line argument: -Djava.util.logging.manager=org.apache.juli.ClassLoaderLogManager
18-Nov-2023 16:15:20.923 INFO [main] org.apache.catalina.startup.VersionLoggerListener.log Command line argument: -Djdk.tls.ephemeralDHKeySize=2048
18-Nov-2023 16:15:20.923 INFO [main] org.apache.catalina.startup.VersionLoggerListener.log Command line argument: -Djava.protocol.handler.pkgs=org.apache.catalina.webresources
18-Nov-2023 16:15:20.924 INFO [main] org.apache.catalina.startup.VersionLoggerListener.log Command line argument: -Dignore.endorsed.dirs=
18-Nov-2023 16:15:20.924 INFO [main] org.apache.catalina.startup.VersionLoggerListener.log Command line argument: -Dcatalina.base=C:\Users\user\Documents\apache-tomcat-9.0.80
18-Nov-2023 16:15:20.926 INFO [main] org.apache.catalina.startup.VersionLoggerListener.log Command line argument: -Dcatalina.home=C:\Users\user\Documents\apache-tomcat-9.0.80
18-Nov-2023 16:15:20.926 INFO [main] org.apache.catalina.startup.VersionLoggerListener.log Command line argument: -Djava.io.tmpdir=C:\Users\user\Documents\apache-tomcat-9.0.80\temp
18-Nov-2023 16:15:20.936 INFO [main] org.apache.catalina.core.AprLifecycleListener.lifecycleEvent Loaded Apache Tomcat Native library [1.2.38] using APR version [1.7.4].
18-Nov-2023 16:15:20.936 INFO [main] org.apache.catalina.core.AprLifecycleListener.lifecycleEvent APR capabilities: IPv6 [true], sendfile [true], accept filters [false], random [true], UDS [true].
18-Nov-2023 16:15:20.936 INFO [main] org.apache.catalina.core.AprLifecycleListener.lifecycleEvent APR/OpenSSL configuration: useAprConnector [false], useOpenSSL [true]
18-Nov-2023 16:15:20.970 INFO [main] org.apache.catalina.core.AprLifecycleListener.initializeSSL OpenSSL successfully initialized [OpenSSL 1.1.1v  1 Aug 2023]
18-Nov-2023 16:15:21.843 INFO [main] org.apache.coyote.AbstractProtocol.init Initializing ProtocolHandler ["http-nio-8080"]
18-Nov-2023 16:15:21.899 INFO [main] org.apache.catalina.startup.Catalina.load Server initialization in [1450] milliseconds
18-Nov-2023 16:15:22.031 INFO [main] org.apache.catalina.core.StandardService.startInternal Starting service [Catalina]
18-Nov-2023 16:15:22.032 INFO [main] org.apache.catalina.core.StandardEngine.startInternal Starting Servlet engine: [Apache Tomcat/9.0.80]
18-Nov-2023 16:15:22.056 INFO [main] org.apache.catalina.startup.HostConfig.deployDescriptor Deploying deployment descriptor [C:\Users\user\Documents\apache-tomcat-9.0.80\conf\Catalina\localhost\smdecommerce.xml]
18-Nov-2023 16:15:22.100 WARNING [main] org.apache.catalina.startup.HostConfig.deployDescriptor The path attribute with value [/smdecommerce] in deployment descriptor [C:\Users\user\Documents\apache-tomcat-9.0.80\conf\Catalina\localhost\smdecommerce.xml] has been ignored
18-Nov-2023 16:15:22.165 SEVERE [main] org.apache.catalina.startup.HostConfig.deployDescriptor Error deploying deployment descriptor [C:\Users\user\Documents\apache-tomcat-9.0.80\conf\Catalina\localhost\smdecommerce.xml]
	java.lang.IllegalStateException: Error starting child
		at org.apache.catalina.core.ContainerBase.addChildInternal(ContainerBase.java:686)
		at org.apache.catalina.core.ContainerBase.addChild(ContainerBase.java:658)
		at org.apache.catalina.core.StandardHost.addChild(StandardHost.java:662)
		at org.apache.catalina.startup.HostConfig.deployDescriptor(HostConfig.java:689)
		at org.apache.catalina.startup.HostConfig$DeployDescriptor.run(HostConfig.java:1888)
		at java.base/java.util.concurrent.Executors$RunnableAdapter.call(Executors.java:577)
		at java.base/java.util.concurrent.FutureTask.run(FutureTask.java:317)
		at org.apache.tomcat.util.threads.InlineExecutorService.execute(InlineExecutorService.java:75)
		at java.base/java.util.concurrent.AbstractExecutorService.submit(AbstractExecutorService.java:123)
		at org.apache.catalina.startup.HostConfig.deployDescriptors(HostConfig.java:582)
		at org.apache.catalina.startup.HostConfig.deployApps(HostConfig.java:472)
		at org.apache.catalina.startup.HostConfig.start(HostConfig.java:1617)
		at org.apache.catalina.startup.HostConfig.lifecycleEvent(HostConfig.java:318)
		at org.apache.catalina.util.LifecycleBase.fireLifecycleEvent(LifecycleBase.java:114)
		at org.apache.catalina.util.LifecycleBase.setStateInternal(LifecycleBase.java:402)
		at org.apache.catalina.util.LifecycleBase.setState(LifecycleBase.java:345)
		at org.apache.catalina.core.ContainerBase.startInternal(ContainerBase.java:893)
		at org.apache.catalina.core.StandardHost.startInternal(StandardHost.java:795)
		at org.apache.catalina.util.LifecycleBase.start(LifecycleBase.java:171)
		at org.apache.catalina.core.ContainerBase$StartChild.call(ContainerBase.java:1332)
		at org.apache.catalina.core.ContainerBase$StartChild.call(ContainerBase.java:1322)
		at java.base/java.util.concurrent.FutureTask.run(FutureTask.java:317)
		at org.apache.tomcat.util.threads.InlineExecutorService.execute(InlineExecutorService.java:75)
		at java.base/java.util.concurrent.AbstractExecutorService.submit(AbstractExecutorService.java:145)
		at org.apache.catalina.core.ContainerBase.startInternal(ContainerBase.java:866)
		at org.apache.catalina.core.StandardEngine.startInternal(StandardEngine.java:249)
		at org.apache.catalina.util.LifecycleBase.start(LifecycleBase.java:171)
		at org.apache.catalina.core.StandardService.startInternal(StandardService.java:433)
		at org.apache.catalina.util.LifecycleBase.start(LifecycleBase.java:171)
		at org.apache.catalina.core.StandardServer.startInternal(StandardServer.java:922)
		at org.apache.catalina.util.LifecycleBase.start(LifecycleBase.java:171)
		at org.apache.catalina.startup.Catalina.start(Catalina.java:772)
		at java.base/jdk.internal.reflect.DirectMethodHandleAccessor.invoke(DirectMethodHandleAccessor.java:104)
		at java.base/java.lang.reflect.Method.invoke(Method.java:578)
		at org.apache.catalina.startup.Bootstrap.start(Bootstrap.java:347)
		at org.apache.catalina.startup.Bootstrap.main(Bootstrap.java:478)
	Caused by: org.apache.catalina.LifecycleException: Failed to start component [org.apache.catalina.webresources.StandardRoot@59e2d8e3]
		at org.apache.catalina.util.LifecycleBase.handleSubClassException(LifecycleBase.java:419)
		at org.apache.catalina.util.LifecycleBase.start(LifecycleBase.java:186)
		at org.apache.catalina.core.StandardContext.resourcesStart(StandardContext.java:4575)
		at org.apache.catalina.core.StandardContext.startInternal(StandardContext.java:4708)
		at org.apache.catalina.util.LifecycleBase.start(LifecycleBase.java:171)
		at org.apache.catalina.core.ContainerBase.addChildInternal(ContainerBase.java:683)
		... 35 more
	Caused by: java.lang.IllegalArgumentException: The main resource set specified [C:\Users\user\Desktop\teste\final_work_e-commerce\build\web] is not a directory or war file, or is not readable (it does not exist or permissions to access it are missing)
		at org.apache.catalina.webresources.StandardRoot.createMainResourceSet(StandardRoot.java:749)
		at org.apache.catalina.webresources.StandardRoot.startInternal(StandardRoot.java:707)
		at org.apache.catalina.util.LifecycleBase.start(LifecycleBase.java:171)
		... 39 more
18-Nov-2023 16:15:22.221 INFO [main] org.apache.catalina.startup.HostConfig.deployDescriptor Deployment of deployment descriptor [C:\Users\user\Documents\apache-tomcat-9.0.80\conf\Catalina\localhost\smdecommerce.xml] has finished in [159] ms
18-Nov-2023 16:15:22.222 INFO [main] org.apache.catalina.startup.HostConfig.deployDirectory Diretório de instalação da aplicação web [C:\Users\user\Documents\apache-tomcat-9.0.80\webapps\docs]
18-Nov-2023 16:15:23.460 INFO [main] org.apache.catalina.startup.HostConfig.deployDirectory Deployment of web application directory [C:\Users\user\Documents\apache-tomcat-9.0.80\webapps\docs] has finished in [1.238] ms
18-Nov-2023 16:15:23.461 INFO [main] org.apache.catalina.startup.HostConfig.deployDirectory Diretório de instalação da aplicação web [C:\Users\user\Documents\apache-tomcat-9.0.80\webapps\examples]
18-Nov-2023 16:15:24.649 INFO [main] org.apache.catalina.startup.HostConfig.deployDirectory Deployment of web application directory [C:\Users\user\Documents\apache-tomcat-9.0.80\webapps\examples] has finished in [1.188] ms
18-Nov-2023 16:15:24.650 INFO [main] org.apache.catalina.startup.HostConfig.deployDirectory Diretório de instalação da aplicação web [C:\Users\user\Documents\apache-tomcat-9.0.80\webapps\host-manager]
18-Nov-2023 16:15:24.803 INFO [main] org.apache.catalina.startup.HostConfig.deployDirectory Deployment of web application directory [C:\Users\user\Documents\apache-tomcat-9.0.80\webapps\host-manager] has finished in [153] ms
18-Nov-2023 16:15:24.805 INFO [main] org.apache.catalina.startup.HostConfig.deployDirectory Diretório de instalação da aplicação web [C:\Users\user\Documents\apache-tomcat-9.0.80\webapps\manager]
18-Nov-2023 16:15:24.987 INFO [main] org.apache.catalina.startup.HostConfig.deployDirectory Deployment of web application directory [C:\Users\user\Documents\apache-tomcat-9.0.80\webapps\manager] has finished in [183] ms
18-Nov-2023 16:15:24.987 INFO [main] org.apache.catalina.startup.HostConfig.deployDirectory Diretório de instalação da aplicação web [C:\Users\user\Documents\apache-tomcat-9.0.80\webapps\ROOT]
18-Nov-2023 16:15:25.221 INFO [main] org.apache.catalina.startup.HostConfig.deployDirectory Deployment of web application directory [C:\Users\user\Documents\apache-tomcat-9.0.80\webapps\ROOT] has finished in [234] ms
18-Nov-2023 16:15:25.242 INFO [main] org.apache.coyote.AbstractProtocol.start Starting ProtocolHandler ["http-nio-8080"]
18-Nov-2023 16:15:25.471 INFO [main] org.apache.catalina.startup.Catalina.start Server startup in [3570] milliseconds
18-Nov-2023 16:15:28.657 INFO [http-nio-8080-exec-9] org.apache.catalina.startup.HostConfig.undeploy Undeploying context [/smdecommerce]
18-Nov-2023 16:15:28.753 INFO [http-nio-8080-exec-5] org.apache.catalina.startup.HostConfig.deployDescriptor Deploying deployment descriptor [C:\Users\user\Documents\apache-tomcat-9.0.80\conf\Catalina\localhost\smdecommerce.xml]
18-Nov-2023 16:15:28.753 WARNING [http-nio-8080-exec-5] org.apache.catalina.startup.HostConfig.deployDescriptor The path attribute with value [/smdecommerce] in deployment descriptor [C:\Users\user\Documents\apache-tomcat-9.0.80\conf\Catalina\localhost\smdecommerce.xml] has been ignored
18-Nov-2023 16:15:30.903 INFO [http-nio-8080-exec-5] org.apache.jasper.servlet.TldScanner.scanJars At least one JAR was scanned for TLDs yet contained no TLDs. Enable debug logging for this logger for a complete list of JARs that were scanned but no TLDs were found in them. Skipping unneeded JARs during scanning can improve startup time and JSP compilation time.
18-Nov-2023 16:15:30.917 INFO [http-nio-8080-exec-5] org.apache.catalina.startup.HostConfig.deployDescriptor Deployment of deployment descriptor [C:\Users\user\Documents\apache-tomcat-9.0.80\conf\Catalina\localhost\smdecommerce.xml] has finished in [2.163] ms
18-Nov-2023 16:15:30.922 INFO [http-nio-8080-exec-3] org.apache.catalina.util.LifecycleBase.start The start() method was called on component [StandardEngine[Catalina].StandardHost[localhost].StandardContext[/smdecommerce]] after start() had already been called. The second call will be ignored.
18-Nov-2023 16:23:49.968 WARNING [http-nio-8080-exec-13] org.apache.catalina.loader.WebappClassLoaderBase.clearReferencesJdbc The web application [smdecommerce] registered the JDBC driver [org.postgresql.Driver] but failed to unregister it when the web application was stopped. To prevent a memory leak, the JDBC Driver has been forcibly unregistered.
18-Nov-2023 16:23:50.540 INFO [http-nio-8080-exec-13] org.apache.catalina.startup.HostConfig.undeploy Undeploying context [/smdecommerce]
18-Nov-2023 16:23:50.584 INFO [http-nio-8080-exec-18] org.apache.catalina.startup.HostConfig.deployDescriptor Deploying deployment descriptor [C:\Users\user\Documents\apache-tomcat-9.0.80\conf\Catalina\localhost\smdecommerce.xml]
18-Nov-2023 16:23:50.588 WARNING [http-nio-8080-exec-18] org.apache.catalina.startup.HostConfig.deployDescriptor The path attribute with value [/smdecommerce] in deployment descriptor [C:\Users\user\Documents\apache-tomcat-9.0.80\conf\Catalina\localhost\smdecommerce.xml] has been ignored
18-Nov-2023 16:23:53.688 WARNING [http-nio-8080-exec-18] org.apache.catalina.webresources.Cache.getResource Unable to add the resource at [/WEB-INF/classes/work/Catalina/localhost/smdecommerce/org/apache/jsp/WEB_002dINF/jsp/categoria/novo_jsp.java] to the cache for web application [/smdecommerce] because there was insufficient free space available after evicting expired cache entries - consider increasing the maximum size of the cache
18-Nov-2023 16:23:54.312 INFO [http-nio-8080-exec-18] org.apache.jasper.servlet.TldScanner.scanJars At least one JAR was scanned for TLDs yet contained no TLDs. Enable debug logging for this logger for a complete list of JARs that were scanned but no TLDs were found in them. Skipping unneeded JARs during scanning can improve startup time and JSP compilation time.
18-Nov-2023 16:23:54.324 INFO [http-nio-8080-exec-18] org.apache.catalina.startup.HostConfig.deployDescriptor Deployment of deployment descriptor [C:\Users\user\Documents\apache-tomcat-9.0.80\conf\Catalina\localhost\smdecommerce.xml] has finished in [3.740] ms
18-Nov-2023 16:23:54.330 INFO [http-nio-8080-exec-19] org.apache.catalina.util.LifecycleBase.start The start() method was called on component [StandardEngine[Catalina].StandardHost[localhost].StandardContext[/smdecommerce]] after start() had already been called. The second call will be ignored.
18-Nov-2023 16:25:45.788 INFO [http-nio-8080-exec-22] org.apache.catalina.core.StandardContext.reload Reloading Context with name [/smdecommerce] has started
18-Nov-2023 16:25:45.796 WARNING [http-nio-8080-exec-22] org.apache.catalina.loader.WebappClassLoaderBase.clearReferencesJdbc The web application [smdecommerce] registered the JDBC driver [org.postgresql.Driver] but failed to unregister it when the web application was stopped. To prevent a memory leak, the JDBC Driver has been forcibly unregistered.
18-Nov-2023 16:25:49.211 WARNING [http-nio-8080-exec-22] org.apache.catalina.webresources.Cache.getResource Unable to add the resource at [/WEB-INF/classes/work/Catalina/localhost/smdecommerce/org/apache/jsp/WEB_002dINF/jsp/categoria/novo_jsp.java] to the cache for web application [/smdecommerce] because there was insufficient free space available after evicting expired cache entries - consider increasing the maximum size of the cache
18-Nov-2023 16:25:49.743 INFO [http-nio-8080-exec-22] org.apache.jasper.servlet.TldScanner.scanJars At least one JAR was scanned for TLDs yet contained no TLDs. Enable debug logging for this logger for a complete list of JARs that were scanned but no TLDs were found in them. Skipping unneeded JARs during scanning can improve startup time and JSP compilation time.
18-Nov-2023 16:25:49.818 INFO [http-nio-8080-exec-22] org.apache.catalina.core.StandardContext.reload Reloading Context with name [/smdecommerce] is completed
18-Nov-2023 16:25:50.793 INFO [http-nio-8080-exec-17] org.apache.catalina.core.StandardContext.reload Reloading Context with name [/smdecommerce] has started
18-Nov-2023 16:25:53.519 WARNING [http-nio-8080-exec-17] org.apache.catalina.webresources.Cache.getResource Unable to add the resource at [/WEB-INF/classes/work/Catalina/localhost/smdecommerce/org/apache/jsp/WEB_002dINF/jsp/categoria/novo_jsp.java] to the cache for web application [/smdecommerce] because there was insufficient free space available after evicting expired cache entries - consider increasing the maximum size of the cache
18-Nov-2023 16:25:54.115 INFO [http-nio-8080-exec-17] org.apache.jasper.servlet.TldScanner.scanJars At least one JAR was scanned for TLDs yet contained no TLDs. Enable debug logging for this logger for a complete list of JARs that were scanned but no TLDs were found in them. Skipping unneeded JARs during scanning can improve startup time and JSP compilation time.
18-Nov-2023 16:25:54.129 INFO [http-nio-8080-exec-17] org.apache.catalina.core.StandardContext.reload Reloading Context with name [/smdecommerce] is completed
18-Nov-2023 16:25:56.803 INFO [http-nio-8080-exec-28] org.apache.catalina.startup.HostConfig.undeploy Undeploying context [/smdecommerce]
18-Nov-2023 16:25:56.848 INFO [http-nio-8080-exec-21] org.apache.catalina.startup.HostConfig.deployDescriptor Deploying deployment descriptor [C:\Users\user\Documents\apache-tomcat-9.0.80\conf\Catalina\localhost\smdecommerce.xml]
18-Nov-2023 16:25:56.850 WARNING [http-nio-8080-exec-21] org.apache.catalina.startup.HostConfig.deployDescriptor The path attribute with value [/smdecommerce] in deployment descriptor [C:\Users\user\Documents\apache-tomcat-9.0.80\conf\Catalina\localhost\smdecommerce.xml] has been ignored
18-Nov-2023 16:25:58.625 WARNING [http-nio-8080-exec-21] org.apache.catalina.webresources.Cache.getResource Unable to add the resource at [/WEB-INF/classes/work/Catalina/localhost/smdecommerce/org/apache/jsp/WEB_002dINF/jsp/categoria/listar_jsp.java] to the cache for web application [/smdecommerce] because there was insufficient free space available after evicting expired cache entries - consider increasing the maximum size of the cache
18-Nov-2023 16:25:58.627 WARNING [http-nio-8080-exec-21] org.apache.catalina.webresources.Cache.getResource Unable to add the resource at [/WEB-INF/classes/work/Catalina/localhost/smdecommerce/org/apache/jsp/WEB_002dINF/jsp/categoria/novo_jsp.java] to the cache for web application [/smdecommerce] because there was insufficient free space available after evicting expired cache entries - consider increasing the maximum size of the cache
18-Nov-2023 16:25:58.884 INFO [http-nio-8080-exec-21] org.apache.jasper.servlet.TldScanner.scanJars At least one JAR was scanned for TLDs yet contained no TLDs. Enable debug logging for this logger for a complete list of JARs that were scanned but no TLDs were found in them. Skipping unneeded JARs during scanning can improve startup time and JSP compilation time.
18-Nov-2023 16:25:58.890 INFO [http-nio-8080-exec-21] org.apache.catalina.startup.HostConfig.deployDescriptor Deployment of deployment descriptor [C:\Users\user\Documents\apache-tomcat-9.0.80\conf\Catalina\localhost\smdecommerce.xml] has finished in [2.042] ms
18-Nov-2023 16:25:58.894 INFO [http-nio-8080-exec-31] org.apache.catalina.util.LifecycleBase.start The start() method was called on component [StandardEngine[Catalina].StandardHost[localhost].StandardContext[/smdecommerce]] after start() had already been called. The second call will be ignored.
18-Nov-2023 16:26:48.766 INFO [Catalina-utility-2] org.apache.catalina.startup.HostConfig.undeploy Undeploying context [/smdecommerce]
18-Nov-2023 16:26:48.771 WARNING [Catalina-utility-2] org.apache.catalina.loader.WebappClassLoaderBase.clearReferencesJdbc The web application [smdecommerce] registered the JDBC driver [org.postgresql.Driver] but failed to unregister it when the web application was stopped. To prevent a memory leak, the JDBC Driver has been forcibly unregistered.
18-Nov-2023 16:26:48.801 INFO [Catalina-utility-2] org.apache.catalina.startup.HostConfig.deployDescriptor Deploying deployment descriptor [C:\Users\user\Documents\apache-tomcat-9.0.80\conf\Catalina\localhost\smdecommerce.xml]
18-Nov-2023 16:26:48.803 WARNING [Catalina-utility-2] org.apache.catalina.startup.HostConfig.deployDescriptor The path attribute with value [/smdecommerce] in deployment descriptor [C:\Users\user\Documents\apache-tomcat-9.0.80\conf\Catalina\localhost\smdecommerce.xml] has been ignored
18-Nov-2023 16:26:48.836 SEVERE [Catalina-utility-2] org.apache.catalina.startup.HostConfig.deployDescriptor Error deploying deployment descriptor [C:\Users\user\Documents\apache-tomcat-9.0.80\conf\Catalina\localhost\smdecommerce.xml]
	java.lang.IllegalStateException: Error starting child
		at org.apache.catalina.core.ContainerBase.addChildInternal(ContainerBase.java:686)
		at org.apache.catalina.core.ContainerBase.addChild(ContainerBase.java:658)
		at org.apache.catalina.core.StandardHost.addChild(StandardHost.java:662)
		at org.apache.catalina.startup.HostConfig.deployDescriptor(HostConfig.java:689)
		at org.apache.catalina.startup.HostConfig$DeployDescriptor.run(HostConfig.java:1888)
		at java.base/java.util.concurrent.Executors$RunnableAdapter.call(Executors.java:577)
		at java.base/java.util.concurrent.FutureTask.run(FutureTask.java:317)
		at org.apache.tomcat.util.threads.InlineExecutorService.execute(InlineExecutorService.java:75)
		at java.base/java.util.concurrent.AbstractExecutorService.submit(AbstractExecutorService.java:123)
		at org.apache.catalina.startup.HostConfig.deployDescriptors(HostConfig.java:582)
		at org.apache.catalina.startup.HostConfig.deployApps(HostConfig.java:472)
		at org.apache.catalina.startup.HostConfig.check(HostConfig.java:1666)
		at org.apache.catalina.startup.HostConfig.lifecycleEvent(HostConfig.java:314)
		at org.apache.catalina.util.LifecycleBase.fireLifecycleEvent(LifecycleBase.java:114)
		at org.apache.catalina.core.ContainerBase.backgroundProcess(ContainerBase.java:1098)
		at org.apache.catalina.core.ContainerBase$ContainerBackgroundProcessor.processChildren(ContainerBase.java:1301)
		at org.apache.catalina.core.ContainerBase$ContainerBackgroundProcessor.processChildren(ContainerBase.java:1305)
		at org.apache.catalina.core.ContainerBase$ContainerBackgroundProcessor.run(ContainerBase.java:1283)
		at java.base/java.util.concurrent.Executors$RunnableAdapter.call(Executors.java:577)
		at java.base/java.util.concurrent.FutureTask.runAndReset(FutureTask.java:358)
		at java.base/java.util.concurrent.ScheduledThreadPoolExecutor$ScheduledFutureTask.run(ScheduledThreadPoolExecutor.java:305)
		at java.base/java.util.concurrent.ThreadPoolExecutor.runWorker(ThreadPoolExecutor.java:1144)
		at java.base/java.util.concurrent.ThreadPoolExecutor$Worker.run(ThreadPoolExecutor.java:642)
		at org.apache.tomcat.util.threads.TaskThread$WrappingRunnable.run(TaskThread.java:61)
		at java.base/java.lang.Thread.run(Thread.java:1623)
	Caused by: org.apache.catalina.LifecycleException: Failed to start component [org.apache.catalina.webresources.StandardRoot@5122a909]
		at org.apache.catalina.util.LifecycleBase.handleSubClassException(LifecycleBase.java:419)
		at org.apache.catalina.util.LifecycleBase.start(LifecycleBase.java:186)
		at org.apache.catalina.core.StandardContext.resourcesStart(StandardContext.java:4575)
		at org.apache.catalina.core.StandardContext.startInternal(StandardContext.java:4708)
		at org.apache.catalina.util.LifecycleBase.start(LifecycleBase.java:171)
		at org.apache.catalina.core.ContainerBase.addChildInternal(ContainerBase.java:683)
		... 24 more
	Caused by: java.lang.IllegalArgumentException: The main resource set specified [C:\Users\user\Desktop\final_work_e-commerce\build\web] is not a directory or war file, or is not readable (it does not exist or permissions to access it are missing)
		at org.apache.catalina.webresources.StandardRoot.createMainResourceSet(StandardRoot.java:749)
		at org.apache.catalina.webresources.StandardRoot.startInternal(StandardRoot.java:707)
		at org.apache.catalina.util.LifecycleBase.start(LifecycleBase.java:171)
		... 28 more
18-Nov-2023 16:26:48.846 INFO [Catalina-utility-2] org.apache.catalina.startup.HostConfig.deployDescriptor Deployment of deployment descriptor [C:\Users\user\Documents\apache-tomcat-9.0.80\conf\Catalina\localhost\smdecommerce.xml] has finished in [45] ms
18-Nov-2023 16:26:58.862 INFO [Catalina-utility-2] org.apache.catalina.startup.HostConfig.reload Reloading context [/smdecommerce]
18-Nov-2023 16:26:59.647 INFO [Catalina-utility-2] org.apache.jasper.servlet.TldScanner.scanJars At least one JAR was scanned for TLDs yet contained no TLDs. Enable debug logging for this logger for a complete list of JARs that were scanned but no TLDs were found in them. Skipping unneeded JARs during scanning can improve startup time and JSP compilation time.
18-Nov-2023 16:27:17.001 INFO [http-nio-8080-exec-37] org.apache.catalina.startup.HostConfig.undeploy Undeploying context [/smdecommerce]
18-Nov-2023 16:27:17.044 INFO [http-nio-8080-exec-34] org.apache.catalina.startup.HostConfig.deployDescriptor Deploying deployment descriptor [C:\Users\user\Documents\apache-tomcat-9.0.80\conf\Catalina\localhost\smdecommerce.xml]
18-Nov-2023 16:27:17.046 WARNING [http-nio-8080-exec-34] org.apache.catalina.startup.HostConfig.deployDescriptor The path attribute with value [/smdecommerce] in deployment descriptor [C:\Users\user\Documents\apache-tomcat-9.0.80\conf\Catalina\localhost\smdecommerce.xml] has been ignored
18-Nov-2023 16:27:19.598 INFO [http-nio-8080-exec-34] org.apache.jasper.servlet.TldScanner.scanJars At least one JAR was scanned for TLDs yet contained no TLDs. Enable debug logging for this logger for a complete list of JARs that were scanned but no TLDs were found in them. Skipping unneeded JARs during scanning can improve startup time and JSP compilation time.
18-Nov-2023 16:27:19.602 INFO [http-nio-8080-exec-34] org.apache.catalina.startup.HostConfig.deployDescriptor Deployment of deployment descriptor [C:\Users\user\Documents\apache-tomcat-9.0.80\conf\Catalina\localhost\smdecommerce.xml] has finished in [2.558] ms
18-Nov-2023 16:27:19.605 INFO [http-nio-8080-exec-39] org.apache.catalina.util.LifecycleBase.start The start() method was called on component [StandardEngine[Catalina].StandardHost[localhost].StandardContext[/smdecommerce]] after start() had already been called. The second call will be ignored.
18-Nov-2023 16:27:19.716 INFO [Catalina-utility-2] org.apache.catalina.webresources.Cache.backgroundProcess The background cache eviction process was unable to free [10] percent of the cache for Context [/smdecommerce] - consider increasing the maximum size of the cache. After eviction approximately [10.213] KiB of data remained in the cache.
18-Nov-2023 16:28:36.149 INFO [main] org.apache.catalina.core.StandardServer.await A valid shutdown command was received via the shutdown port. Stopping the Server instance.
18-Nov-2023 16:28:36.249 INFO [main] org.apache.coyote.AbstractProtocol.pause Pausing ProtocolHandler ["http-nio-8080"]
18-Nov-2023 16:28:36.328 INFO [main] org.apache.catalina.core.StandardService.stopInternal Stopping service [Catalina]
18-Nov-2023 16:28:36.387 WARNING [main] org.apache.catalina.loader.WebappClassLoaderBase.clearReferencesJdbc The web application [smdecommerce] registered the JDBC driver [org.postgresql.Driver] but failed to unregister it when the web application was stopped. To prevent a memory leak, the JDBC Driver has been forcibly unregistered.
18-Nov-2023 16:28:36.456 INFO [main] org.apache.coyote.AbstractProtocol.stop Stopping ProtocolHandler ["http-nio-8080"]
18-Nov-2023 16:28:36.514 INFO [main] org.apache.coyote.AbstractProtocol.destroy Destroying ProtocolHandler ["http-nio-8080"]
18-Nov-2023 16:31:27.754 INFO [main] org.apache.catalina.startup.VersionLoggerListener.log Server version name:   Apache Tomcat/9.0.80
18-Nov-2023 16:31:27.768 INFO [main] org.apache.catalina.startup.VersionLoggerListener.log Server built:          Aug 23 2023 21:59:38 UTC
18-Nov-2023 16:31:27.770 INFO [main] org.apache.catalina.startup.VersionLoggerListener.log Server version number: 9.0.80.0
18-Nov-2023 16:31:27.771 INFO [main] org.apache.catalina.startup.VersionLoggerListener.log OS Name:               Windows 10
18-Nov-2023 16:31:27.771 INFO [main] org.apache.catalina.startup.VersionLoggerListener.log OS Version:            10.0
18-Nov-2023 16:31:27.772 INFO [main] org.apache.catalina.startup.VersionLoggerListener.log Architecture:          amd64
18-Nov-2023 16:31:27.772 INFO [main] org.apache.catalina.startup.VersionLoggerListener.log Java Home:             C:\Program Files\Java\jdk-20
18-Nov-2023 16:31:27.772 INFO [main] org.apache.catalina.startup.VersionLoggerListener.log JVM Version:           20.0.1+9-29
18-Nov-2023 16:31:27.772 INFO [main] org.apache.catalina.startup.VersionLoggerListener.log JVM Vendor:            Oracle Corporation
18-Nov-2023 16:31:27.774 INFO [main] org.apache.catalina.startup.VersionLoggerListener.log CATALINA_BASE:         C:\Users\user\Documents\apache-tomcat-9.0.80
18-Nov-2023 16:31:27.774 INFO [main] org.apache.catalina.startup.VersionLoggerListener.log CATALINA_HOME:         C:\Users\user\Documents\apache-tomcat-9.0.80
18-Nov-2023 16:31:27.810 INFO [main] org.apache.catalina.startup.VersionLoggerListener.log Command line argument: --add-opens=java.base/java.lang=ALL-UNNAMED
18-Nov-2023 16:31:27.810 INFO [main] org.apache.catalina.startup.VersionLoggerListener.log Command line argument: --add-opens=java.base/java.io=ALL-UNNAMED
18-Nov-2023 16:31:27.810 INFO [main] org.apache.catalina.startup.VersionLoggerListener.log Command line argument: --add-opens=java.base/java.util=ALL-UNNAMED
18-Nov-2023 16:31:27.810 INFO [main] org.apache.catalina.startup.VersionLoggerListener.log Command line argument: --add-opens=java.base/java.util.concurrent=ALL-UNNAMED
18-Nov-2023 16:31:27.810 INFO [main] org.apache.catalina.startup.VersionLoggerListener.log Command line argument: --add-opens=java.rmi/sun.rmi.transport=ALL-UNNAMED
18-Nov-2023 16:31:27.810 INFO [main] org.apache.catalina.startup.VersionLoggerListener.log Command line argument: -Djava.util.logging.config.file=C:\Users\user\Documents\apache-tomcat-9.0.80\conf\logging.properties
18-Nov-2023 16:31:27.810 INFO [main] org.apache.catalina.startup.VersionLoggerListener.log Command line argument: -Djava.util.logging.manager=org.apache.juli.ClassLoaderLogManager
18-Nov-2023 16:31:27.817 INFO [main] org.apache.catalina.startup.VersionLoggerListener.log Command line argument: -Djdk.tls.ephemeralDHKeySize=2048
18-Nov-2023 16:31:27.817 INFO [main] org.apache.catalina.startup.VersionLoggerListener.log Command line argument: -Djava.protocol.handler.pkgs=org.apache.catalina.webresources
18-Nov-2023 16:31:27.817 INFO [main] org.apache.catalina.startup.VersionLoggerListener.log Command line argument: -Dignore.endorsed.dirs=
18-Nov-2023 16:31:27.817 INFO [main] org.apache.catalina.startup.VersionLoggerListener.log Command line argument: -Dcatalina.base=C:\Users\user\Documents\apache-tomcat-9.0.80
18-Nov-2023 16:31:27.817 INFO [main] org.apache.catalina.startup.VersionLoggerListener.log Command line argument: -Dcatalina.home=C:\Users\user\Documents\apache-tomcat-9.0.80
18-Nov-2023 16:31:27.817 INFO [main] org.apache.catalina.startup.VersionLoggerListener.log Command line argument: -Djava.io.tmpdir=C:\Users\user\Documents\apache-tomcat-9.0.80\temp
18-Nov-2023 16:31:27.928 INFO [main] org.apache.catalina.core.AprLifecycleListener.lifecycleEvent Loaded Apache Tomcat Native library [1.2.38] using APR version [1.7.4].
18-Nov-2023 16:31:27.928 INFO [main] org.apache.catalina.core.AprLifecycleListener.lifecycleEvent APR capabilities: IPv6 [true], sendfile [true], accept filters [false], random [true], UDS [true].
18-Nov-2023 16:31:27.928 INFO [main] org.apache.catalina.core.AprLifecycleListener.lifecycleEvent APR/OpenSSL configuration: useAprConnector [false], useOpenSSL [true]
18-Nov-2023 16:31:28.002 INFO [main] org.apache.catalina.core.AprLifecycleListener.initializeSSL OpenSSL successfully initialized [OpenSSL 1.1.1v  1 Aug 2023]
18-Nov-2023 16:31:29.026 INFO [main] org.apache.coyote.AbstractProtocol.init Initializing ProtocolHandler ["http-nio-8080"]
18-Nov-2023 16:31:29.149 INFO [main] org.apache.catalina.startup.Catalina.load Server initialization in [2564] milliseconds
18-Nov-2023 16:31:29.287 INFO [main] org.apache.catalina.core.StandardService.startInternal Starting service [Catalina]
18-Nov-2023 16:31:29.288 INFO [main] org.apache.catalina.core.StandardEngine.startInternal Starting Servlet engine: [Apache Tomcat/9.0.80]
18-Nov-2023 16:31:29.306 INFO [main] org.apache.catalina.startup.HostConfig.deployDescriptor Deploying deployment descriptor [C:\Users\user\Documents\apache-tomcat-9.0.80\conf\Catalina\localhost\smdecommerce.xml]
18-Nov-2023 16:31:29.345 WARNING [main] org.apache.catalina.startup.HostConfig.deployDescriptor The path attribute with value [/smdecommerce] in deployment descriptor [C:\Users\user\Documents\apache-tomcat-9.0.80\conf\Catalina\localhost\smdecommerce.xml] has been ignored
18-Nov-2023 16:31:31.239 INFO [main] org.apache.jasper.servlet.TldScanner.scanJars At least one JAR was scanned for TLDs yet contained no TLDs. Enable debug logging for this logger for a complete list of JARs that were scanned but no TLDs were found in them. Skipping unneeded JARs during scanning can improve startup time and JSP compilation time.
18-Nov-2023 16:31:31.594 INFO [main] org.apache.catalina.startup.HostConfig.deployDescriptor Deployment of deployment descriptor [C:\Users\user\Documents\apache-tomcat-9.0.80\conf\Catalina\localhost\smdecommerce.xml] has finished in [2.284] ms
18-Nov-2023 16:31:31.596 INFO [main] org.apache.catalina.startup.HostConfig.deployDirectory Diretório de instalação da aplicação web [C:\Users\user\Documents\apache-tomcat-9.0.80\webapps\docs]
18-Nov-2023 16:31:31.709 INFO [main] org.apache.catalina.startup.HostConfig.deployDirectory Deployment of web application directory [C:\Users\user\Documents\apache-tomcat-9.0.80\webapps\docs] has finished in [114] ms
18-Nov-2023 16:31:31.710 INFO [main] org.apache.catalina.startup.HostConfig.deployDirectory Diretório de instalação da aplicação web [C:\Users\user\Documents\apache-tomcat-9.0.80\webapps\examples]
18-Nov-2023 16:31:33.100 INFO [main] org.apache.catalina.startup.HostConfig.deployDirectory Deployment of web application directory [C:\Users\user\Documents\apache-tomcat-9.0.80\webapps\examples] has finished in [1.389] ms
18-Nov-2023 16:31:33.100 INFO [main] org.apache.catalina.startup.HostConfig.deployDirectory Diretório de instalação da aplicação web [C:\Users\user\Documents\apache-tomcat-9.0.80\webapps\host-manager]
18-Nov-2023 16:31:33.253 INFO [main] org.apache.catalina.startup.HostConfig.deployDirectory Deployment of web application directory [C:\Users\user\Documents\apache-tomcat-9.0.80\webapps\host-manager] has finished in [152] ms
18-Nov-2023 16:31:33.255 INFO [main] org.apache.catalina.startup.HostConfig.deployDirectory Diretório de instalação da aplicação web [C:\Users\user\Documents\apache-tomcat-9.0.80\webapps\manager]
18-Nov-2023 16:31:33.437 INFO [main] org.apache.catalina.startup.HostConfig.deployDirectory Deployment of web application directory [C:\Users\user\Documents\apache-tomcat-9.0.80\webapps\manager] has finished in [183] ms
18-Nov-2023 16:31:33.438 INFO [main] org.apache.catalina.startup.HostConfig.deployDirectory Diretório de instalação da aplicação web [C:\Users\user\Documents\apache-tomcat-9.0.80\webapps\ROOT]
18-Nov-2023 16:31:33.664 INFO [main] org.apache.catalina.startup.HostConfig.deployDirectory Deployment of web application directory [C:\Users\user\Documents\apache-tomcat-9.0.80\webapps\ROOT] has finished in [226] ms
18-Nov-2023 16:31:33.675 INFO [main] org.apache.coyote.AbstractProtocol.start Starting ProtocolHandler ["http-nio-8080"]
18-Nov-2023 16:31:33.850 INFO [main] org.apache.catalina.startup.Catalina.start Server startup in [4697] milliseconds
18-Nov-2023 16:31:37.762 INFO [http-nio-8080-exec-10] org.apache.catalina.startup.HostConfig.undeploy Undeploying context [/smdecommerce]
18-Nov-2023 16:31:37.859 INFO [http-nio-8080-exec-8] org.apache.catalina.startup.HostConfig.deployDescriptor Deploying deployment descriptor [C:\Users\user\Documents\apache-tomcat-9.0.80\conf\Catalina\localhost\smdecommerce.xml]
18-Nov-2023 16:31:37.861 WARNING [http-nio-8080-exec-8] org.apache.catalina.startup.HostConfig.deployDescriptor The path attribute with value [/smdecommerce] in deployment descriptor [C:\Users\user\Documents\apache-tomcat-9.0.80\conf\Catalina\localhost\smdecommerce.xml] has been ignored
18-Nov-2023 16:31:38.466 INFO [http-nio-8080-exec-8] org.apache.jasper.servlet.TldScanner.scanJars At least one JAR was scanned for TLDs yet contained no TLDs. Enable debug logging for this logger for a complete list of JARs that were scanned but no TLDs were found in them. Skipping unneeded JARs during scanning can improve startup time and JSP compilation time.
18-Nov-2023 16:31:38.474 INFO [http-nio-8080-exec-8] org.apache.catalina.startup.HostConfig.deployDescriptor Deployment of deployment descriptor [C:\Users\user\Documents\apache-tomcat-9.0.80\conf\Catalina\localhost\smdecommerce.xml] has finished in [615] ms
18-Nov-2023 16:31:38.480 INFO [http-nio-8080-exec-2] org.apache.catalina.util.LifecycleBase.start The start() method was called on component [StandardEngine[Catalina].StandardHost[localhost].StandardContext[/smdecommerce]] after start() had already been called. The second call will be ignored.
18-Nov-2023 16:32:53.252 INFO [http-nio-8080-exec-18] org.apache.catalina.core.StandardContext.reload Reloading Context with name [/smdecommerce] has started
18-Nov-2023 16:32:53.261 WARNING [http-nio-8080-exec-18] org.apache.catalina.loader.WebappClassLoaderBase.clearReferencesJdbc The web application [smdecommerce] registered the JDBC driver [org.postgresql.Driver] but failed to unregister it when the web application was stopped. To prevent a memory leak, the JDBC Driver has been forcibly unregistered.
18-Nov-2023 16:32:54.682 INFO [http-nio-8080-exec-18] org.apache.jasper.servlet.TldScanner.scanJars At least one JAR was scanned for TLDs yet contained no TLDs. Enable debug logging for this logger for a complete list of JARs that were scanned but no TLDs were found in them. Skipping unneeded JARs during scanning can improve startup time and JSP compilation time.
18-Nov-2023 16:32:54.747 INFO [http-nio-8080-exec-18] org.apache.catalina.core.StandardContext.reload Reloading Context with name [/smdecommerce] is completed
18-Nov-2023 16:32:57.129 INFO [http-nio-8080-exec-13] org.apache.catalina.core.StandardContext.reload Reloading Context with name [/smdecommerce] has started
18-Nov-2023 16:32:57.948 INFO [http-nio-8080-exec-13] org.apache.jasper.servlet.TldScanner.scanJars At least one JAR was scanned for TLDs yet contained no TLDs. Enable debug logging for this logger for a complete list of JARs that were scanned but no TLDs were found in them. Skipping unneeded JARs during scanning can improve startup time and JSP compilation time.
18-Nov-2023 16:32:57.956 INFO [http-nio-8080-exec-13] org.apache.catalina.core.StandardContext.reload Reloading Context with name [/smdecommerce] is completed
18-Nov-2023 16:32:59.550 INFO [http-nio-8080-exec-19] org.apache.catalina.startup.HostConfig.undeploy Undeploying context [/smdecommerce]
18-Nov-2023 16:32:59.585 INFO [http-nio-8080-exec-16] org.apache.catalina.startup.HostConfig.deployDescriptor Deploying deployment descriptor [C:\Users\user\Documents\apache-tomcat-9.0.80\conf\Catalina\localhost\smdecommerce.xml]
18-Nov-2023 16:32:59.588 WARNING [http-nio-8080-exec-16] org.apache.catalina.startup.HostConfig.deployDescriptor The path attribute with value [/smdecommerce] in deployment descriptor [C:\Users\user\Documents\apache-tomcat-9.0.80\conf\Catalina\localhost\smdecommerce.xml] has been ignored
18-Nov-2023 16:33:00.280 INFO [http-nio-8080-exec-16] org.apache.jasper.servlet.TldScanner.scanJars At least one JAR was scanned for TLDs yet contained no TLDs. Enable debug logging for this logger for a complete list of JARs that were scanned but no TLDs were found in them. Skipping unneeded JARs during scanning can improve startup time and JSP compilation time.
18-Nov-2023 16:33:00.288 INFO [http-nio-8080-exec-16] org.apache.catalina.startup.HostConfig.deployDescriptor Deployment of deployment descriptor [C:\Users\user\Documents\apache-tomcat-9.0.80\conf\Catalina\localhost\smdecommerce.xml] has finished in [702] ms
18-Nov-2023 16:33:00.293 INFO [http-nio-8080-exec-20] org.apache.catalina.util.LifecycleBase.start The start() method was called on component [StandardEngine[Catalina].StandardHost[localhost].StandardContext[/smdecommerce]] after start() had already been called. The second call will be ignored.
18-Nov-2023 16:38:55.704 WARNING [http-nio-8080-exec-30] org.apache.catalina.loader.WebappClassLoaderBase.clearReferencesJdbc The web application [smdecommerce] registered the JDBC driver [org.postgresql.Driver] but failed to unregister it when the web application was stopped. To prevent a memory leak, the JDBC Driver has been forcibly unregistered.
18-Nov-2023 16:38:56.221 INFO [http-nio-8080-exec-30] org.apache.catalina.startup.HostConfig.undeploy Undeploying context [/smdecommerce]
18-Nov-2023 16:38:56.773 INFO [Catalina-utility-2] org.apache.catalina.startup.HostConfig.undeploy Undeploying context [/smdecommerce]
18-Nov-2023 16:39:00.491 INFO [http-nio-8080-exec-29] org.apache.catalina.startup.HostConfig.deployDescriptor Deploying deployment descriptor [C:\Users\user\Documents\apache-tomcat-9.0.80\conf\Catalina\localhost\smdecommerce.xml]
18-Nov-2023 16:39:00.493 WARNING [http-nio-8080-exec-29] org.apache.catalina.startup.HostConfig.deployDescriptor The path attribute with value [/smdecommerce] in deployment descriptor [C:\Users\user\Documents\apache-tomcat-9.0.80\conf\Catalina\localhost\smdecommerce.xml] has been ignored
18-Nov-2023 16:39:01.074 INFO [http-nio-8080-exec-29] org.apache.jasper.servlet.TldScanner.scanJars At least one JAR was scanned for TLDs yet contained no TLDs. Enable debug logging for this logger for a complete list of JARs that were scanned but no TLDs were found in them. Skipping unneeded JARs during scanning can improve startup time and JSP compilation time.
18-Nov-2023 16:39:01.079 INFO [http-nio-8080-exec-29] org.apache.catalina.startup.HostConfig.deployDescriptor Deployment of deployment descriptor [C:\Users\user\Documents\apache-tomcat-9.0.80\conf\Catalina\localhost\smdecommerce.xml] has finished in [589] ms
18-Nov-2023 16:39:01.085 INFO [http-nio-8080-exec-34] org.apache.catalina.util.LifecycleBase.start The start() method was called on component [StandardEngine[Catalina].StandardHost[localhost].StandardContext[/smdecommerce]] after start() had already been called. The second call will be ignored.
18-Nov-2023 16:39:37.451 INFO [Catalina-utility-2] org.apache.catalina.startup.HostConfig.undeploy Undeploying context [/smdecommerce]
18-Nov-2023 16:39:37.514 WARNING [Catalina-utility-2] org.apache.catalina.loader.WebappClassLoaderBase.clearReferencesJdbc The web application [smdecommerce] registered the JDBC driver [org.postgresql.Driver] but failed to unregister it when the web application was stopped. To prevent a memory leak, the JDBC Driver has been forcibly unregistered.
18-Nov-2023 16:39:37.704 INFO [Catalina-utility-2] org.apache.catalina.startup.HostConfig.deployDescriptor Deploying deployment descriptor [C:\Users\user\Documents\apache-tomcat-9.0.80\conf\Catalina\localhost\smdecommerce.xml]
18-Nov-2023 16:39:37.707 WARNING [Catalina-utility-2] org.apache.catalina.startup.HostConfig.deployDescriptor The path attribute with value [/smdecommerce] in deployment descriptor [C:\Users\user\Documents\apache-tomcat-9.0.80\conf\Catalina\localhost\smdecommerce.xml] has been ignored
18-Nov-2023 16:39:37.720 SEVERE [Catalina-utility-2] org.apache.catalina.startup.HostConfig.deployDescriptor Error deploying deployment descriptor [C:\Users\user\Documents\apache-tomcat-9.0.80\conf\Catalina\localhost\smdecommerce.xml]
	java.lang.IllegalStateException: Error starting child
		at org.apache.catalina.core.ContainerBase.addChildInternal(ContainerBase.java:686)
		at org.apache.catalina.core.ContainerBase.addChild(ContainerBase.java:658)
		at org.apache.catalina.core.StandardHost.addChild(StandardHost.java:662)
		at org.apache.catalina.startup.HostConfig.deployDescriptor(HostConfig.java:689)
		at org.apache.catalina.startup.HostConfig$DeployDescriptor.run(HostConfig.java:1888)
		at java.base/java.util.concurrent.Executors$RunnableAdapter.call(Executors.java:577)
		at java.base/java.util.concurrent.FutureTask.run(FutureTask.java:317)
		at org.apache.tomcat.util.threads.InlineExecutorService.execute(InlineExecutorService.java:75)
		at java.base/java.util.concurrent.AbstractExecutorService.submit(AbstractExecutorService.java:123)
		at org.apache.catalina.startup.HostConfig.deployDescriptors(HostConfig.java:582)
		at org.apache.catalina.startup.HostConfig.deployApps(HostConfig.java:472)
		at org.apache.catalina.startup.HostConfig.check(HostConfig.java:1666)
		at org.apache.catalina.startup.HostConfig.lifecycleEvent(HostConfig.java:314)
		at org.apache.catalina.util.LifecycleBase.fireLifecycleEvent(LifecycleBase.java:114)
		at org.apache.catalina.core.ContainerBase.backgroundProcess(ContainerBase.java:1098)
		at org.apache.catalina.core.ContainerBase$ContainerBackgroundProcessor.processChildren(ContainerBase.java:1301)
		at org.apache.catalina.core.ContainerBase$ContainerBackgroundProcessor.processChildren(ContainerBase.java:1305)
		at org.apache.catalina.core.ContainerBase$ContainerBackgroundProcessor.run(ContainerBase.java:1283)
		at java.base/java.util.concurrent.Executors$RunnableAdapter.call(Executors.java:577)
		at java.base/java.util.concurrent.FutureTask.runAndReset(FutureTask.java:358)
		at java.base/java.util.concurrent.ScheduledThreadPoolExecutor$ScheduledFutureTask.run(ScheduledThreadPoolExecutor.java:305)
		at java.base/java.util.concurrent.ThreadPoolExecutor.runWorker(ThreadPoolExecutor.java:1144)
		at java.base/java.util.concurrent.ThreadPoolExecutor$Worker.run(ThreadPoolExecutor.java:642)
		at org.apache.tomcat.util.threads.TaskThread$WrappingRunnable.run(TaskThread.java:61)
		at java.base/java.lang.Thread.run(Thread.java:1623)
	Caused by: org.apache.catalina.LifecycleException: Failed to start component [org.apache.catalina.webresources.StandardRoot@75c39ada]
		at org.apache.catalina.util.LifecycleBase.handleSubClassException(LifecycleBase.java:419)
		at org.apache.catalina.util.LifecycleBase.start(LifecycleBase.java:186)
		at org.apache.catalina.core.StandardContext.resourcesStart(StandardContext.java:4575)
		at org.apache.catalina.core.StandardContext.startInternal(StandardContext.java:4708)
		at org.apache.catalina.util.LifecycleBase.start(LifecycleBase.java:171)
		at org.apache.catalina.core.ContainerBase.addChildInternal(ContainerBase.java:683)
		... 24 more
	Caused by: java.lang.IllegalArgumentException: The main resource set specified [C:\Users\user\Desktop\final_work_e-commerce\build\web] is not a directory or war file, or is not readable (it does not exist or permissions to access it are missing)
		at org.apache.catalina.webresources.StandardRoot.createMainResourceSet(StandardRoot.java:749)
		at org.apache.catalina.webresources.StandardRoot.startInternal(StandardRoot.java:707)
		at org.apache.catalina.util.LifecycleBase.start(LifecycleBase.java:171)
		... 28 more
18-Nov-2023 16:39:37.797 INFO [Catalina-utility-2] org.apache.catalina.startup.HostConfig.deployDescriptor Deployment of deployment descriptor [C:\Users\user\Documents\apache-tomcat-9.0.80\conf\Catalina\localhost\smdecommerce.xml] has finished in [93] ms
18-Nov-2023 16:41:48.230 INFO [Catalina-utility-2] org.apache.catalina.startup.HostConfig.reload Reloading context [/smdecommerce]
18-Nov-2023 16:41:49.065 INFO [Catalina-utility-2] org.apache.jasper.servlet.TldScanner.scanJars At least one JAR was scanned for TLDs yet contained no TLDs. Enable debug logging for this logger for a complete list of JARs that were scanned but no TLDs were found in them. Skipping unneeded JARs during scanning can improve startup time and JSP compilation time.
18-Nov-2023 16:42:03.224 INFO [http-nio-8080-exec-42] org.apache.catalina.startup.HostConfig.undeploy Undeploying context [/smdecommerce]
18-Nov-2023 16:42:03.250 INFO [http-nio-8080-exec-43] org.apache.catalina.startup.HostConfig.deployDescriptor Deploying deployment descriptor [C:\Users\user\Documents\apache-tomcat-9.0.80\conf\Catalina\localhost\smdecommerce.xml]
18-Nov-2023 16:42:03.254 WARNING [http-nio-8080-exec-43] org.apache.catalina.startup.HostConfig.deployDescriptor The path attribute with value [/smdecommerce] in deployment descriptor [C:\Users\user\Documents\apache-tomcat-9.0.80\conf\Catalina\localhost\smdecommerce.xml] has been ignored
18-Nov-2023 16:42:05.366 WARNING [http-nio-8080-exec-43] org.apache.catalina.webresources.Cache.getResource Unable to add the resource at [/WEB-INF/classes/webapps/ROOT/WEB-INF/web.xml] to the cache for web application [/smdecommerce] because there was insufficient free space available after evicting expired cache entries - consider increasing the maximum size of the cache
18-Nov-2023 16:42:05.370 WARNING [http-nio-8080-exec-43] org.apache.catalina.webresources.Cache.getResource Unable to add the resource at [/WEB-INF/classes/work/Catalina] to the cache for web application [/smdecommerce] because there was insufficient free space available after evicting expired cache entries - consider increasing the maximum size of the cache
18-Nov-2023 16:42:05.372 WARNING [http-nio-8080-exec-43] org.apache.catalina.webresources.Cache.getResource Unable to add the resource at [/WEB-INF/classes/work/Catalina/localhost] to the cache for web application [/smdecommerce] because there was insufficient free space available after evicting expired cache entries - consider increasing the maximum size of the cache
18-Nov-2023 16:42:05.375 WARNING [http-nio-8080-exec-43] org.apache.catalina.webresources.Cache.getResource Unable to add the resource at [/WEB-INF/classes/work/Catalina/localhost/docs] to the cache for web application [/smdecommerce] because there was insufficient free space available after evicting expired cache entries - consider increasing the maximum size of the cache
18-Nov-2023 16:42:05.376 WARNING [http-nio-8080-exec-43] org.apache.catalina.webresources.Cache.getResource Unable to add the resource at [/WEB-INF/classes/work/Catalina/localhost/examples] to the cache for web application [/smdecommerce] because there was insufficient free space available after evicting expired cache entries - consider increasing the maximum size of the cache
18-Nov-2023 16:42:05.377 WARNING [http-nio-8080-exec-43] org.apache.catalina.webresources.Cache.getResource Unable to add the resource at [/WEB-INF/classes/work/Catalina/localhost/host-manager] to the cache for web application [/smdecommerce] because there was insufficient free space available after evicting expired cache entries - consider increasing the maximum size of the cache
18-Nov-2023 16:42:05.379 WARNING [http-nio-8080-exec-43] org.apache.catalina.webresources.Cache.getResource Unable to add the resource at [/WEB-INF/classes/work/Catalina/localhost/manager] to the cache for web application [/smdecommerce] because there was insufficient free space available after evicting expired cache entries - consider increasing the maximum size of the cache
18-Nov-2023 16:42:05.380 WARNING [http-nio-8080-exec-43] org.apache.catalina.webresources.Cache.getResource Unable to add the resource at [/WEB-INF/classes/work/Catalina/localhost/ROOT] to the cache for web application [/smdecommerce] because there was insufficient free space available after evicting expired cache entries - consider increasing the maximum size of the cache
18-Nov-2023 16:42:05.382 WARNING [http-nio-8080-exec-43] org.apache.catalina.webresources.Cache.getResource Unable to add the resource at [/WEB-INF/classes/work/Catalina/localhost/smdecommerce] to the cache for web application [/smdecommerce] because there was insufficient free space available after evicting expired cache entries - consider increasing the maximum size of the cache
18-Nov-2023 16:42:05.390 WARNING [http-nio-8080-exec-43] org.apache.catalina.webresources.Cache.getResource Unable to add the resource at [/WEB-INF/classes/work/Catalina/localhost/manager/org] to the cache for web application [/smdecommerce] because there was insufficient free space available after evicting expired cache entries - consider increasing the maximum size of the cache
18-Nov-2023 16:42:05.393 WARNING [http-nio-8080-exec-43] org.apache.catalina.webresources.Cache.getResource Unable to add the resource at [/WEB-INF/classes/work/Catalina/localhost/manager/org/apache] to the cache for web application [/smdecommerce] because there was insufficient free space available after evicting expired cache entries - consider increasing the maximum size of the cache
18-Nov-2023 16:42:05.440 WARNING [http-nio-8080-exec-43] org.apache.catalina.webresources.Cache.getResource Unable to add the resource at [/WEB-INF/classes/work/Catalina/localhost/manager/org/apache/jsp] to the cache for web application [/smdecommerce] because there was insufficient free space available after evicting expired cache entries - consider increasing the maximum size of the cache
18-Nov-2023 16:42:05.445 WARNING [http-nio-8080-exec-43] org.apache.catalina.webresources.Cache.getResource Unable to add the resource at [/WEB-INF/classes/work/Catalina/localhost/manager/org/apache/jsp/WEB_002dINF] to the cache for web application [/smdecommerce] because there was insufficient free space available after evicting expired cache entries - consider increasing the maximum size of the cache
18-Nov-2023 16:42:05.450 WARNING [http-nio-8080-exec-43] org.apache.catalina.webresources.Cache.getResource Unable to add the resource at [/WEB-INF/classes/work/Catalina/localhost/manager/org/apache/jsp/WEB_002dINF/jsp] to the cache for web application [/smdecommerce] because there was insufficient free space available after evicting expired cache entries - consider increasing the maximum size of the cache
18-Nov-2023 16:42:05.458 WARNING [http-nio-8080-exec-43] org.apache.catalina.webresources.Cache.getResource Unable to add the resource at [/WEB-INF/classes/work/Catalina/localhost/manager/org/apache/jsp/WEB_002dINF/jsp/_401_jsp.java] to the cache for web application [/smdecommerce] because there was insufficient free space available after evicting expired cache entries - consider increasing the maximum size of the cache
18-Nov-2023 16:42:05.714 WARNING [http-nio-8080-exec-43] org.apache.catalina.webresources.Cache.getResource Unable to add the resource at [/WEB-INF/classes/] to the cache for web application [/smdecommerce] because there was insufficient free space available after evicting expired cache entries - consider increasing the maximum size of the cache
18-Nov-2023 16:42:05.717 WARNING [http-nio-8080-exec-43] org.apache.catalina.webresources.Cache.getResource Unable to add the resource at [/WEB-INF/classes/] to the cache for web application [/smdecommerce] because there was insufficient free space available after evicting expired cache entries - consider increasing the maximum size of the cache
18-Nov-2023 16:42:05.728 WARNING [http-nio-8080-exec-43] org.apache.catalina.webresources.Cache.getResource Unable to add the resource at [/WEB-INF/classes/] to the cache for web application [/smdecommerce] because there was insufficient free space available after evicting expired cache entries - consider increasing the maximum size of the cache
18-Nov-2023 16:42:05.733 WARNING [http-nio-8080-exec-43] org.apache.catalina.webresources.Cache.getResource Unable to add the resource at [/WEB-INF/classes/] to the cache for web application [/smdecommerce] because there was insufficient free space available after evicting expired cache entries - consider increasing the maximum size of the cache
18-Nov-2023 16:42:05.738 WARNING [http-nio-8080-exec-43] org.apache.catalina.webresources.Cache.getResource Unable to add the resource at [/WEB-INF/classes/] to the cache for web application [/smdecommerce] because there was insufficient free space available after evicting expired cache entries - consider increasing the maximum size of the cache
18-Nov-2023 16:42:05.742 WARNING [http-nio-8080-exec-43] org.apache.catalina.webresources.Cache.getResource Unable to add the resource at [/WEB-INF/classes/] to the cache for web application [/smdecommerce] because there was insufficient free space available after evicting expired cache entries - consider increasing the maximum size of the cache
18-Nov-2023 16:42:05.745 WARNING [http-nio-8080-exec-43] org.apache.catalina.webresources.Cache.getResource Unable to add the resource at [/WEB-INF/classes/] to the cache for web application [/smdecommerce] because there was insufficient free space available after evicting expired cache entries - consider increasing the maximum size of the cache
18-Nov-2023 16:42:05.748 WARNING [http-nio-8080-exec-43] org.apache.catalina.webresources.Cache.getResource Unable to add the resource at [/WEB-INF/classes/] to the cache for web application [/smdecommerce] because there was insufficient free space available after evicting expired cache entries - consider increasing the maximum size of the cache
18-Nov-2023 16:42:05.751 WARNING [http-nio-8080-exec-43] org.apache.catalina.webresources.Cache.getResource Unable to add the resource at [/WEB-INF/classes/] to the cache for web application [/smdecommerce] because there was insufficient free space available after evicting expired cache entries - consider increasing the maximum size of the cache
18-Nov-2023 16:42:05.754 WARNING [http-nio-8080-exec-43] org.apache.catalina.webresources.Cache.getResource Unable to add the resource at [/WEB-INF/classes/] to the cache for web application [/smdecommerce] because there was insufficient free space available after evicting expired cache entries - consider increasing the maximum size of the cache
18-Nov-2023 16:42:05.757 WARNING [http-nio-8080-exec-43] org.apache.catalina.webresources.Cache.getResource Unable to add the resource at [/WEB-INF/classes/] to the cache for web application [/smdecommerce] because there was insufficient free space available after evicting expired cache entries - consider increasing the maximum size of the cache
18-Nov-2023 16:42:05.761 WARNING [http-nio-8080-exec-43] org.apache.catalina.webresources.Cache.getResource Unable to add the resource at [/WEB-INF/classes/] to the cache for web application [/smdecommerce] because there was insufficient free space available after evicting expired cache entries - consider increasing the maximum size of the cache
18-Nov-2023 16:42:05.802 INFO [http-nio-8080-exec-43] org.apache.jasper.servlet.TldScanner.scanJars At least one JAR was scanned for TLDs yet contained no TLDs. Enable debug logging for this logger for a complete list of JARs that were scanned but no TLDs were found in them. Skipping unneeded JARs during scanning can improve startup time and JSP compilation time.
18-Nov-2023 16:42:05.806 WARNING [http-nio-8080-exec-43] org.apache.catalina.webresources.Cache.getResource Unable to add the resource at [/] to the cache for web application [/smdecommerce] because there was insufficient free space available after evicting expired cache entries - consider increasing the maximum size of the cache
18-Nov-2023 16:42:05.809 INFO [http-nio-8080-exec-43] org.apache.catalina.startup.HostConfig.deployDescriptor Deployment of deployment descriptor [C:\Users\user\Documents\apache-tomcat-9.0.80\conf\Catalina\localhost\smdecommerce.xml] has finished in [2.558] ms
18-Nov-2023 16:42:05.811 INFO [http-nio-8080-exec-35] org.apache.catalina.util.LifecycleBase.start The start() method was called on component [StandardEngine[Catalina].StandardHost[localhost].StandardContext[/smdecommerce]] after start() had already been called. The second call will be ignored.
18-Nov-2023 16:42:07.919 WARNING [http-nio-8080-exec-40] org.apache.catalina.webresources.Cache.getResource Unable to add the resource at [/WEB-INF/classes/] to the cache for web application [/smdecommerce] because there was insufficient free space available after evicting expired cache entries - consider increasing the maximum size of the cache
18-Nov-2023 16:51:09.495 WARNING [http-nio-8080-exec-45] org.apache.catalina.loader.WebappClassLoaderBase.clearReferencesJdbc The web application [smdecommerce] registered the JDBC driver [org.postgresql.Driver] but failed to unregister it when the web application was stopped. To prevent a memory leak, the JDBC Driver has been forcibly unregistered.
18-Nov-2023 16:51:10.028 INFO [http-nio-8080-exec-45] org.apache.catalina.startup.HostConfig.undeploy Undeploying context [/smdecommerce]
18-Nov-2023 16:51:10.058 INFO [http-nio-8080-exec-50] org.apache.catalina.startup.HostConfig.deployDescriptor Deploying deployment descriptor [C:\Users\user\Documents\apache-tomcat-9.0.80\conf\Catalina\localhost\smdecommerce.xml]
18-Nov-2023 16:51:10.060 WARNING [http-nio-8080-exec-50] org.apache.catalina.startup.HostConfig.deployDescriptor The path attribute with value [/smdecommerce] in deployment descriptor [C:\Users\user\Documents\apache-tomcat-9.0.80\conf\Catalina\localhost\smdecommerce.xml] has been ignored
18-Nov-2023 16:51:13.257 WARNING [http-nio-8080-exec-50] org.apache.catalina.webresources.Cache.getResource Unable to add the resource at [/WEB-INF/classes/webapps/ROOT/tomcat.svg] to the cache for web application [/smdecommerce] because there was insufficient free space available after evicting expired cache entries - consider increasing the maximum size of the cache
18-Nov-2023 16:51:13.374 WARNING [http-nio-8080-exec-50] org.apache.catalina.webresources.Cache.getResource Unable to add the resource at [/WEB-INF/classes/work/Catalina/localhost/smdecommerce/org/apache/jsp/novoCliente_jsp.java] to the cache for web application [/smdecommerce] because there was insufficient free space available after evicting expired cache entries - consider increasing the maximum size of the cache
18-Nov-2023 16:51:13.409 WARNING [http-nio-8080-exec-50] org.apache.catalina.webresources.Cache.getResource Unable to add the resource at [/WEB-INF/classes/work/Catalina/localhost/smdecommerce/org/apache/jsp/WEB_002dINF/jsp/admin_jsp.java] to the cache for web application [/smdecommerce] because there was insufficient free space available after evicting expired cache entries - consider increasing the maximum size of the cache
18-Nov-2023 16:51:13.440 WARNING [http-nio-8080-exec-50] org.apache.catalina.webresources.Cache.getResource Unable to add the resource at [/WEB-INF/classes/work/Catalina/localhost/smdecommerce/org/apache/jsp/WEB_002dINF/jsp/produto/listar_jsp.java] to the cache for web application [/smdecommerce] because there was insufficient free space available after evicting expired cache entries - consider increasing the maximum size of the cache
18-Nov-2023 16:51:13.826 INFO [http-nio-8080-exec-50] org.apache.jasper.servlet.TldScanner.scanJars At least one JAR was scanned for TLDs yet contained no TLDs. Enable debug logging for this logger for a complete list of JARs that were scanned but no TLDs were found in them. Skipping unneeded JARs during scanning can improve startup time and JSP compilation time.
18-Nov-2023 16:51:13.833 INFO [http-nio-8080-exec-50] org.apache.catalina.startup.HostConfig.deployDescriptor Deployment of deployment descriptor [C:\Users\user\Documents\apache-tomcat-9.0.80\conf\Catalina\localhost\smdecommerce.xml] has finished in [3.776] ms
18-Nov-2023 16:51:13.838 INFO [http-nio-8080-exec-51] org.apache.catalina.util.LifecycleBase.start The start() method was called on component [StandardEngine[Catalina].StandardHost[localhost].StandardContext[/smdecommerce]] after start() had already been called. The second call will be ignored.
