10-Sep-2023 22:03:02.148 INFO [main] org.apache.catalina.startup.VersionLoggerListener.log Server version name:   Apache Tomcat/9.0.80
10-Sep-2023 22:03:02.162 INFO [main] org.apache.catalina.startup.VersionLoggerListener.log Server built:          Aug 23 2023 21:59:38 UTC
10-Sep-2023 22:03:02.162 INFO [main] org.apache.catalina.startup.VersionLoggerListener.log Server version number: 9.0.80.0
10-Sep-2023 22:03:02.162 INFO [main] org.apache.catalina.startup.VersionLoggerListener.log OS Name:               Windows 10
10-Sep-2023 22:03:02.162 INFO [main] org.apache.catalina.startup.VersionLoggerListener.log OS Version:            10.0
10-Sep-2023 22:03:02.163 INFO [main] org.apache.catalina.startup.VersionLoggerListener.log Architecture:          amd64
10-Sep-2023 22:03:02.163 INFO [main] org.apache.catalina.startup.VersionLoggerListener.log Java Home:             C:\Program Files\Java\jdk-20
10-Sep-2023 22:03:02.163 INFO [main] org.apache.catalina.startup.VersionLoggerListener.log JVM Version:           20.0.1+9-29
10-Sep-2023 22:03:02.163 INFO [main] org.apache.catalina.startup.VersionLoggerListener.log JVM Vendor:            Oracle Corporation
10-Sep-2023 22:03:02.163 INFO [main] org.apache.catalina.startup.VersionLoggerListener.log CATALINA_BASE:         C:\Users\user\Documents\apache-tomcat-9.0.80
10-Sep-2023 22:03:02.164 INFO [main] org.apache.catalina.startup.VersionLoggerListener.log CATALINA_HOME:         C:\Users\user\Documents\apache-tomcat-9.0.80
10-Sep-2023 22:03:02.234 INFO [main] org.apache.catalina.startup.VersionLoggerListener.log Command line argument: --add-opens=java.base/java.lang=ALL-UNNAMED
10-Sep-2023 22:03:02.235 INFO [main] org.apache.catalina.startup.VersionLoggerListener.log Command line argument: --add-opens=java.base/java.io=ALL-UNNAMED
10-Sep-2023 22:03:02.235 INFO [main] org.apache.catalina.startup.VersionLoggerListener.log Command line argument: --add-opens=java.base/java.util=ALL-UNNAMED
10-Sep-2023 22:03:02.236 INFO [main] org.apache.catalina.startup.VersionLoggerListener.log Command line argument: --add-opens=java.base/java.util.concurrent=ALL-UNNAMED
10-Sep-2023 22:03:02.236 INFO [main] org.apache.catalina.startup.VersionLoggerListener.log Command line argument: --add-opens=java.rmi/sun.rmi.transport=ALL-UNNAMED
10-Sep-2023 22:03:02.236 INFO [main] org.apache.catalina.startup.VersionLoggerListener.log Command line argument: -Djava.util.logging.config.file=C:\Users\user\Documents\apache-tomcat-9.0.80\conf\logging.properties
10-Sep-2023 22:03:02.236 INFO [main] org.apache.catalina.startup.VersionLoggerListener.log Command line argument: -Djava.util.logging.manager=org.apache.juli.ClassLoaderLogManager
10-Sep-2023 22:03:02.238 INFO [main] org.apache.catalina.startup.VersionLoggerListener.log Command line argument: -Djdk.tls.ephemeralDHKeySize=2048
10-Sep-2023 22:03:02.238 INFO [main] org.apache.catalina.startup.VersionLoggerListener.log Command line argument: -Djava.protocol.handler.pkgs=org.apache.catalina.webresources
10-Sep-2023 22:03:02.238 INFO [main] org.apache.catalina.startup.VersionLoggerListener.log Command line argument: -Dignore.endorsed.dirs=
10-Sep-2023 22:03:02.238 INFO [main] org.apache.catalina.startup.VersionLoggerListener.log Command line argument: -Dcatalina.base=C:\Users\user\Documents\apache-tomcat-9.0.80
10-Sep-2023 22:03:02.239 INFO [main] org.apache.catalina.startup.VersionLoggerListener.log Command line argument: -Dcatalina.home=C:\Users\user\Documents\apache-tomcat-9.0.80
10-Sep-2023 22:03:02.239 INFO [main] org.apache.catalina.startup.VersionLoggerListener.log Command line argument: -Djava.io.tmpdir=C:\Users\user\Documents\apache-tomcat-9.0.80\temp
10-Sep-2023 22:03:02.431 INFO [main] org.apache.catalina.core.AprLifecycleListener.lifecycleEvent Loaded Apache Tomcat Native library [1.2.38] using APR version [1.7.4].
10-Sep-2023 22:03:02.431 INFO [main] org.apache.catalina.core.AprLifecycleListener.lifecycleEvent APR capabilities: IPv6 [true], sendfile [true], accept filters [false], random [true], UDS [true].
10-Sep-2023 22:03:02.431 INFO [main] org.apache.catalina.core.AprLifecycleListener.lifecycleEvent APR/OpenSSL configuration: useAprConnector [false], useOpenSSL [true]
10-Sep-2023 22:03:02.501 INFO [main] org.apache.catalina.core.AprLifecycleListener.initializeSSL OpenSSL successfully initialized [OpenSSL 1.1.1v  1 Aug 2023]
10-Sep-2023 22:03:03.649 INFO [main] org.apache.coyote.AbstractProtocol.init Initializing ProtocolHandler ["http-nio-8080"]
10-Sep-2023 22:03:03.827 INFO [main] org.apache.catalina.startup.Catalina.load Server initialization in [2460] milliseconds
10-Sep-2023 22:03:04.561 INFO [main] org.apache.catalina.core.StandardService.startInternal Starting service [Catalina]
10-Sep-2023 22:03:04.561 INFO [main] org.apache.catalina.core.StandardEngine.startInternal Starting Servlet engine: [Apache Tomcat/9.0.80]
10-Sep-2023 22:03:04.624 INFO [main] org.apache.catalina.startup.HostConfig.deployDirectory Diretório de instalação da aplicação web [C:\Users\user\Documents\apache-tomcat-9.0.80\webapps\docs]
10-Sep-2023 22:03:06.464 WARNING [main] org.apache.catalina.util.SessionIdGeneratorBase.createSecureRandom Creation of SecureRandom instance for session ID generation using [SHA1PRNG] took [314] milliseconds.
10-Sep-2023 22:03:06.531 INFO [main] org.apache.catalina.startup.HostConfig.deployDirectory Deployment of web application directory [C:\Users\user\Documents\apache-tomcat-9.0.80\webapps\docs] has finished in [1.907] ms
10-Sep-2023 22:03:06.532 INFO [main] org.apache.catalina.startup.HostConfig.deployDirectory Diretório de instalação da aplicação web [C:\Users\user\Documents\apache-tomcat-9.0.80\webapps\examples]
10-Sep-2023 22:03:11.313 INFO [main] org.apache.catalina.startup.HostConfig.deployDirectory Deployment of web application directory [C:\Users\user\Documents\apache-tomcat-9.0.80\webapps\examples] has finished in [4.781] ms
10-Sep-2023 22:03:11.314 INFO [main] org.apache.catalina.startup.HostConfig.deployDirectory Diretório de instalação da aplicação web [C:\Users\user\Documents\apache-tomcat-9.0.80\webapps\host-manager]
10-Sep-2023 22:03:11.593 INFO [main] org.apache.catalina.startup.HostConfig.deployDirectory Deployment of web application directory [C:\Users\user\Documents\apache-tomcat-9.0.80\webapps\host-manager] has finished in [279] ms
10-Sep-2023 22:03:11.594 INFO [main] org.apache.catalina.startup.HostConfig.deployDirectory Diretório de instalação da aplicação web [C:\Users\user\Documents\apache-tomcat-9.0.80\webapps\manager]
10-Sep-2023 22:03:11.806 INFO [main] org.apache.catalina.startup.HostConfig.deployDirectory Deployment of web application directory [C:\Users\user\Documents\apache-tomcat-9.0.80\webapps\manager] has finished in [212] ms
10-Sep-2023 22:03:11.806 INFO [main] org.apache.catalina.startup.HostConfig.deployDirectory Diretório de instalação da aplicação web [C:\Users\user\Documents\apache-tomcat-9.0.80\webapps\ROOT]
10-Sep-2023 22:03:11.960 INFO [main] org.apache.catalina.startup.HostConfig.deployDirectory Deployment of web application directory [C:\Users\user\Documents\apache-tomcat-9.0.80\webapps\ROOT] has finished in [153] ms
10-Sep-2023 22:03:11.968 INFO [main] org.apache.coyote.AbstractProtocol.start Starting ProtocolHandler ["http-nio-8080"]
10-Sep-2023 22:03:12.496 INFO [main] org.apache.catalina.startup.Catalina.start Server startup in [8660] milliseconds
10-Sep-2023 22:03:20.774 INFO [http-nio-8080-exec-3] org.apache.catalina.startup.HostConfig.deployDescriptor Deploying deployment descriptor [C:\Users\user\Documents\apache-tomcat-9.0.80\conf\Catalina\localhost\smdecommerce.xml]
10-Sep-2023 22:03:20.777 WARNING [http-nio-8080-exec-3] org.apache.catalina.startup.HostConfig.deployDescriptor The path attribute with value [/smdecommerce] in deployment descriptor [C:\Users\user\Documents\apache-tomcat-9.0.80\conf\Catalina\localhost\smdecommerce.xml] has been ignored
10-Sep-2023 22:03:21.011 INFO [http-nio-8080-exec-3] org.apache.catalina.startup.HostConfig.deployDescriptor Deployment of deployment descriptor [C:\Users\user\Documents\apache-tomcat-9.0.80\conf\Catalina\localhost\smdecommerce.xml] has finished in [237] ms
10-Sep-2023 22:03:21.021 INFO [http-nio-8080-exec-2] org.apache.catalina.util.LifecycleBase.start The start() method was called on component [StandardEngine[Catalina].StandardHost[localhost].StandardContext[/smdecommerce]] after start() had already been called. The second call will be ignored.
10-Sep-2023 22:06:38.206 INFO [main] org.apache.catalina.core.StandardServer.await A valid shutdown command was received via the shutdown port. Stopping the Server instance.
10-Sep-2023 22:06:38.207 INFO [main] org.apache.coyote.AbstractProtocol.pause Pausing ProtocolHandler ["http-nio-8080"]
10-Sep-2023 22:06:38.228 INFO [main] org.apache.catalina.core.StandardService.stopInternal Stopping service [Catalina]
10-Sep-2023 22:06:39.165 INFO [main] org.apache.coyote.AbstractProtocol.stop Stopping ProtocolHandler ["http-nio-8080"]
10-Sep-2023 22:06:39.376 INFO [main] org.apache.coyote.AbstractProtocol.destroy Destroying ProtocolHandler ["http-nio-8080"]
10-Sep-2023 23:24:38.048 INFO [main] org.apache.catalina.startup.VersionLoggerListener.log Server version name:   Apache Tomcat/9.0.80
10-Sep-2023 23:24:38.057 INFO [main] org.apache.catalina.startup.VersionLoggerListener.log Server built:          Aug 23 2023 21:59:38 UTC
10-Sep-2023 23:24:38.057 INFO [main] org.apache.catalina.startup.VersionLoggerListener.log Server version number: 9.0.80.0
10-Sep-2023 23:24:38.058 INFO [main] org.apache.catalina.startup.VersionLoggerListener.log OS Name:               Windows 10
10-Sep-2023 23:24:38.058 INFO [main] org.apache.catalina.startup.VersionLoggerListener.log OS Version:            10.0
10-Sep-2023 23:24:38.058 INFO [main] org.apache.catalina.startup.VersionLoggerListener.log Architecture:          amd64
10-Sep-2023 23:24:38.058 INFO [main] org.apache.catalina.startup.VersionLoggerListener.log Java Home:             C:\Program Files\Java\jdk-20
10-Sep-2023 23:24:38.058 INFO [main] org.apache.catalina.startup.VersionLoggerListener.log JVM Version:           20.0.1+9-29
10-Sep-2023 23:24:38.059 INFO [main] org.apache.catalina.startup.VersionLoggerListener.log JVM Vendor:            Oracle Corporation
10-Sep-2023 23:24:38.059 INFO [main] org.apache.catalina.startup.VersionLoggerListener.log CATALINA_BASE:         C:\Users\user\Documents\apache-tomcat-9.0.80
10-Sep-2023 23:24:38.059 INFO [main] org.apache.catalina.startup.VersionLoggerListener.log CATALINA_HOME:         C:\Users\user\Documents\apache-tomcat-9.0.80
10-Sep-2023 23:24:38.088 INFO [main] org.apache.catalina.startup.VersionLoggerListener.log Command line argument: --add-opens=java.base/java.lang=ALL-UNNAMED
10-Sep-2023 23:24:38.093 INFO [main] org.apache.catalina.startup.VersionLoggerListener.log Command line argument: --add-opens=java.base/java.io=ALL-UNNAMED
10-Sep-2023 23:24:38.093 INFO [main] org.apache.catalina.startup.VersionLoggerListener.log Command line argument: --add-opens=java.base/java.util=ALL-UNNAMED
10-Sep-2023 23:24:38.093 INFO [main] org.apache.catalina.startup.VersionLoggerListener.log Command line argument: --add-opens=java.base/java.util.concurrent=ALL-UNNAMED
10-Sep-2023 23:24:38.094 INFO [main] org.apache.catalina.startup.VersionLoggerListener.log Command line argument: --add-opens=java.rmi/sun.rmi.transport=ALL-UNNAMED
10-Sep-2023 23:24:38.094 INFO [main] org.apache.catalina.startup.VersionLoggerListener.log Command line argument: -Djava.util.logging.config.file=C:\Users\user\Documents\apache-tomcat-9.0.80\conf\logging.properties
10-Sep-2023 23:24:38.094 INFO [main] org.apache.catalina.startup.VersionLoggerListener.log Command line argument: -Djava.util.logging.manager=org.apache.juli.ClassLoaderLogManager
10-Sep-2023 23:24:38.094 INFO [main] org.apache.catalina.startup.VersionLoggerListener.log Command line argument: -Djdk.tls.ephemeralDHKeySize=2048
10-Sep-2023 23:24:38.095 INFO [main] org.apache.catalina.startup.VersionLoggerListener.log Command line argument: -Djava.protocol.handler.pkgs=org.apache.catalina.webresources
10-Sep-2023 23:24:38.095 INFO [main] org.apache.catalina.startup.VersionLoggerListener.log Command line argument: -Dignore.endorsed.dirs=
10-Sep-2023 23:24:38.095 INFO [main] org.apache.catalina.startup.VersionLoggerListener.log Command line argument: -Dcatalina.base=C:\Users\user\Documents\apache-tomcat-9.0.80
10-Sep-2023 23:24:38.095 INFO [main] org.apache.catalina.startup.VersionLoggerListener.log Command line argument: -Dcatalina.home=C:\Users\user\Documents\apache-tomcat-9.0.80
10-Sep-2023 23:24:38.095 INFO [main] org.apache.catalina.startup.VersionLoggerListener.log Command line argument: -Djava.io.tmpdir=C:\Users\user\Documents\apache-tomcat-9.0.80\temp
10-Sep-2023 23:24:38.181 INFO [main] org.apache.catalina.core.AprLifecycleListener.lifecycleEvent Loaded Apache Tomcat Native library [1.2.38] using APR version [1.7.4].
10-Sep-2023 23:24:38.181 INFO [main] org.apache.catalina.core.AprLifecycleListener.lifecycleEvent APR capabilities: IPv6 [true], sendfile [true], accept filters [false], random [true], UDS [true].
10-Sep-2023 23:24:38.181 INFO [main] org.apache.catalina.core.AprLifecycleListener.lifecycleEvent APR/OpenSSL configuration: useAprConnector [false], useOpenSSL [true]
10-Sep-2023 23:24:38.350 INFO [main] org.apache.catalina.core.AprLifecycleListener.initializeSSL OpenSSL successfully initialized [OpenSSL 1.1.1v  1 Aug 2023]
10-Sep-2023 23:24:39.409 INFO [main] org.apache.coyote.AbstractProtocol.init Initializing ProtocolHandler ["http-nio-8080"]
10-Sep-2023 23:24:39.533 INFO [main] org.apache.catalina.startup.Catalina.load Server initialization in [2549] milliseconds
10-Sep-2023 23:24:39.720 INFO [main] org.apache.catalina.core.StandardService.startInternal Starting service [Catalina]
10-Sep-2023 23:24:39.720 INFO [main] org.apache.catalina.core.StandardEngine.startInternal Starting Servlet engine: [Apache Tomcat/9.0.80]
10-Sep-2023 23:24:39.765 INFO [main] org.apache.catalina.startup.HostConfig.deployDescriptor Deploying deployment descriptor [C:\Users\user\Documents\apache-tomcat-9.0.80\conf\Catalina\localhost\smdecommerce.xml]
10-Sep-2023 23:24:39.817 WARNING [main] org.apache.catalina.startup.HostConfig.deployDescriptor The path attribute with value [/smdecommerce] in deployment descriptor [C:\Users\user\Documents\apache-tomcat-9.0.80\conf\Catalina\localhost\smdecommerce.xml] has been ignored
10-Sep-2023 23:24:41.858 INFO [main] org.apache.jasper.servlet.TldScanner.scanJars At least one JAR was scanned for TLDs yet contained no TLDs. Enable debug logging for this logger for a complete list of JARs that were scanned but no TLDs were found in them. Skipping unneeded JARs during scanning can improve startup time and JSP compilation time.
10-Sep-2023 23:24:42.140 INFO [main] org.apache.catalina.startup.HostConfig.deployDescriptor Deployment of deployment descriptor [C:\Users\user\Documents\apache-tomcat-9.0.80\conf\Catalina\localhost\smdecommerce.xml] has finished in [2.370] ms
10-Sep-2023 23:24:42.142 INFO [main] org.apache.catalina.startup.HostConfig.deployDirectory Diretório de instalação da aplicação web [C:\Users\user\Documents\apache-tomcat-9.0.80\webapps\docs]
10-Sep-2023 23:24:42.328 INFO [main] org.apache.catalina.startup.HostConfig.deployDirectory Deployment of web application directory [C:\Users\user\Documents\apache-tomcat-9.0.80\webapps\docs] has finished in [184] ms
10-Sep-2023 23:24:42.329 INFO [main] org.apache.catalina.startup.HostConfig.deployDirectory Diretório de instalação da aplicação web [C:\Users\user\Documents\apache-tomcat-9.0.80\webapps\examples]
10-Sep-2023 23:24:44.683 INFO [main] org.apache.catalina.startup.HostConfig.deployDirectory Deployment of web application directory [C:\Users\user\Documents\apache-tomcat-9.0.80\webapps\examples] has finished in [2.354] ms
10-Sep-2023 23:24:44.684 INFO [main] org.apache.catalina.startup.HostConfig.deployDirectory Diretório de instalação da aplicação web [C:\Users\user\Documents\apache-tomcat-9.0.80\webapps\host-manager]
10-Sep-2023 23:24:44.823 INFO [main] org.apache.catalina.startup.HostConfig.deployDirectory Deployment of web application directory [C:\Users\user\Documents\apache-tomcat-9.0.80\webapps\host-manager] has finished in [139] ms
10-Sep-2023 23:24:44.824 INFO [main] org.apache.catalina.startup.HostConfig.deployDirectory Diretório de instalação da aplicação web [C:\Users\user\Documents\apache-tomcat-9.0.80\webapps\manager]
10-Sep-2023 23:24:45.004 INFO [main] org.apache.catalina.startup.HostConfig.deployDirectory Deployment of web application directory [C:\Users\user\Documents\apache-tomcat-9.0.80\webapps\manager] has finished in [181] ms
10-Sep-2023 23:24:45.005 INFO [main] org.apache.catalina.startup.HostConfig.deployDirectory Diretório de instalação da aplicação web [C:\Users\user\Documents\apache-tomcat-9.0.80\webapps\ROOT]
10-Sep-2023 23:24:45.493 INFO [main] org.apache.catalina.startup.HostConfig.deployDirectory Deployment of web application directory [C:\Users\user\Documents\apache-tomcat-9.0.80\webapps\ROOT] has finished in [488] ms
10-Sep-2023 23:24:45.504 INFO [main] org.apache.coyote.AbstractProtocol.start Starting ProtocolHandler ["http-nio-8080"]
10-Sep-2023 23:24:45.660 INFO [main] org.apache.catalina.startup.Catalina.start Server startup in [6123] milliseconds
10-Sep-2023 23:24:48.562 INFO [http-nio-8080-exec-10] org.apache.catalina.core.StandardContext.reload Reloading Context with name [/smdecommerce] has started
10-Sep-2023 23:24:49.109 INFO [http-nio-8080-exec-10] org.apache.jasper.servlet.TldScanner.scanJars At least one JAR was scanned for TLDs yet contained no TLDs. Enable debug logging for this logger for a complete list of JARs that were scanned but no TLDs were found in them. Skipping unneeded JARs during scanning can improve startup time and JSP compilation time.
10-Sep-2023 23:24:49.118 INFO [http-nio-8080-exec-10] org.apache.catalina.core.StandardContext.reload Reloading Context with name [/smdecommerce] is completed
10-Sep-2023 23:29:31.002 INFO [main] org.apache.catalina.core.StandardServer.await A valid shutdown command was received via the shutdown port. Stopping the Server instance.
10-Sep-2023 23:29:31.003 INFO [main] org.apache.coyote.AbstractProtocol.pause Pausing ProtocolHandler ["http-nio-8080"]
10-Sep-2023 23:29:31.058 INFO [main] org.apache.catalina.core.StandardService.stopInternal Stopping service [Catalina]
10-Sep-2023 23:29:31.117 INFO [main] org.apache.coyote.AbstractProtocol.stop Stopping ProtocolHandler ["http-nio-8080"]
10-Sep-2023 23:29:31.131 INFO [main] org.apache.coyote.AbstractProtocol.destroy Destroying ProtocolHandler ["http-nio-8080"]
