21-Sep-2023 22:48:52.044 INFO [main] org.apache.catalina.startup.VersionLoggerListener.log Server version name:   Apache Tomcat/9.0.80
21-Sep-2023 22:48:52.075 INFO [main] org.apache.catalina.startup.VersionLoggerListener.log Server built:          Aug 23 2023 21:59:38 UTC
21-Sep-2023 22:48:52.075 INFO [main] org.apache.catalina.startup.VersionLoggerListener.log Server version number: 9.0.80.0
21-Sep-2023 22:48:52.075 INFO [main] org.apache.catalina.startup.VersionLoggerListener.log OS Name:               Windows 10
21-Sep-2023 22:48:52.075 INFO [main] org.apache.catalina.startup.VersionLoggerListener.log OS Version:            10.0
21-Sep-2023 22:48:52.075 INFO [main] org.apache.catalina.startup.VersionLoggerListener.log Architecture:          amd64
21-Sep-2023 22:48:52.075 INFO [main] org.apache.catalina.startup.VersionLoggerListener.log Java Home:             C:\Program Files\Java\jdk-20
21-Sep-2023 22:48:52.075 INFO [main] org.apache.catalina.startup.VersionLoggerListener.log JVM Version:           20.0.1+9-29
21-Sep-2023 22:48:52.075 INFO [main] org.apache.catalina.startup.VersionLoggerListener.log JVM Vendor:            Oracle Corporation
21-Sep-2023 22:48:52.075 INFO [main] org.apache.catalina.startup.VersionLoggerListener.log CATALINA_BASE:         C:\Users\user\Documents\apache-tomcat-9.0.80
21-Sep-2023 22:48:52.075 INFO [main] org.apache.catalina.startup.VersionLoggerListener.log CATALINA_HOME:         C:\Users\user\Documents\apache-tomcat-9.0.80
21-Sep-2023 22:48:52.223 INFO [main] org.apache.catalina.startup.VersionLoggerListener.log Command line argument: --add-opens=java.base/java.lang=ALL-UNNAMED
21-Sep-2023 22:48:52.223 INFO [main] org.apache.catalina.startup.VersionLoggerListener.log Command line argument: --add-opens=java.base/java.io=ALL-UNNAMED
21-Sep-2023 22:48:52.223 INFO [main] org.apache.catalina.startup.VersionLoggerListener.log Command line argument: --add-opens=java.base/java.util=ALL-UNNAMED
21-Sep-2023 22:48:52.223 INFO [main] org.apache.catalina.startup.VersionLoggerListener.log Command line argument: --add-opens=java.base/java.util.concurrent=ALL-UNNAMED
21-Sep-2023 22:48:52.223 INFO [main] org.apache.catalina.startup.VersionLoggerListener.log Command line argument: --add-opens=java.rmi/sun.rmi.transport=ALL-UNNAMED
21-Sep-2023 22:48:52.223 INFO [main] org.apache.catalina.startup.VersionLoggerListener.log Command line argument: -Djava.util.logging.config.file=C:\Users\user\Documents\apache-tomcat-9.0.80\conf\logging.properties
21-Sep-2023 22:48:52.223 INFO [main] org.apache.catalina.startup.VersionLoggerListener.log Command line argument: -Djava.util.logging.manager=org.apache.juli.ClassLoaderLogManager
21-Sep-2023 22:48:52.223 INFO [main] org.apache.catalina.startup.VersionLoggerListener.log Command line argument: -Djdk.tls.ephemeralDHKeySize=2048
21-Sep-2023 22:48:52.223 INFO [main] org.apache.catalina.startup.VersionLoggerListener.log Command line argument: -Djava.protocol.handler.pkgs=org.apache.catalina.webresources
21-Sep-2023 22:48:52.227 INFO [main] org.apache.catalina.startup.VersionLoggerListener.log Command line argument: -Dignore.endorsed.dirs=
21-Sep-2023 22:48:52.227 INFO [main] org.apache.catalina.startup.VersionLoggerListener.log Command line argument: -Dcatalina.base=C:\Users\user\Documents\apache-tomcat-9.0.80
21-Sep-2023 22:48:52.227 INFO [main] org.apache.catalina.startup.VersionLoggerListener.log Command line argument: -Dcatalina.home=C:\Users\user\Documents\apache-tomcat-9.0.80
21-Sep-2023 22:48:52.227 INFO [main] org.apache.catalina.startup.VersionLoggerListener.log Command line argument: -Djava.io.tmpdir=C:\Users\user\Documents\apache-tomcat-9.0.80\temp
21-Sep-2023 22:48:52.235 INFO [main] org.apache.catalina.core.AprLifecycleListener.lifecycleEvent Loaded Apache Tomcat Native library [1.2.38] using APR version [1.7.4].
21-Sep-2023 22:48:52.235 INFO [main] org.apache.catalina.core.AprLifecycleListener.lifecycleEvent APR capabilities: IPv6 [true], sendfile [true], accept filters [false], random [true], UDS [true].
21-Sep-2023 22:48:52.235 INFO [main] org.apache.catalina.core.AprLifecycleListener.lifecycleEvent APR/OpenSSL configuration: useAprConnector [false], useOpenSSL [true]
21-Sep-2023 22:48:52.249 INFO [main] org.apache.catalina.core.AprLifecycleListener.initializeSSL OpenSSL successfully initialized [OpenSSL 1.1.1v  1 Aug 2023]
21-Sep-2023 22:48:53.310 INFO [main] org.apache.coyote.AbstractProtocol.init Initializing ProtocolHandler ["http-nio-8080"]
21-Sep-2023 22:48:53.422 INFO [main] org.apache.catalina.startup.Catalina.load Server initialization in [1929] milliseconds
21-Sep-2023 22:48:53.557 INFO [main] org.apache.catalina.core.StandardService.startInternal Starting service [Catalina]
21-Sep-2023 22:48:53.557 INFO [main] org.apache.catalina.core.StandardEngine.startInternal Starting Servlet engine: [Apache Tomcat/9.0.80]
21-Sep-2023 22:48:53.581 INFO [main] org.apache.catalina.startup.HostConfig.deployDescriptor Deploying deployment descriptor [C:\Users\user\Documents\apache-tomcat-9.0.80\conf\Catalina\localhost\smdecommerce.xml]
21-Sep-2023 22:48:53.612 WARNING [main] org.apache.catalina.startup.HostConfig.deployDescriptor The path attribute with value [/smdecommerce] in deployment descriptor [C:\Users\user\Documents\apache-tomcat-9.0.80\conf\Catalina\localhost\smdecommerce.xml] has been ignored
21-Sep-2023 22:48:55.548 INFO [main] org.apache.jasper.servlet.TldScanner.scanJars At least one JAR was scanned for TLDs yet contained no TLDs. Enable debug logging for this logger for a complete list of JARs that were scanned but no TLDs were found in them. Skipping unneeded JARs during scanning can improve startup time and JSP compilation time.
21-Sep-2023 22:48:55.789 INFO [main] org.apache.catalina.startup.HostConfig.deployDescriptor Deployment of deployment descriptor [C:\Users\user\Documents\apache-tomcat-9.0.80\conf\Catalina\localhost\smdecommerce.xml] has finished in [2.200] ms
21-Sep-2023 22:48:55.791 INFO [main] org.apache.catalina.startup.HostConfig.deployDirectory Diretório de instalação da aplicação web [C:\Users\user\Documents\apache-tomcat-9.0.80\webapps\docs]
21-Sep-2023 22:48:55.936 INFO [main] org.apache.catalina.startup.HostConfig.deployDirectory Deployment of web application directory [C:\Users\user\Documents\apache-tomcat-9.0.80\webapps\docs] has finished in [145] ms
21-Sep-2023 22:48:55.937 INFO [main] org.apache.catalina.startup.HostConfig.deployDirectory Diretório de instalação da aplicação web [C:\Users\user\Documents\apache-tomcat-9.0.80\webapps\examples]
21-Sep-2023 22:48:57.801 INFO [main] org.apache.catalina.startup.HostConfig.deployDirectory Deployment of web application directory [C:\Users\user\Documents\apache-tomcat-9.0.80\webapps\examples] has finished in [1.863] ms
21-Sep-2023 22:48:57.802 INFO [main] org.apache.catalina.startup.HostConfig.deployDirectory Diretório de instalação da aplicação web [C:\Users\user\Documents\apache-tomcat-9.0.80\webapps\host-manager]
21-Sep-2023 22:48:58.186 INFO [main] org.apache.catalina.startup.HostConfig.deployDirectory Deployment of web application directory [C:\Users\user\Documents\apache-tomcat-9.0.80\webapps\host-manager] has finished in [385] ms
21-Sep-2023 22:48:58.187 INFO [main] org.apache.catalina.startup.HostConfig.deployDirectory Diretório de instalação da aplicação web [C:\Users\user\Documents\apache-tomcat-9.0.80\webapps\manager]
21-Sep-2023 22:48:58.439 INFO [main] org.apache.catalina.startup.HostConfig.deployDirectory Deployment of web application directory [C:\Users\user\Documents\apache-tomcat-9.0.80\webapps\manager] has finished in [252] ms
21-Sep-2023 22:48:58.439 INFO [main] org.apache.catalina.startup.HostConfig.deployDirectory Diretório de instalação da aplicação web [C:\Users\user\Documents\apache-tomcat-9.0.80\webapps\ROOT]
21-Sep-2023 22:48:58.598 INFO [main] org.apache.catalina.startup.HostConfig.deployDirectory Deployment of web application directory [C:\Users\user\Documents\apache-tomcat-9.0.80\webapps\ROOT] has finished in [155] ms
21-Sep-2023 22:48:58.629 INFO [main] org.apache.coyote.AbstractProtocol.start Starting ProtocolHandler ["http-nio-8080"]
21-Sep-2023 22:48:58.909 INFO [main] org.apache.catalina.startup.Catalina.start Server startup in [5476] milliseconds
