27-Sep-2023 23:56:32.729 INFO [main] org.apache.catalina.startup.VersionLoggerListener.log Server version name:   Apache Tomcat/9.0.80
27-Sep-2023 23:56:32.879 INFO [main] org.apache.catalina.startup.VersionLoggerListener.log Server built:          Aug 23 2023 21:59:38 UTC
27-Sep-2023 23:56:32.879 INFO [main] org.apache.catalina.startup.VersionLoggerListener.log Server version number: 9.0.80.0
27-Sep-2023 23:56:32.880 INFO [main] org.apache.catalina.startup.VersionLoggerListener.log OS Name:               Windows 10
27-Sep-2023 23:56:32.880 INFO [main] org.apache.catalina.startup.VersionLoggerListener.log OS Version:            10.0
27-Sep-2023 23:56:32.880 INFO [main] org.apache.catalina.startup.VersionLoggerListener.log Architecture:          amd64
27-Sep-2023 23:56:32.880 INFO [main] org.apache.catalina.startup.VersionLoggerListener.log Java Home:             C:\Program Files\Java\jdk-20
27-Sep-2023 23:56:32.880 INFO [main] org.apache.catalina.startup.VersionLoggerListener.log JVM Version:           20.0.1+9-29
27-Sep-2023 23:56:32.880 INFO [main] org.apache.catalina.startup.VersionLoggerListener.log JVM Vendor:            Oracle Corporation
27-Sep-2023 23:56:32.880 INFO [main] org.apache.catalina.startup.VersionLoggerListener.log CATALINA_BASE:         C:\Users\user\Documents\apache-tomcat-9.0.80
27-Sep-2023 23:56:32.880 INFO [main] org.apache.catalina.startup.VersionLoggerListener.log CATALINA_HOME:         C:\Users\user\Documents\apache-tomcat-9.0.80
27-Sep-2023 23:56:33.075 INFO [main] org.apache.catalina.startup.VersionLoggerListener.log Command line argument: --add-opens=java.base/java.lang=ALL-UNNAMED
27-Sep-2023 23:56:33.076 INFO [main] org.apache.catalina.startup.VersionLoggerListener.log Command line argument: --add-opens=java.base/java.io=ALL-UNNAMED
27-Sep-2023 23:56:33.076 INFO [main] org.apache.catalina.startup.VersionLoggerListener.log Command line argument: --add-opens=java.base/java.util=ALL-UNNAMED
27-Sep-2023 23:56:33.076 INFO [main] org.apache.catalina.startup.VersionLoggerListener.log Command line argument: --add-opens=java.base/java.util.concurrent=ALL-UNNAMED
27-Sep-2023 23:56:33.076 INFO [main] org.apache.catalina.startup.VersionLoggerListener.log Command line argument: --add-opens=java.rmi/sun.rmi.transport=ALL-UNNAMED
27-Sep-2023 23:56:33.076 INFO [main] org.apache.catalina.startup.VersionLoggerListener.log Command line argument: -Djava.util.logging.config.file=C:\Users\user\Documents\apache-tomcat-9.0.80\conf\logging.properties
27-Sep-2023 23:56:33.076 INFO [main] org.apache.catalina.startup.VersionLoggerListener.log Command line argument: -Djava.util.logging.manager=org.apache.juli.ClassLoaderLogManager
27-Sep-2023 23:56:33.077 INFO [main] org.apache.catalina.startup.VersionLoggerListener.log Command line argument: -Djdk.tls.ephemeralDHKeySize=2048
27-Sep-2023 23:56:33.078 INFO [main] org.apache.catalina.startup.VersionLoggerListener.log Command line argument: -Djava.protocol.handler.pkgs=org.apache.catalina.webresources
27-Sep-2023 23:56:33.078 INFO [main] org.apache.catalina.startup.VersionLoggerListener.log Command line argument: -Dignore.endorsed.dirs=
27-Sep-2023 23:56:33.078 INFO [main] org.apache.catalina.startup.VersionLoggerListener.log Command line argument: -Dcatalina.base=C:\Users\user\Documents\apache-tomcat-9.0.80
27-Sep-2023 23:56:33.078 INFO [main] org.apache.catalina.startup.VersionLoggerListener.log Command line argument: -Dcatalina.home=C:\Users\user\Documents\apache-tomcat-9.0.80
27-Sep-2023 23:56:33.078 INFO [main] org.apache.catalina.startup.VersionLoggerListener.log Command line argument: -Djava.io.tmpdir=C:\Users\user\Documents\apache-tomcat-9.0.80\temp
27-Sep-2023 23:56:33.282 INFO [main] org.apache.catalina.core.AprLifecycleListener.lifecycleEvent Loaded Apache Tomcat Native library [1.2.38] using APR version [1.7.4].
27-Sep-2023 23:56:33.283 INFO [main] org.apache.catalina.core.AprLifecycleListener.lifecycleEvent APR capabilities: IPv6 [true], sendfile [true], accept filters [false], random [true], UDS [true].
27-Sep-2023 23:56:33.283 INFO [main] org.apache.catalina.core.AprLifecycleListener.lifecycleEvent APR/OpenSSL configuration: useAprConnector [false], useOpenSSL [true]
27-Sep-2023 23:56:33.482 INFO [main] org.apache.catalina.core.AprLifecycleListener.initializeSSL OpenSSL successfully initialized [OpenSSL 1.1.1v  1 Aug 2023]
27-Sep-2023 23:56:36.832 INFO [main] org.apache.coyote.AbstractProtocol.init Initializing ProtocolHandler ["http-nio-8080"]
27-Sep-2023 23:56:37.042 INFO [main] org.apache.catalina.startup.Catalina.load Server initialization in [6809] milliseconds
27-Sep-2023 23:56:37.406 INFO [main] org.apache.catalina.core.StandardService.startInternal Starting service [Catalina]
27-Sep-2023 23:56:37.406 INFO [main] org.apache.catalina.core.StandardEngine.startInternal Starting Servlet engine: [Apache Tomcat/9.0.80]
27-Sep-2023 23:56:37.508 INFO [main] org.apache.catalina.startup.HostConfig.deployDescriptor Deploying deployment descriptor [C:\Users\user\Documents\apache-tomcat-9.0.80\conf\Catalina\localhost\smdecommerce.xml]
27-Sep-2023 23:56:37.605 WARNING [main] org.apache.catalina.startup.HostConfig.deployDescriptor The path attribute with value [/smdecommerce] in deployment descriptor [C:\Users\user\Documents\apache-tomcat-9.0.80\conf\Catalina\localhost\smdecommerce.xml] has been ignored
27-Sep-2023 23:56:40.134 INFO [main] org.apache.jasper.servlet.TldScanner.scanJars At least one JAR was scanned for TLDs yet contained no TLDs. Enable debug logging for this logger for a complete list of JARs that were scanned but no TLDs were found in them. Skipping unneeded JARs during scanning can improve startup time and JSP compilation time.
27-Sep-2023 23:56:40.477 WARNING [main] org.apache.catalina.util.SessionIdGeneratorBase.createSecureRandom Creation of SecureRandom instance for session ID generation using [SHA1PRNG] took [198] milliseconds.
27-Sep-2023 23:56:40.646 INFO [main] org.apache.catalina.startup.HostConfig.deployDescriptor Deployment of deployment descriptor [C:\Users\user\Documents\apache-tomcat-9.0.80\conf\Catalina\localhost\smdecommerce.xml] has finished in [3.137] ms
27-Sep-2023 23:56:40.648 INFO [main] org.apache.catalina.startup.HostConfig.deployDirectory Diretório de instalação da aplicação web [C:\Users\user\Documents\apache-tomcat-9.0.80\webapps\docs]
27-Sep-2023 23:56:40.822 INFO [main] org.apache.catalina.startup.HostConfig.deployDirectory Deployment of web application directory [C:\Users\user\Documents\apache-tomcat-9.0.80\webapps\docs] has finished in [174] ms
27-Sep-2023 23:56:40.835 INFO [main] org.apache.catalina.startup.HostConfig.deployDirectory Diretório de instalação da aplicação web [C:\Users\user\Documents\apache-tomcat-9.0.80\webapps\examples]
27-Sep-2023 23:56:44.198 INFO [main] org.apache.catalina.startup.HostConfig.deployDirectory Deployment of web application directory [C:\Users\user\Documents\apache-tomcat-9.0.80\webapps\examples] has finished in [3.363] ms
27-Sep-2023 23:56:44.214 INFO [main] org.apache.catalina.startup.HostConfig.deployDirectory Diretório de instalação da aplicação web [C:\Users\user\Documents\apache-tomcat-9.0.80\webapps\host-manager]
27-Sep-2023 23:56:44.585 INFO [main] org.apache.catalina.startup.HostConfig.deployDirectory Deployment of web application directory [C:\Users\user\Documents\apache-tomcat-9.0.80\webapps\host-manager] has finished in [370] ms
27-Sep-2023 23:56:44.586 INFO [main] org.apache.catalina.startup.HostConfig.deployDirectory Diretório de instalação da aplicação web [C:\Users\user\Documents\apache-tomcat-9.0.80\webapps\manager]
27-Sep-2023 23:56:44.837 INFO [main] org.apache.catalina.startup.HostConfig.deployDirectory Deployment of web application directory [C:\Users\user\Documents\apache-tomcat-9.0.80\webapps\manager] has finished in [251] ms
27-Sep-2023 23:56:44.840 INFO [main] org.apache.catalina.startup.HostConfig.deployDirectory Diretório de instalação da aplicação web [C:\Users\user\Documents\apache-tomcat-9.0.80\webapps\ROOT]
27-Sep-2023 23:56:44.996 INFO [main] org.apache.catalina.startup.HostConfig.deployDirectory Deployment of web application directory [C:\Users\user\Documents\apache-tomcat-9.0.80\webapps\ROOT] has finished in [157] ms
27-Sep-2023 23:56:45.005 INFO [main] org.apache.coyote.AbstractProtocol.start Starting ProtocolHandler ["http-nio-8080"]
27-Sep-2023 23:56:45.532 INFO [main] org.apache.catalina.startup.Catalina.start Server startup in [8487] milliseconds
27-Sep-2023 23:56:52.078 INFO [http-nio-8080-exec-3] org.apache.catalina.startup.HostConfig.undeploy Undeploying context [/smdecommerce]
27-Sep-2023 23:56:52.201 INFO [http-nio-8080-exec-6] org.apache.catalina.startup.HostConfig.deployDescriptor Deploying deployment descriptor [C:\Users\user\Documents\apache-tomcat-9.0.80\conf\Catalina\localhost\smdecommerce.xml]
27-Sep-2023 23:56:52.203 WARNING [http-nio-8080-exec-6] org.apache.catalina.startup.HostConfig.deployDescriptor The path attribute with value [/smdecommerce] in deployment descriptor [C:\Users\user\Documents\apache-tomcat-9.0.80\conf\Catalina\localhost\smdecommerce.xml] has been ignored
27-Sep-2023 23:56:52.773 INFO [http-nio-8080-exec-6] org.apache.jasper.servlet.TldScanner.scanJars At least one JAR was scanned for TLDs yet contained no TLDs. Enable debug logging for this logger for a complete list of JARs that were scanned but no TLDs were found in them. Skipping unneeded JARs during scanning can improve startup time and JSP compilation time.
27-Sep-2023 23:56:52.786 INFO [http-nio-8080-exec-6] org.apache.catalina.startup.HostConfig.deployDescriptor Deployment of deployment descriptor [C:\Users\user\Documents\apache-tomcat-9.0.80\conf\Catalina\localhost\smdecommerce.xml] has finished in [585] ms
27-Sep-2023 23:56:52.792 INFO [http-nio-8080-exec-9] org.apache.catalina.util.LifecycleBase.start The start() method was called on component [StandardEngine[Catalina].StandardHost[localhost].StandardContext[/smdecommerce]] after start() had already been called. The second call will be ignored.
